[0.021s] Invoking command in '/home/kasinath/colcon_ws/build/ur5_control': CMAKE_PREFIX_PATH=${CMAKE_PREFIX_PATH}:/opt/ros/humble /usr/bin/cmake --build /home/kasinath/colcon_ws/build/ur5_control -- -j4 -l4
[0.151s] -- Found ament_cmake: 1.3.11 (/opt/ros/humble/share/ament_cmake/cmake)
[0.323s] -- Found rclpy: 3.3.16 (/opt/ros/humble/share/rclpy/cmake)
[0.324s] -- Found ament_lint_auto: 0.12.12 (/opt/ros/humble/share/ament_lint_auto/cmake)
[0.400s] -- Added test 'flake8' to check Python code syntax and style conventions
[0.400s] -- Added test 'lint_cmake' to check CMake code style
[0.401s] -- Added test 'pep257' to check Python code against some of the docstring style conventions in PEP 257
[0.402s] -- Added test 'xmllint' to check XML markup files
[0.404s] -- Configuring done
[0.413s] -- Generating done
[0.416s] -- Build files have been written to: /home/kasinath/colcon_ws/build/ur5_control
[0.436s] Invoked command in '/home/kasinath/colcon_ws/build/ur5_control' returned '0': CMAKE_PREFIX_PATH=${CMAKE_PREFIX_PATH}:/opt/ros/humble /usr/bin/cmake --build /home/kasinath/colcon_ws/build/ur5_control -- -j4 -l4
[0.444s] Invoking command in '/home/kasinath/colcon_ws/build/ur5_control': CMAKE_PREFIX_PATH=${CMAKE_PREFIX_PATH}:/opt/ros/humble /usr/bin/cmake --install /home/kasinath/colcon_ws/build/ur5_control
[0.451s] -- Install configuration: ""
[0.451s] -- Up-to-date: /home/kasinath/colcon_ws/install/ur5_control/lib/ur5_control/task1b_boiler_plate.py
[0.451s] -- Up-to-date: /home/kasinath/colcon_ws/install/ur5_control/lib/ur5_control/bonus_task2_boiler_plate.py
[0.451s] -- Up-to-date: /home/kasinath/colcon_ws/install/ur5_control/lib/ur5_control/task2b_detection.py
[0.452s] -- Up-to-date: /home/kasinath/colcon_ws/install/ur5_control/lib/ur5_control/task2b_manipulation.py
[0.452s] -- Up-to-date: /home/kasinath/colcon_ws/install/ur5_control/lib/ur5_control/g_back.py
[0.452s] -- Up-to-date: /home/kasinath/colcon_ws/install/ur5_control/lib/ur5_control/task3a_perception.py
[0.452s] -- Installing: /home/kasinath/colcon_ws/install/ur5_control/lib/ur5_control/perception.py
[0.452s] -- Installing: /home/kasinath/colcon_ws/install/ur5_control/lib/ur5_control/backup.py
[0.452s] -- Up-to-date: /home/kasinath/colcon_ws/install/ur5_control/share/ament_index/resource_index/package_run_dependencies/ur5_control
[0.452s] -- Up-to-date: /home/kasinath/colcon_ws/install/ur5_control/share/ament_index/resource_index/parent_prefix_path/ur5_control
[0.452s] -- Up-to-date: /home/kasinath/colcon_ws/install/ur5_control/share/ur5_control/environment/ament_prefix_path.sh
[0.452s] -- Installing: /home/kasinath/colcon_ws/install/ur5_control/share/ur5_control/environment/ament_prefix_path.dsv
[0.452s] -- Up-to-date: /home/kasinath/colcon_ws/install/ur5_control/share/ur5_control/environment/path.sh
[0.452s] -- Installing: /home/kasinath/colcon_ws/install/ur5_control/share/ur5_control/environment/path.dsv
[0.453s] -- Up-to-date: /home/kasinath/colcon_ws/install/ur5_control/share/ur5_control/local_setup.bash
[0.453s] -- Up-to-date: /home/kasinath/colcon_ws/install/ur5_control/share/ur5_control/local_setup.sh
[0.453s] -- Up-to-date: /home/kasinath/colcon_ws/install/ur5_control/share/ur5_control/local_setup.zsh
[0.453s] -- Installing: /home/kasinath/colcon_ws/install/ur5_control/share/ur5_control/local_setup.dsv
[0.453s] -- Installing: /home/kasinath/colcon_ws/install/ur5_control/share/ur5_control/package.dsv
[0.453s] -- Up-to-date: /home/kasinath/colcon_ws/install/ur5_control/share/ament_index/resource_index/packages/ur5_control
[0.453s] -- Up-to-date: /home/kasinath/colcon_ws/install/ur5_control/share/ur5_control/cmake/ur5_controlConfig.cmake
[0.453s] -- Up-to-date: /home/kasinath/colcon_ws/install/ur5_control/share/ur5_control/cmake/ur5_controlConfig-version.cmake
[0.453s] -- Up-to-date: /home/kasinath/colcon_ws/install/ur5_control/share/ur5_control/package.xml
[0.455s] Invoked command in '/home/kasinath/colcon_ws/build/ur5_control' returned '0': CMAKE_PREFIX_PATH=${CMAKE_PREFIX_PATH}:/opt/ros/humble /usr/bin/cmake --install /home/kasinath/colcon_ws/build/ur5_control
