[1.771s] DEBUG:colcon:Command line arguments: ['/usr/bin/colcon', 'build']
[1.772s] DEBUG:colcon:Parsed command line arguments: Namespace(log_base=None, log_level=None, verb_name='build', build_base='build', install_base='install', merge_install=False, symlink_install=False, test_result_base=None, continue_on_error=False, executor='parallel', parallel_workers=4, event_handlers=None, ignore_user_meta=False, metas=['./colcon.meta'], base_paths=['.'], packages_ignore=None, packages_ignore_regex=None, paths=None, packages_up_to=None, packages_up_to_regex=None, packages_above=None, packages_above_and_dependencies=None, packages_above_depth=None, packages_select_by_dep=None, packages_skip_by_dep=None, packages_skip_up_to=None, packages_select_build_failed=False, packages_skip_build_finished=False, packages_select_test_failures=False, packages_skip_test_passed=False, packages_select=None, packages_skip=None, packages_select_regex=None, packages_skip_regex=None, packages_start=None, packages_end=None, allow_overriding=[], bazel_args=None, bazel_task=None, cmake_args=None, cmake_target=None, cmake_target_skip_unavailable=False, cmake_clean_cache=False, cmake_clean_first=False, cmake_force_configure=False, meson_args=[], ament_cmake_args=None, catkin_cmake_args=None, catkin_skip_building_tests=False, mixin_files=None, mixin=None, verb_parser=<colcon_alias.argument_parser.alias.AliasArgumentDecorator object at 0x7f2c06b4a0e0>, verb_extension=<colcon_core.verb.build.BuildVerb object at 0x7f2c06b49030>, main=<bound method BuildVerb.main of <colcon_core.verb.build.BuildVerb object at 0x7f2c06b49030>>, mixin_verb=('build',))
[1.917s] Level 1:colcon.colcon_core.package_discovery:discover_packages(colcon_meta) check parameters
[1.917s] Level 1:colcon.colcon_core.package_discovery:discover_packages(recursive) check parameters
[1.917s] Level 1:colcon.colcon_core.package_discovery:discover_packages(ignore) check parameters
[1.917s] Level 1:colcon.colcon_core.package_discovery:discover_packages(path) check parameters
[1.917s] Level 1:colcon.colcon_core.package_discovery:discover_packages(colcon_meta) discover
[1.917s] Level 1:colcon.colcon_core.package_discovery:discover_packages(recursive) discover
[1.917s] INFO:colcon.colcon_core.package_discovery:Crawling recursively for packages in '/home/kasinath/colcon_ws'
[1.917s] Level 1:colcon.colcon_core.package_identification:_identify(.) by extensions ['ignore', 'ignore_ament_install']
[1.917s] Level 1:colcon.colcon_core.package_identification:_identify(.) by extension 'ignore'
[1.917s] Level 1:colcon.colcon_core.package_identification:_identify(.) by extension 'ignore_ament_install'
[1.918s] Level 1:colcon.colcon_core.package_identification:_identify(.) by extensions ['colcon_pkg']
[1.918s] Level 1:colcon.colcon_core.package_identification:_identify(.) by extension 'colcon_pkg'
[1.918s] Level 1:colcon.colcon_core.package_identification:_identify(.) by extensions ['colcon_meta']
[1.918s] Level 1:colcon.colcon_core.package_identification:_identify(.) by extension 'colcon_meta'
[1.918s] Level 1:colcon.colcon_core.package_identification:_identify(.) by extensions ['ros']
[1.918s] Level 1:colcon.colcon_core.package_identification:_identify(.) by extension 'ros'
[1.929s] Level 1:colcon.colcon_core.package_identification:_identify(.) by extensions ['bazel', 'cmake', 'meson', 'python']
[1.929s] Level 1:colcon.colcon_core.package_identification:_identify(.) by extension 'bazel'
[1.929s] Level 1:colcon.colcon_core.package_identification:_identify(.) by extension 'cmake'
[1.929s] Level 1:colcon.colcon_core.package_identification:_identify(.) by extension 'meson'
[1.929s] Level 1:colcon.colcon_core.package_identification:_identify(.) by extension 'python'
[1.929s] Level 1:colcon.colcon_core.package_identification:_identify(.) by extensions ['python_setup_py']
[1.929s] Level 1:colcon.colcon_core.package_identification:_identify(.) by extension 'python_setup_py'
[1.929s] Level 1:colcon.colcon_core.package_identification:_identify(build) by extensions ['ignore', 'ignore_ament_install']
[1.929s] Level 1:colcon.colcon_core.package_identification:_identify(build) by extension 'ignore'
[1.930s] Level 1:colcon.colcon_core.package_identification:_identify(build) ignored
[1.930s] Level 1:colcon.colcon_core.package_identification:_identify(install) by extensions ['ignore', 'ignore_ament_install']
[1.930s] Level 1:colcon.colcon_core.package_identification:_identify(install) by extension 'ignore'
[1.930s] Level 1:colcon.colcon_core.package_identification:_identify(install) ignored
[1.930s] Level 1:colcon.colcon_core.package_identification:_identify(log) by extensions ['ignore', 'ignore_ament_install']
[1.930s] Level 1:colcon.colcon_core.package_identification:_identify(log) by extension 'ignore'
[1.930s] Level 1:colcon.colcon_core.package_identification:_identify(log) ignored
[1.930s] Level 1:colcon.colcon_core.package_identification:_identify(src) by extensions ['ignore', 'ignore_ament_install']
[1.930s] Level 1:colcon.colcon_core.package_identification:_identify(src) by extension 'ignore'
[1.930s] Level 1:colcon.colcon_core.package_identification:_identify(src) by extension 'ignore_ament_install'
[1.930s] Level 1:colcon.colcon_core.package_identification:_identify(src) by extensions ['colcon_pkg']
[1.930s] Level 1:colcon.colcon_core.package_identification:_identify(src) by extension 'colcon_pkg'
[1.930s] Level 1:colcon.colcon_core.package_identification:_identify(src) by extensions ['colcon_meta']
[1.930s] Level 1:colcon.colcon_core.package_identification:_identify(src) by extension 'colcon_meta'
[1.930s] Level 1:colcon.colcon_core.package_identification:_identify(src) by extensions ['ros']
[1.930s] Level 1:colcon.colcon_core.package_identification:_identify(src) by extension 'ros'
[1.930s] Level 1:colcon.colcon_core.package_identification:_identify(src) by extensions ['bazel', 'cmake', 'meson', 'python']
[1.930s] Level 1:colcon.colcon_core.package_identification:_identify(src) by extension 'bazel'
[1.930s] Level 1:colcon.colcon_core.package_identification:_identify(src) by extension 'cmake'
[1.931s] Level 1:colcon.colcon_core.package_identification:_identify(src) by extension 'meson'
[1.931s] Level 1:colcon.colcon_core.package_identification:_identify(src) by extension 'python'
[1.931s] Level 1:colcon.colcon_core.package_identification:_identify(src) by extensions ['python_setup_py']
[1.931s] Level 1:colcon.colcon_core.package_identification:_identify(src) by extension 'python_setup_py'
[1.931s] Level 1:colcon.colcon_core.package_identification:_identify(src/ebot_description) by extensions ['ignore', 'ignore_ament_install']
[1.931s] Level 1:colcon.colcon_core.package_identification:_identify(src/ebot_description) by extension 'ignore'
[1.931s] Level 1:colcon.colcon_core.package_identification:_identify(src/ebot_description) by extension 'ignore_ament_install'
[1.931s] Level 1:colcon.colcon_core.package_identification:_identify(src/ebot_description) by extensions ['colcon_pkg']
[1.931s] Level 1:colcon.colcon_core.package_identification:_identify(src/ebot_description) by extension 'colcon_pkg'
[1.931s] Level 1:colcon.colcon_core.package_identification:_identify(src/ebot_description) by extensions ['colcon_meta']
[1.931s] Level 1:colcon.colcon_core.package_identification:_identify(src/ebot_description) by extension 'colcon_meta'
[1.931s] Level 1:colcon.colcon_core.package_identification:_identify(src/ebot_description) by extensions ['ros']
[1.931s] Level 1:colcon.colcon_core.package_identification:_identify(src/ebot_description) by extension 'ros'
[1.937s] DEBUG:colcon.colcon_core.package_identification:Package 'src/ebot_description' with type 'ros.ament_cmake' and name 'ebot_description'
[1.937s] Level 1:colcon.colcon_core.package_identification:_identify(src/eyantra_warehouse) by extensions ['ignore', 'ignore_ament_install']
[1.937s] Level 1:colcon.colcon_core.package_identification:_identify(src/eyantra_warehouse) by extension 'ignore'
[1.937s] Level 1:colcon.colcon_core.package_identification:_identify(src/eyantra_warehouse) by extension 'ignore_ament_install'
[1.937s] Level 1:colcon.colcon_core.package_identification:_identify(src/eyantra_warehouse) by extensions ['colcon_pkg']
[1.937s] Level 1:colcon.colcon_core.package_identification:_identify(src/eyantra_warehouse) by extension 'colcon_pkg'
[1.937s] Level 1:colcon.colcon_core.package_identification:_identify(src/eyantra_warehouse) by extensions ['colcon_meta']
[1.937s] Level 1:colcon.colcon_core.package_identification:_identify(src/eyantra_warehouse) by extension 'colcon_meta'
[1.937s] Level 1:colcon.colcon_core.package_identification:_identify(src/eyantra_warehouse) by extensions ['ros']
[1.937s] Level 1:colcon.colcon_core.package_identification:_identify(src/eyantra_warehouse) by extension 'ros'
[1.938s] DEBUG:colcon.colcon_core.package_identification:Package 'src/eyantra_warehouse' with type 'ros.ament_cmake' and name 'eyantra_warehouse'
[1.938s] Level 1:colcon.colcon_core.package_identification:_identify(src/linkattacher_msgs) by extensions ['ignore', 'ignore_ament_install']
[1.938s] Level 1:colcon.colcon_core.package_identification:_identify(src/linkattacher_msgs) by extension 'ignore'
[1.938s] Level 1:colcon.colcon_core.package_identification:_identify(src/linkattacher_msgs) by extension 'ignore_ament_install'
[1.938s] Level 1:colcon.colcon_core.package_identification:_identify(src/linkattacher_msgs) by extensions ['colcon_pkg']
[1.938s] Level 1:colcon.colcon_core.package_identification:_identify(src/linkattacher_msgs) by extension 'colcon_pkg'
[1.938s] Level 1:colcon.colcon_core.package_identification:_identify(src/linkattacher_msgs) by extensions ['colcon_meta']
[1.938s] Level 1:colcon.colcon_core.package_identification:_identify(src/linkattacher_msgs) by extension 'colcon_meta'
[1.938s] Level 1:colcon.colcon_core.package_identification:_identify(src/linkattacher_msgs) by extensions ['ros']
[1.938s] Level 1:colcon.colcon_core.package_identification:_identify(src/linkattacher_msgs) by extension 'ros'
[1.938s] DEBUG:colcon.colcon_core.package_identification:Package 'src/linkattacher_msgs' with type 'ros.ament_cmake' and name 'linkattacher_msgs'
[1.938s] Level 1:colcon.colcon_core.package_identification:_identify(src/ur5_control) by extensions ['ignore', 'ignore_ament_install']
[1.939s] Level 1:colcon.colcon_core.package_identification:_identify(src/ur5_control) by extension 'ignore'
[1.939s] Level 1:colcon.colcon_core.package_identification:_identify(src/ur5_control) by extension 'ignore_ament_install'
[1.939s] Level 1:colcon.colcon_core.package_identification:_identify(src/ur5_control) by extensions ['colcon_pkg']
[1.939s] Level 1:colcon.colcon_core.package_identification:_identify(src/ur5_control) by extension 'colcon_pkg'
[1.939s] Level 1:colcon.colcon_core.package_identification:_identify(src/ur5_control) by extensions ['colcon_meta']
[1.939s] Level 1:colcon.colcon_core.package_identification:_identify(src/ur5_control) by extension 'colcon_meta'
[1.939s] Level 1:colcon.colcon_core.package_identification:_identify(src/ur5_control) by extensions ['ros']
[1.939s] Level 1:colcon.colcon_core.package_identification:_identify(src/ur5_control) by extension 'ros'
[1.939s] DEBUG:colcon.colcon_core.package_identification:Package 'src/ur5_control' with type 'ros.ament_cmake' and name 'ur5_control'
[1.939s] Level 1:colcon.colcon_core.package_identification:_identify(src/ur_description) by extensions ['ignore', 'ignore_ament_install']
[1.939s] Level 1:colcon.colcon_core.package_identification:_identify(src/ur_description) by extension 'ignore'
[1.939s] Level 1:colcon.colcon_core.package_identification:_identify(src/ur_description) by extension 'ignore_ament_install'
[1.939s] Level 1:colcon.colcon_core.package_identification:_identify(src/ur_description) by extensions ['colcon_pkg']
[1.940s] Level 1:colcon.colcon_core.package_identification:_identify(src/ur_description) by extension 'colcon_pkg'
[1.940s] Level 1:colcon.colcon_core.package_identification:_identify(src/ur_description) by extensions ['colcon_meta']
[1.940s] Level 1:colcon.colcon_core.package_identification:_identify(src/ur_description) by extension 'colcon_meta'
[1.940s] Level 1:colcon.colcon_core.package_identification:_identify(src/ur_description) by extensions ['ros']
[1.940s] Level 1:colcon.colcon_core.package_identification:_identify(src/ur_description) by extension 'ros'
[1.940s] DEBUG:colcon.colcon_core.package_identification:Package 'src/ur_description' with type 'ros.ament_cmake' and name 'ur_description'
[1.940s] Level 1:colcon.colcon_core.package_identification:_identify(src/ur_simulation_gz) by extensions ['ignore', 'ignore_ament_install']
[1.941s] Level 1:colcon.colcon_core.package_identification:_identify(src/ur_simulation_gz) by extension 'ignore'
[1.941s] Level 1:colcon.colcon_core.package_identification:_identify(src/ur_simulation_gz) by extension 'ignore_ament_install'
[1.941s] Level 1:colcon.colcon_core.package_identification:_identify(src/ur_simulation_gz) by extensions ['colcon_pkg']
[1.941s] Level 1:colcon.colcon_core.package_identification:_identify(src/ur_simulation_gz) by extension 'colcon_pkg'
[1.941s] Level 1:colcon.colcon_core.package_identification:_identify(src/ur_simulation_gz) by extensions ['colcon_meta']
[1.941s] Level 1:colcon.colcon_core.package_identification:_identify(src/ur_simulation_gz) by extension 'colcon_meta'
[1.941s] Level 1:colcon.colcon_core.package_identification:_identify(src/ur_simulation_gz) by extensions ['ros']
[1.941s] Level 1:colcon.colcon_core.package_identification:_identify(src/ur_simulation_gz) by extension 'ros'
[1.941s] DEBUG:colcon.colcon_core.package_identification:Package 'src/ur_simulation_gz' with type 'ros.ament_cmake' and name 'ur_simulation_gz'
[1.941s] Level 1:colcon.colcon_core.package_discovery:discover_packages(recursive) using defaults
[1.941s] Level 1:colcon.colcon_core.package_discovery:discover_packages(ignore) discover
[1.942s] Level 1:colcon.colcon_core.package_discovery:discover_packages(ignore) using defaults
[1.942s] Level 1:colcon.colcon_core.package_discovery:discover_packages(path) discover
[1.942s] Level 1:colcon.colcon_core.package_discovery:discover_packages(path) using defaults
[1.989s] Level 1:colcon.colcon_core.package_discovery:discover_packages(prefix_path) check parameters
[1.989s] Level 1:colcon.colcon_core.package_discovery:discover_packages(prefix_path) discover
[1.997s] DEBUG:colcon.colcon_installed_package_information.package_discovery:Found 477 installed packages in /opt/ros/humble
[2.000s] Level 1:colcon.colcon_core.package_discovery:discover_packages(prefix_path) using defaults
[2.985s] Level 5:colcon.colcon_core.verb:set package 'ebot_description' build argument 'bazel_args' from command line to 'None'
[2.985s] Level 5:colcon.colcon_core.verb:set package 'ebot_description' build argument 'bazel_task' from command line to 'None'
[2.985s] Level 5:colcon.colcon_core.verb:set package 'ebot_description' build argument 'cmake_args' from command line to 'None'
[2.985s] Level 5:colcon.colcon_core.verb:set package 'ebot_description' build argument 'cmake_target' from command line to 'None'
[2.985s] Level 5:colcon.colcon_core.verb:set package 'ebot_description' build argument 'cmake_target_skip_unavailable' from command line to 'False'
[2.985s] Level 5:colcon.colcon_core.verb:set package 'ebot_description' build argument 'cmake_clean_cache' from command line to 'False'
[2.985s] Level 5:colcon.colcon_core.verb:set package 'ebot_description' build argument 'cmake_clean_first' from command line to 'False'
[2.985s] Level 5:colcon.colcon_core.verb:set package 'ebot_description' build argument 'cmake_force_configure' from command line to 'False'
[2.985s] Level 5:colcon.colcon_core.verb:set package 'ebot_description' build argument 'meson_args' from command line to '[]'
[2.985s] Level 5:colcon.colcon_core.verb:set package 'ebot_description' build argument 'ament_cmake_args' from command line to 'None'
[2.985s] Level 5:colcon.colcon_core.verb:set package 'ebot_description' build argument 'catkin_cmake_args' from command line to 'None'
[2.985s] Level 5:colcon.colcon_core.verb:set package 'ebot_description' build argument 'catkin_skip_building_tests' from command line to 'False'
[2.985s] DEBUG:colcon.colcon_core.verb:Building package 'ebot_description' with the following arguments: {'ament_cmake_args': None, 'bazel_args': None, 'bazel_task': None, 'build_base': '/home/kasinath/colcon_ws/build/ebot_description', 'catkin_cmake_args': None, 'catkin_skip_building_tests': False, 'cmake_args': None, 'cmake_clean_cache': False, 'cmake_clean_first': False, 'cmake_force_configure': False, 'cmake_target': None, 'cmake_target_skip_unavailable': False, 'install_base': '/home/kasinath/colcon_ws/install/ebot_description', 'merge_install': False, 'meson_args': [], 'path': '/home/kasinath/colcon_ws/src/ebot_description', 'symlink_install': False, 'test_result_base': None}
[2.996s] Level 5:colcon.colcon_core.verb:set package 'eyantra_warehouse' build argument 'bazel_args' from command line to 'None'
[2.996s] Level 5:colcon.colcon_core.verb:set package 'eyantra_warehouse' build argument 'bazel_task' from command line to 'None'
[2.996s] Level 5:colcon.colcon_core.verb:set package 'eyantra_warehouse' build argument 'cmake_args' from command line to 'None'
[2.996s] Level 5:colcon.colcon_core.verb:set package 'eyantra_warehouse' build argument 'cmake_target' from command line to 'None'
[2.996s] Level 5:colcon.colcon_core.verb:set package 'eyantra_warehouse' build argument 'cmake_target_skip_unavailable' from command line to 'False'
[2.996s] Level 5:colcon.colcon_core.verb:set package 'eyantra_warehouse' build argument 'cmake_clean_cache' from command line to 'False'
[2.996s] Level 5:colcon.colcon_core.verb:set package 'eyantra_warehouse' build argument 'cmake_clean_first' from command line to 'False'
[2.996s] Level 5:colcon.colcon_core.verb:set package 'eyantra_warehouse' build argument 'cmake_force_configure' from command line to 'False'
[2.996s] Level 5:colcon.colcon_core.verb:set package 'eyantra_warehouse' build argument 'meson_args' from command line to '[]'
[2.996s] Level 5:colcon.colcon_core.verb:set package 'eyantra_warehouse' build argument 'ament_cmake_args' from command line to 'None'
[2.996s] Level 5:colcon.colcon_core.verb:set package 'eyantra_warehouse' build argument 'catkin_cmake_args' from command line to 'None'
[2.996s] Level 5:colcon.colcon_core.verb:set package 'eyantra_warehouse' build argument 'catkin_skip_building_tests' from command line to 'False'
[2.996s] DEBUG:colcon.colcon_core.verb:Building package 'eyantra_warehouse' with the following arguments: {'ament_cmake_args': None, 'bazel_args': None, 'bazel_task': None, 'build_base': '/home/kasinath/colcon_ws/build/eyantra_warehouse', 'catkin_cmake_args': None, 'catkin_skip_building_tests': False, 'cmake_args': None, 'cmake_clean_cache': False, 'cmake_clean_first': False, 'cmake_force_configure': False, 'cmake_target': None, 'cmake_target_skip_unavailable': False, 'install_base': '/home/kasinath/colcon_ws/install/eyantra_warehouse', 'merge_install': False, 'meson_args': [], 'path': '/home/kasinath/colcon_ws/src/eyantra_warehouse', 'symlink_install': False, 'test_result_base': None}
[3.006s] Level 5:colcon.colcon_core.verb:set package 'linkattacher_msgs' build argument 'bazel_args' from command line to 'None'
[3.006s] Level 5:colcon.colcon_core.verb:set package 'linkattacher_msgs' build argument 'bazel_task' from command line to 'None'
[3.006s] Level 5:colcon.colcon_core.verb:set package 'linkattacher_msgs' build argument 'cmake_args' from command line to 'None'
[3.006s] Level 5:colcon.colcon_core.verb:set package 'linkattacher_msgs' build argument 'cmake_target' from command line to 'None'
[3.006s] Level 5:colcon.colcon_core.verb:set package 'linkattacher_msgs' build argument 'cmake_target_skip_unavailable' from command line to 'False'
[3.006s] Level 5:colcon.colcon_core.verb:set package 'linkattacher_msgs' build argument 'cmake_clean_cache' from command line to 'False'
[3.006s] Level 5:colcon.colcon_core.verb:set package 'linkattacher_msgs' build argument 'cmake_clean_first' from command line to 'False'
[3.006s] Level 5:colcon.colcon_core.verb:set package 'linkattacher_msgs' build argument 'cmake_force_configure' from command line to 'False'
[3.006s] Level 5:colcon.colcon_core.verb:set package 'linkattacher_msgs' build argument 'meson_args' from command line to '[]'
[3.006s] Level 5:colcon.colcon_core.verb:set package 'linkattacher_msgs' build argument 'ament_cmake_args' from command line to 'None'
[3.006s] Level 5:colcon.colcon_core.verb:set package 'linkattacher_msgs' build argument 'catkin_cmake_args' from command line to 'None'
[3.006s] Level 5:colcon.colcon_core.verb:set package 'linkattacher_msgs' build argument 'catkin_skip_building_tests' from command line to 'False'
[3.006s] DEBUG:colcon.colcon_core.verb:Building package 'linkattacher_msgs' with the following arguments: {'ament_cmake_args': None, 'bazel_args': None, 'bazel_task': None, 'build_base': '/home/kasinath/colcon_ws/build/linkattacher_msgs', 'catkin_cmake_args': None, 'catkin_skip_building_tests': False, 'cmake_args': None, 'cmake_clean_cache': False, 'cmake_clean_first': False, 'cmake_force_configure': False, 'cmake_target': None, 'cmake_target_skip_unavailable': False, 'install_base': '/home/kasinath/colcon_ws/install/linkattacher_msgs', 'merge_install': False, 'meson_args': [], 'path': '/home/kasinath/colcon_ws/src/linkattacher_msgs', 'symlink_install': False, 'test_result_base': None}
[3.016s] Level 5:colcon.colcon_core.verb:set package 'ur5_control' build argument 'bazel_args' from command line to 'None'
[3.016s] Level 5:colcon.colcon_core.verb:set package 'ur5_control' build argument 'bazel_task' from command line to 'None'
[3.016s] Level 5:colcon.colcon_core.verb:set package 'ur5_control' build argument 'cmake_args' from command line to 'None'
[3.017s] Level 5:colcon.colcon_core.verb:set package 'ur5_control' build argument 'cmake_target' from command line to 'None'
[3.017s] Level 5:colcon.colcon_core.verb:set package 'ur5_control' build argument 'cmake_target_skip_unavailable' from command line to 'False'
[3.017s] Level 5:colcon.colcon_core.verb:set package 'ur5_control' build argument 'cmake_clean_cache' from command line to 'False'
[3.017s] Level 5:colcon.colcon_core.verb:set package 'ur5_control' build argument 'cmake_clean_first' from command line to 'False'
[3.017s] Level 5:colcon.colcon_core.verb:set package 'ur5_control' build argument 'cmake_force_configure' from command line to 'False'
[3.017s] Level 5:colcon.colcon_core.verb:set package 'ur5_control' build argument 'meson_args' from command line to '[]'
[3.017s] Level 5:colcon.colcon_core.verb:set package 'ur5_control' build argument 'ament_cmake_args' from command line to 'None'
[3.017s] Level 5:colcon.colcon_core.verb:set package 'ur5_control' build argument 'catkin_cmake_args' from command line to 'None'
[3.017s] Level 5:colcon.colcon_core.verb:set package 'ur5_control' build argument 'catkin_skip_building_tests' from command line to 'False'
[3.017s] DEBUG:colcon.colcon_core.verb:Building package 'ur5_control' with the following arguments: {'ament_cmake_args': None, 'bazel_args': None, 'bazel_task': None, 'build_base': '/home/kasinath/colcon_ws/build/ur5_control', 'catkin_cmake_args': None, 'catkin_skip_building_tests': False, 'cmake_args': None, 'cmake_clean_cache': False, 'cmake_clean_first': False, 'cmake_force_configure': False, 'cmake_target': None, 'cmake_target_skip_unavailable': False, 'install_base': '/home/kasinath/colcon_ws/install/ur5_control', 'merge_install': False, 'meson_args': [], 'path': '/home/kasinath/colcon_ws/src/ur5_control', 'symlink_install': False, 'test_result_base': None}
[3.027s] Level 5:colcon.colcon_core.verb:set package 'ur_description' build argument 'bazel_args' from command line to 'None'
[3.027s] Level 5:colcon.colcon_core.verb:set package 'ur_description' build argument 'bazel_task' from command line to 'None'
[3.027s] Level 5:colcon.colcon_core.verb:set package 'ur_description' build argument 'cmake_args' from command line to 'None'
[3.027s] Level 5:colcon.colcon_core.verb:set package 'ur_description' build argument 'cmake_target' from command line to 'None'
[3.027s] Level 5:colcon.colcon_core.verb:set package 'ur_description' build argument 'cmake_target_skip_unavailable' from command line to 'False'
[3.027s] Level 5:colcon.colcon_core.verb:set package 'ur_description' build argument 'cmake_clean_cache' from command line to 'False'
[3.028s] Level 5:colcon.colcon_core.verb:set package 'ur_description' build argument 'cmake_clean_first' from command line to 'False'
[3.028s] Level 5:colcon.colcon_core.verb:set package 'ur_description' build argument 'cmake_force_configure' from command line to 'False'
[3.028s] Level 5:colcon.colcon_core.verb:set package 'ur_description' build argument 'meson_args' from command line to '[]'
[3.028s] Level 5:colcon.colcon_core.verb:set package 'ur_description' build argument 'ament_cmake_args' from command line to 'None'
[3.028s] Level 5:colcon.colcon_core.verb:set package 'ur_description' build argument 'catkin_cmake_args' from command line to 'None'
[3.028s] Level 5:colcon.colcon_core.verb:set package 'ur_description' build argument 'catkin_skip_building_tests' from command line to 'False'
[3.028s] DEBUG:colcon.colcon_core.verb:Building package 'ur_description' with the following arguments: {'ament_cmake_args': None, 'bazel_args': None, 'bazel_task': None, 'build_base': '/home/kasinath/colcon_ws/build/ur_description', 'catkin_cmake_args': None, 'catkin_skip_building_tests': False, 'cmake_args': None, 'cmake_clean_cache': False, 'cmake_clean_first': False, 'cmake_force_configure': False, 'cmake_target': None, 'cmake_target_skip_unavailable': False, 'install_base': '/home/kasinath/colcon_ws/install/ur_description', 'merge_install': False, 'meson_args': [], 'path': '/home/kasinath/colcon_ws/src/ur_description', 'symlink_install': False, 'test_result_base': None}
[3.040s] Level 5:colcon.colcon_core.verb:set package 'ur_simulation_gz' build argument 'bazel_args' from command line to 'None'
[3.040s] Level 5:colcon.colcon_core.verb:set package 'ur_simulation_gz' build argument 'bazel_task' from command line to 'None'
[3.040s] Level 5:colcon.colcon_core.verb:set package 'ur_simulation_gz' build argument 'cmake_args' from command line to 'None'
[3.040s] Level 5:colcon.colcon_core.verb:set package 'ur_simulation_gz' build argument 'cmake_target' from command line to 'None'
[3.040s] Level 5:colcon.colcon_core.verb:set package 'ur_simulation_gz' build argument 'cmake_target_skip_unavailable' from command line to 'False'
[3.040s] Level 5:colcon.colcon_core.verb:set package 'ur_simulation_gz' build argument 'cmake_clean_cache' from command line to 'False'
[3.040s] Level 5:colcon.colcon_core.verb:set package 'ur_simulation_gz' build argument 'cmake_clean_first' from command line to 'False'
[3.040s] Level 5:colcon.colcon_core.verb:set package 'ur_simulation_gz' build argument 'cmake_force_configure' from command line to 'False'
[3.040s] Level 5:colcon.colcon_core.verb:set package 'ur_simulation_gz' build argument 'meson_args' from command line to '[]'
[3.040s] Level 5:colcon.colcon_core.verb:set package 'ur_simulation_gz' build argument 'ament_cmake_args' from command line to 'None'
[3.040s] Level 5:colcon.colcon_core.verb:set package 'ur_simulation_gz' build argument 'catkin_cmake_args' from command line to 'None'
[3.040s] Level 5:colcon.colcon_core.verb:set package 'ur_simulation_gz' build argument 'catkin_skip_building_tests' from command line to 'False'
[3.040s] DEBUG:colcon.colcon_core.verb:Building package 'ur_simulation_gz' with the following arguments: {'ament_cmake_args': None, 'bazel_args': None, 'bazel_task': None, 'build_base': '/home/kasinath/colcon_ws/build/ur_simulation_gz', 'catkin_cmake_args': None, 'catkin_skip_building_tests': False, 'cmake_args': None, 'cmake_clean_cache': False, 'cmake_clean_first': False, 'cmake_force_configure': False, 'cmake_target': None, 'cmake_target_skip_unavailable': False, 'install_base': '/home/kasinath/colcon_ws/install/ur_simulation_gz', 'merge_install': False, 'meson_args': [], 'path': '/home/kasinath/colcon_ws/src/ur_simulation_gz', 'symlink_install': False, 'test_result_base': None}
[3.040s] INFO:colcon.colcon_core.executor:Executing jobs using 'parallel' executor
[3.041s] DEBUG:colcon.colcon_parallel_executor.executor.parallel:run_until_complete
[3.041s] INFO:colcon.colcon_ros.task.ament_cmake.build:Building ROS package in '/home/kasinath/colcon_ws/src/ur_description' with build type 'ament_cmake'
[3.042s] INFO:colcon.colcon_cmake.task.cmake.build:Building CMake package in '/home/kasinath/colcon_ws/src/ur_description'
[3.054s] INFO:colcon.colcon_core.plugin_system:Skipping extension 'colcon_core.shell.bat': Not used on non-Windows systems
[3.054s] DEBUG:colcon.colcon_ros_domain_id_coordinator.shell.ros_domain_id:Allocated ROS_DOMAIN_ID=17 for '/home/kasinath/colcon_ws/build/ur_description'
[3.054s] INFO:colcon.colcon_core.shell:Skip shell extension 'ros_domain_id' for command environment: 
[3.054s] INFO:colcon.colcon_core.shell:Skip shell extension 'powershell' for command environment: Not usable outside of PowerShell
[3.054s] DEBUG:colcon.colcon_core.shell:Skip shell extension 'dsv' for command environment
[3.058s] INFO:colcon.colcon_ros.task.ament_cmake.build:Building ROS package in '/home/kasinath/colcon_ws/src/ebot_description' with build type 'ament_cmake'
[3.058s] INFO:colcon.colcon_cmake.task.cmake.build:Building CMake package in '/home/kasinath/colcon_ws/src/ebot_description'
[3.058s] DEBUG:colcon.colcon_ros_domain_id_coordinator.shell.ros_domain_id:Allocated ROS_DOMAIN_ID=26 for '/home/kasinath/colcon_ws/build/ebot_description'
[3.058s] INFO:colcon.colcon_core.shell:Skip shell extension 'ros_domain_id' for command environment: 
[3.058s] INFO:colcon.colcon_core.shell:Skip shell extension 'powershell' for command environment: Not usable outside of PowerShell
[3.058s] DEBUG:colcon.colcon_core.shell:Skip shell extension 'dsv' for command environment
[3.061s] INFO:colcon.colcon_ros.task.ament_cmake.build:Building ROS package in '/home/kasinath/colcon_ws/src/eyantra_warehouse' with build type 'ament_cmake'
[3.061s] INFO:colcon.colcon_cmake.task.cmake.build:Building CMake package in '/home/kasinath/colcon_ws/src/eyantra_warehouse'
[3.062s] DEBUG:colcon.colcon_ros_domain_id_coordinator.shell.ros_domain_id:Allocated ROS_DOMAIN_ID=7 for '/home/kasinath/colcon_ws/build/eyantra_warehouse'
[3.062s] INFO:colcon.colcon_core.shell:Skip shell extension 'ros_domain_id' for command environment: 
[3.062s] INFO:colcon.colcon_core.shell:Skip shell extension 'powershell' for command environment: Not usable outside of PowerShell
[3.062s] DEBUG:colcon.colcon_core.shell:Skip shell extension 'dsv' for command environment
[3.065s] INFO:colcon.colcon_ros.task.ament_cmake.build:Building ROS package in '/home/kasinath/colcon_ws/src/linkattacher_msgs' with build type 'ament_cmake'
[3.066s] INFO:colcon.colcon_cmake.task.cmake.build:Building CMake package in '/home/kasinath/colcon_ws/src/linkattacher_msgs'
[3.067s] DEBUG:colcon.colcon_ros_domain_id_coordinator.shell.ros_domain_id:Allocated ROS_DOMAIN_ID=82 for '/home/kasinath/colcon_ws/build/linkattacher_msgs'
[3.067s] INFO:colcon.colcon_core.shell:Skip shell extension 'ros_domain_id' for command environment: 
[3.067s] INFO:colcon.colcon_core.shell:Skip shell extension 'powershell' for command environment: Not usable outside of PowerShell
[3.067s] DEBUG:colcon.colcon_core.shell:Skip shell extension 'dsv' for command environment
[3.074s] DEBUG:colcon.colcon_core.event_handler.log_command:Invoking command in '/home/kasinath/colcon_ws/build/ur_description': CMAKE_PREFIX_PATH=/opt/ros/humble ROS_DOMAIN_ID=17 /usr/bin/cmake /home/kasinath/colcon_ws/src/ur_description -DCMAKE_INSTALL_PREFIX=/home/kasinath/colcon_ws/install/ur_description
[3.086s] DEBUG:colcon.colcon_core.event_handler.log_command:Invoking command in '/home/kasinath/colcon_ws/build/ebot_description': CMAKE_PREFIX_PATH=/opt/ros/humble ROS_DOMAIN_ID=26 /usr/bin/cmake /home/kasinath/colcon_ws/src/ebot_description -DCMAKE_INSTALL_PREFIX=/home/kasinath/colcon_ws/install/ebot_description
[3.089s] DEBUG:colcon.colcon_core.event_handler.log_command:Invoking command in '/home/kasinath/colcon_ws/build/eyantra_warehouse': CMAKE_PREFIX_PATH=/opt/ros/humble ROS_DOMAIN_ID=7 /usr/bin/cmake /home/kasinath/colcon_ws/src/eyantra_warehouse -DCMAKE_INSTALL_PREFIX=/home/kasinath/colcon_ws/install/eyantra_warehouse
[3.092s] DEBUG:colcon.colcon_core.event_handler.log_command:Invoking command in '/home/kasinath/colcon_ws/build/linkattacher_msgs': CMAKE_PREFIX_PATH=/opt/ros/humble /usr/bin/cmake /home/kasinath/colcon_ws/src/linkattacher_msgs -DCMAKE_INSTALL_PREFIX=/home/kasinath/colcon_ws/install/linkattacher_msgs
[5.125s] DEBUG:colcon.colcon_core.event_handler.log_command:Invoked command in '/home/kasinath/colcon_ws/build/eyantra_warehouse' returned '0': CMAKE_PREFIX_PATH=/opt/ros/humble ROS_DOMAIN_ID=7 /usr/bin/cmake /home/kasinath/colcon_ws/src/eyantra_warehouse -DCMAKE_INSTALL_PREFIX=/home/kasinath/colcon_ws/install/eyantra_warehouse
[5.127s] DEBUG:colcon.colcon_core.event_handler.log_command:Invoking command in '/home/kasinath/colcon_ws/build/eyantra_warehouse': CMAKE_PREFIX_PATH=/opt/ros/humble ROS_DOMAIN_ID=7 /usr/bin/cmake --build /home/kasinath/colcon_ws/build/eyantra_warehouse -- -j4 -l4
[5.165s] DEBUG:colcon.colcon_core.event_handler.log_command:Invoked command in '/home/kasinath/colcon_ws/build/eyantra_warehouse' returned '0': CMAKE_PREFIX_PATH=/opt/ros/humble ROS_DOMAIN_ID=7 /usr/bin/cmake --build /home/kasinath/colcon_ws/build/eyantra_warehouse -- -j4 -l4
[5.177s] DEBUG:colcon.colcon_core.event_handler.log_command:Invoking command in '/home/kasinath/colcon_ws/build/eyantra_warehouse': CMAKE_PREFIX_PATH=/opt/ros/humble ROS_DOMAIN_ID=7 /usr/bin/cmake --install /home/kasinath/colcon_ws/build/eyantra_warehouse
[5.310s] Level 1:colcon.colcon_core.environment:create_environment_scripts_only(eyantra_warehouse)
[5.310s] DEBUG:colcon.colcon_core.event_handler.log_command:Invoked command in '/home/kasinath/colcon_ws/build/eyantra_warehouse' returned '0': CMAKE_PREFIX_PATH=/opt/ros/humble ROS_DOMAIN_ID=7 /usr/bin/cmake --install /home/kasinath/colcon_ws/build/eyantra_warehouse
[5.872s] Level 1:colcon.colcon_core.environment:checking '/home/kasinath/colcon_ws/install/eyantra_warehouse' for CMake module files
[5.872s] Level 1:colcon.colcon_core.environment:checking '/home/kasinath/colcon_ws/install/eyantra_warehouse' for CMake config files
[5.873s] Level 1:colcon.colcon_core.shell:create_environment_hook('eyantra_warehouse', 'cmake_prefix_path')
[5.873s] INFO:colcon.colcon_core.shell:Creating environment hook '/home/kasinath/colcon_ws/install/eyantra_warehouse/share/eyantra_warehouse/hook/cmake_prefix_path.ps1'
[5.890s] INFO:colcon.colcon_core.shell:Creating environment descriptor '/home/kasinath/colcon_ws/install/eyantra_warehouse/share/eyantra_warehouse/hook/cmake_prefix_path.dsv'
[5.902s] INFO:colcon.colcon_core.shell:Creating environment hook '/home/kasinath/colcon_ws/install/eyantra_warehouse/share/eyantra_warehouse/hook/cmake_prefix_path.sh'
[5.916s] Level 1:colcon.colcon_core.environment:checking '/home/kasinath/colcon_ws/install/eyantra_warehouse/lib'
[5.916s] Level 1:colcon.colcon_core.environment:checking '/home/kasinath/colcon_ws/install/eyantra_warehouse/bin'
[5.916s] Level 1:colcon.colcon_core.environment:checking '/home/kasinath/colcon_ws/install/eyantra_warehouse/lib/pkgconfig/eyantra_warehouse.pc'
[5.917s] Level 1:colcon.colcon_core.environment:checking '/home/kasinath/colcon_ws/install/eyantra_warehouse/lib/python3.10/site-packages'
[5.917s] Level 1:colcon.colcon_core.environment:checking '/home/kasinath/colcon_ws/install/eyantra_warehouse/bin'
[5.917s] INFO:colcon.colcon_core.shell:Creating package script '/home/kasinath/colcon_ws/install/eyantra_warehouse/share/eyantra_warehouse/package.ps1'
[5.928s] INFO:colcon.colcon_core.shell:Creating package descriptor '/home/kasinath/colcon_ws/install/eyantra_warehouse/share/eyantra_warehouse/package.dsv'
[5.942s] INFO:colcon.colcon_core.shell:Creating package script '/home/kasinath/colcon_ws/install/eyantra_warehouse/share/eyantra_warehouse/package.sh'
[5.945s] INFO:colcon.colcon_core.shell:Creating package script '/home/kasinath/colcon_ws/install/eyantra_warehouse/share/eyantra_warehouse/package.bash'
[5.948s] INFO:colcon.colcon_core.shell:Creating package script '/home/kasinath/colcon_ws/install/eyantra_warehouse/share/eyantra_warehouse/package.zsh'
[5.962s] Level 1:colcon.colcon_core.environment:create_file_with_runtime_dependencies(/home/kasinath/colcon_ws/install/eyantra_warehouse/share/colcon-core/packages/eyantra_warehouse)
[5.963s] Level 1:colcon.colcon_core.environment:create_environment_scripts_only(eyantra_warehouse)
[5.964s] Level 1:colcon.colcon_core.environment:checking '/home/kasinath/colcon_ws/install/eyantra_warehouse' for CMake module files
[5.964s] Level 1:colcon.colcon_core.environment:checking '/home/kasinath/colcon_ws/install/eyantra_warehouse' for CMake config files
[5.965s] Level 1:colcon.colcon_core.shell:create_environment_hook('eyantra_warehouse', 'cmake_prefix_path')
[5.966s] INFO:colcon.colcon_core.shell:Creating environment hook '/home/kasinath/colcon_ws/install/eyantra_warehouse/share/eyantra_warehouse/hook/cmake_prefix_path.ps1'
[5.973s] INFO:colcon.colcon_core.shell:Creating environment descriptor '/home/kasinath/colcon_ws/install/eyantra_warehouse/share/eyantra_warehouse/hook/cmake_prefix_path.dsv'
[5.979s] INFO:colcon.colcon_core.shell:Creating environment hook '/home/kasinath/colcon_ws/install/eyantra_warehouse/share/eyantra_warehouse/hook/cmake_prefix_path.sh'
[5.980s] Level 1:colcon.colcon_core.environment:checking '/home/kasinath/colcon_ws/install/eyantra_warehouse/lib'
[5.980s] Level 1:colcon.colcon_core.environment:checking '/home/kasinath/colcon_ws/install/eyantra_warehouse/bin'
[5.980s] Level 1:colcon.colcon_core.environment:checking '/home/kasinath/colcon_ws/install/eyantra_warehouse/lib/pkgconfig/eyantra_warehouse.pc'
[5.980s] Level 1:colcon.colcon_core.environment:checking '/home/kasinath/colcon_ws/install/eyantra_warehouse/lib/python3.10/site-packages'
[5.981s] Level 1:colcon.colcon_core.environment:checking '/home/kasinath/colcon_ws/install/eyantra_warehouse/bin'
[5.981s] INFO:colcon.colcon_core.shell:Creating package script '/home/kasinath/colcon_ws/install/eyantra_warehouse/share/eyantra_warehouse/package.ps1'
[5.984s] INFO:colcon.colcon_core.shell:Creating package descriptor '/home/kasinath/colcon_ws/install/eyantra_warehouse/share/eyantra_warehouse/package.dsv'
[5.990s] INFO:colcon.colcon_core.shell:Creating package script '/home/kasinath/colcon_ws/install/eyantra_warehouse/share/eyantra_warehouse/package.sh'
[5.993s] INFO:colcon.colcon_core.shell:Creating package script '/home/kasinath/colcon_ws/install/eyantra_warehouse/share/eyantra_warehouse/package.bash'
[5.994s] INFO:colcon.colcon_core.shell:Creating package script '/home/kasinath/colcon_ws/install/eyantra_warehouse/share/eyantra_warehouse/package.zsh'
[6.000s] Level 1:colcon.colcon_core.environment:create_file_with_runtime_dependencies(/home/kasinath/colcon_ws/install/eyantra_warehouse/share/colcon-core/packages/eyantra_warehouse)
[6.000s] INFO:colcon.colcon_ros.task.ament_cmake.build:Building ROS package in '/home/kasinath/colcon_ws/src/ur5_control' with build type 'ament_cmake'
[6.000s] INFO:colcon.colcon_cmake.task.cmake.build:Building CMake package in '/home/kasinath/colcon_ws/src/ur5_control'
[6.001s] DEBUG:colcon.colcon_ros_domain_id_coordinator.shell.ros_domain_id:Released ROS_DOMAIN_ID=7 for '/home/kasinath/colcon_ws/build/eyantra_warehouse'
[6.001s] DEBUG:colcon.colcon_ros_domain_id_coordinator.shell.ros_domain_id:Allocated ROS_DOMAIN_ID=88 for '/home/kasinath/colcon_ws/build/ur5_control'
[6.001s] INFO:colcon.colcon_core.shell:Skip shell extension 'ros_domain_id' for command environment: 
[6.001s] INFO:colcon.colcon_core.shell:Skip shell extension 'powershell' for command environment: Not usable outside of PowerShell
[6.001s] DEBUG:colcon.colcon_core.shell:Skip shell extension 'dsv' for command environment
[6.009s] DEBUG:colcon.colcon_core.event_handler.log_command:Invoking command in '/home/kasinath/colcon_ws/build/ur5_control': CMAKE_PREFIX_PATH=/opt/ros/humble /usr/bin/cmake /home/kasinath/colcon_ws/src/ur5_control -DCMAKE_INSTALL_PREFIX=/home/kasinath/colcon_ws/install/ur5_control
[7.233s] DEBUG:colcon.colcon_core.event_handler.log_command:Invoked command in '/home/kasinath/colcon_ws/build/ur5_control' returned '0': CMAKE_PREFIX_PATH=/opt/ros/humble /usr/bin/cmake /home/kasinath/colcon_ws/src/ur5_control -DCMAKE_INSTALL_PREFIX=/home/kasinath/colcon_ws/install/ur5_control
[7.235s] DEBUG:colcon.colcon_core.event_handler.log_command:Invoking command in '/home/kasinath/colcon_ws/build/ur5_control': CMAKE_PREFIX_PATH=/opt/ros/humble /usr/bin/cmake --build /home/kasinath/colcon_ws/build/ur5_control -- -j4 -l4
[7.285s] DEBUG:colcon.colcon_core.event_handler.log_command:Invoked command in '/home/kasinath/colcon_ws/build/ur5_control' returned '0': CMAKE_PREFIX_PATH=/opt/ros/humble /usr/bin/cmake --build /home/kasinath/colcon_ws/build/ur5_control -- -j4 -l4
[7.286s] DEBUG:colcon.colcon_core.event_handler.log_command:Invoking command in '/home/kasinath/colcon_ws/build/ur5_control': CMAKE_PREFIX_PATH=/opt/ros/humble /usr/bin/cmake --install /home/kasinath/colcon_ws/build/ur5_control
[7.301s] Level 1:colcon.colcon_core.environment:create_environment_scripts_only(ur5_control)
[7.302s] DEBUG:colcon.colcon_core.event_handler.log_command:Invoked command in '/home/kasinath/colcon_ws/build/ur5_control' returned '0': CMAKE_PREFIX_PATH=/opt/ros/humble /usr/bin/cmake --install /home/kasinath/colcon_ws/build/ur5_control
[7.302s] Level 1:colcon.colcon_core.environment:checking '/home/kasinath/colcon_ws/install/ur5_control' for CMake module files
[7.303s] Level 1:colcon.colcon_core.environment:checking '/home/kasinath/colcon_ws/install/ur5_control' for CMake config files
[7.304s] Level 1:colcon.colcon_core.shell:create_environment_hook('ur5_control', 'cmake_prefix_path')
[7.304s] INFO:colcon.colcon_core.shell:Creating environment hook '/home/kasinath/colcon_ws/install/ur5_control/share/ur5_control/hook/cmake_prefix_path.ps1'
[7.305s] INFO:colcon.colcon_core.shell:Creating environment descriptor '/home/kasinath/colcon_ws/install/ur5_control/share/ur5_control/hook/cmake_prefix_path.dsv'
[7.305s] INFO:colcon.colcon_core.shell:Creating environment hook '/home/kasinath/colcon_ws/install/ur5_control/share/ur5_control/hook/cmake_prefix_path.sh'
[7.306s] Level 1:colcon.colcon_core.environment:checking '/home/kasinath/colcon_ws/install/ur5_control/lib'
[7.306s] Level 1:colcon.colcon_core.environment:checking '/home/kasinath/colcon_ws/install/ur5_control/bin'
[7.306s] Level 1:colcon.colcon_core.environment:checking '/home/kasinath/colcon_ws/install/ur5_control/lib/pkgconfig/ur5_control.pc'
[7.306s] Level 1:colcon.colcon_core.environment:checking '/home/kasinath/colcon_ws/install/ur5_control/lib/python3.10/site-packages'
[7.307s] Level 1:colcon.colcon_core.environment:checking '/home/kasinath/colcon_ws/install/ur5_control/bin'
[7.307s] INFO:colcon.colcon_core.shell:Creating package script '/home/kasinath/colcon_ws/install/ur5_control/share/ur5_control/package.ps1'
[7.308s] INFO:colcon.colcon_core.shell:Creating package descriptor '/home/kasinath/colcon_ws/install/ur5_control/share/ur5_control/package.dsv'
[7.308s] INFO:colcon.colcon_core.shell:Creating package script '/home/kasinath/colcon_ws/install/ur5_control/share/ur5_control/package.sh'
[7.308s] INFO:colcon.colcon_core.shell:Creating package script '/home/kasinath/colcon_ws/install/ur5_control/share/ur5_control/package.bash'
[7.309s] INFO:colcon.colcon_core.shell:Creating package script '/home/kasinath/colcon_ws/install/ur5_control/share/ur5_control/package.zsh'
[7.309s] Level 1:colcon.colcon_core.environment:create_file_with_runtime_dependencies(/home/kasinath/colcon_ws/install/ur5_control/share/colcon-core/packages/ur5_control)
[7.310s] Level 1:colcon.colcon_core.environment:create_environment_scripts_only(ur5_control)
[7.311s] Level 1:colcon.colcon_core.environment:checking '/home/kasinath/colcon_ws/install/ur5_control' for CMake module files
[7.311s] Level 1:colcon.colcon_core.environment:checking '/home/kasinath/colcon_ws/install/ur5_control' for CMake config files
[7.312s] Level 1:colcon.colcon_core.shell:create_environment_hook('ur5_control', 'cmake_prefix_path')
[7.312s] INFO:colcon.colcon_core.shell:Creating environment hook '/home/kasinath/colcon_ws/install/ur5_control/share/ur5_control/hook/cmake_prefix_path.ps1'
[7.313s] INFO:colcon.colcon_core.shell:Creating environment descriptor '/home/kasinath/colcon_ws/install/ur5_control/share/ur5_control/hook/cmake_prefix_path.dsv'
[7.313s] INFO:colcon.colcon_core.shell:Creating environment hook '/home/kasinath/colcon_ws/install/ur5_control/share/ur5_control/hook/cmake_prefix_path.sh'
[7.314s] Level 1:colcon.colcon_core.environment:checking '/home/kasinath/colcon_ws/install/ur5_control/lib'
[7.314s] Level 1:colcon.colcon_core.environment:checking '/home/kasinath/colcon_ws/install/ur5_control/bin'
[7.314s] Level 1:colcon.colcon_core.environment:checking '/home/kasinath/colcon_ws/install/ur5_control/lib/pkgconfig/ur5_control.pc'
[7.315s] Level 1:colcon.colcon_core.environment:checking '/home/kasinath/colcon_ws/install/ur5_control/lib/python3.10/site-packages'
[7.315s] Level 1:colcon.colcon_core.environment:checking '/home/kasinath/colcon_ws/install/ur5_control/bin'
[7.315s] INFO:colcon.colcon_core.shell:Creating package script '/home/kasinath/colcon_ws/install/ur5_control/share/ur5_control/package.ps1'
[7.316s] INFO:colcon.colcon_core.shell:Creating package descriptor '/home/kasinath/colcon_ws/install/ur5_control/share/ur5_control/package.dsv'
[7.317s] INFO:colcon.colcon_core.shell:Creating package script '/home/kasinath/colcon_ws/install/ur5_control/share/ur5_control/package.sh'
[7.318s] INFO:colcon.colcon_core.shell:Creating package script '/home/kasinath/colcon_ws/install/ur5_control/share/ur5_control/package.bash'
[7.318s] INFO:colcon.colcon_core.shell:Creating package script '/home/kasinath/colcon_ws/install/ur5_control/share/ur5_control/package.zsh'
[7.319s] Level 1:colcon.colcon_core.environment:create_file_with_runtime_dependencies(/home/kasinath/colcon_ws/install/ur5_control/share/colcon-core/packages/ur5_control)
[7.319s] DEBUG:colcon.colcon_ros_domain_id_coordinator.shell.ros_domain_id:Released ROS_DOMAIN_ID=88 for '/home/kasinath/colcon_ws/build/ur5_control'
[7.329s] DEBUG:colcon.colcon_core.event_handler.log_command:Invoked command in '/home/kasinath/colcon_ws/build/linkattacher_msgs' returned '0': CMAKE_PREFIX_PATH=/opt/ros/humble ROS_DOMAIN_ID=82 /usr/bin/cmake /home/kasinath/colcon_ws/src/linkattacher_msgs -DCMAKE_INSTALL_PREFIX=/home/kasinath/colcon_ws/install/linkattacher_msgs
[7.331s] DEBUG:colcon.colcon_core.event_handler.log_command:Invoking command in '/home/kasinath/colcon_ws/build/linkattacher_msgs': CMAKE_PREFIX_PATH=/opt/ros/humble ROS_DOMAIN_ID=82 /usr/bin/cmake --build /home/kasinath/colcon_ws/build/linkattacher_msgs -- -j4 -l4
[7.493s] DEBUG:colcon.colcon_core.event_handler.log_command:Invoked command in '/home/kasinath/colcon_ws/build/ebot_description' returned '0': CMAKE_PREFIX_PATH=/opt/ros/humble ROS_DOMAIN_ID=26 /usr/bin/cmake /home/kasinath/colcon_ws/src/ebot_description -DCMAKE_INSTALL_PREFIX=/home/kasinath/colcon_ws/install/ebot_description
[7.497s] DEBUG:colcon.colcon_core.event_handler.log_command:Invoking command in '/home/kasinath/colcon_ws/build/ebot_description': CMAKE_PREFIX_PATH=/opt/ros/humble ROS_DOMAIN_ID=26 /usr/bin/cmake --build /home/kasinath/colcon_ws/build/ebot_description -- -j4 -l4
[7.610s] DEBUG:colcon.colcon_core.event_handler.log_command:Invoked command in '/home/kasinath/colcon_ws/build/ebot_description' returned '0': CMAKE_PREFIX_PATH=/opt/ros/humble ROS_DOMAIN_ID=26 /usr/bin/cmake --build /home/kasinath/colcon_ws/build/ebot_description -- -j4 -l4
[7.611s] DEBUG:colcon.colcon_core.event_handler.log_command:Invoking command in '/home/kasinath/colcon_ws/build/ebot_description': CMAKE_PREFIX_PATH=/opt/ros/humble ROS_DOMAIN_ID=26 /usr/bin/cmake --install /home/kasinath/colcon_ws/build/ebot_description
[7.695s] Level 1:colcon.colcon_core.environment:create_environment_scripts_only(ebot_description)
[7.696s] Level 1:colcon.colcon_core.environment:checking '/home/kasinath/colcon_ws/install/ebot_description' for CMake module files
[7.696s] Level 1:colcon.colcon_core.environment:checking '/home/kasinath/colcon_ws/install/ebot_description' for CMake config files
[7.697s] Level 1:colcon.colcon_core.shell:create_environment_hook('ebot_description', 'cmake_prefix_path')
[7.697s] INFO:colcon.colcon_core.shell:Creating environment hook '/home/kasinath/colcon_ws/install/ebot_description/share/ebot_description/hook/cmake_prefix_path.ps1'
[7.700s] INFO:colcon.colcon_core.shell:Creating environment descriptor '/home/kasinath/colcon_ws/install/ebot_description/share/ebot_description/hook/cmake_prefix_path.dsv'
[7.701s] INFO:colcon.colcon_core.shell:Creating environment hook '/home/kasinath/colcon_ws/install/ebot_description/share/ebot_description/hook/cmake_prefix_path.sh'
[7.702s] Level 1:colcon.colcon_core.environment:checking '/home/kasinath/colcon_ws/install/ebot_description/lib'
[7.702s] Level 1:colcon.colcon_core.environment:checking '/home/kasinath/colcon_ws/install/ebot_description/bin'
[7.702s] Level 1:colcon.colcon_core.environment:checking '/home/kasinath/colcon_ws/install/ebot_description/lib/pkgconfig/ebot_description.pc'
[7.706s] Level 1:colcon.colcon_core.environment:checking '/home/kasinath/colcon_ws/install/ebot_description/lib/python3.10/site-packages'
[7.706s] DEBUG:colcon.colcon_core.event_handler.log_command:Invoked command in '/home/kasinath/colcon_ws/build/ebot_description' returned '0': CMAKE_PREFIX_PATH=/opt/ros/humble ROS_DOMAIN_ID=26 /usr/bin/cmake --install /home/kasinath/colcon_ws/build/ebot_description
[7.707s] Level 1:colcon.colcon_core.environment:checking '/home/kasinath/colcon_ws/install/ebot_description/bin'
[7.707s] INFO:colcon.colcon_core.shell:Creating package script '/home/kasinath/colcon_ws/install/ebot_description/share/ebot_description/package.ps1'
[7.708s] INFO:colcon.colcon_core.shell:Creating package descriptor '/home/kasinath/colcon_ws/install/ebot_description/share/ebot_description/package.dsv'
[7.712s] INFO:colcon.colcon_core.shell:Creating package script '/home/kasinath/colcon_ws/install/ebot_description/share/ebot_description/package.sh'
[7.713s] INFO:colcon.colcon_core.shell:Creating package script '/home/kasinath/colcon_ws/install/ebot_description/share/ebot_description/package.bash'
[7.714s] INFO:colcon.colcon_core.shell:Creating package script '/home/kasinath/colcon_ws/install/ebot_description/share/ebot_description/package.zsh'
[7.714s] Level 1:colcon.colcon_core.environment:create_file_with_runtime_dependencies(/home/kasinath/colcon_ws/install/ebot_description/share/colcon-core/packages/ebot_description)
[7.719s] Level 1:colcon.colcon_core.environment:create_environment_scripts_only(ebot_description)
[7.719s] Level 1:colcon.colcon_core.environment:checking '/home/kasinath/colcon_ws/install/ebot_description' for CMake module files
[7.720s] Level 1:colcon.colcon_core.environment:checking '/home/kasinath/colcon_ws/install/ebot_description' for CMake config files
[7.724s] Level 1:colcon.colcon_core.shell:create_environment_hook('ebot_description', 'cmake_prefix_path')
[7.724s] INFO:colcon.colcon_core.shell:Creating environment hook '/home/kasinath/colcon_ws/install/ebot_description/share/ebot_description/hook/cmake_prefix_path.ps1'
[7.758s] INFO:colcon.colcon_core.shell:Creating environment descriptor '/home/kasinath/colcon_ws/install/ebot_description/share/ebot_description/hook/cmake_prefix_path.dsv'
[7.800s] INFO:colcon.colcon_core.shell:Creating environment hook '/home/kasinath/colcon_ws/install/ebot_description/share/ebot_description/hook/cmake_prefix_path.sh'
[7.802s] Level 1:colcon.colcon_core.environment:checking '/home/kasinath/colcon_ws/install/ebot_description/lib'
[7.802s] Level 1:colcon.colcon_core.environment:checking '/home/kasinath/colcon_ws/install/ebot_description/bin'
[7.802s] Level 1:colcon.colcon_core.environment:checking '/home/kasinath/colcon_ws/install/ebot_description/lib/pkgconfig/ebot_description.pc'
[7.802s] Level 1:colcon.colcon_core.environment:checking '/home/kasinath/colcon_ws/install/ebot_description/lib/python3.10/site-packages'
[7.802s] Level 1:colcon.colcon_core.environment:checking '/home/kasinath/colcon_ws/install/ebot_description/bin'
[7.803s] INFO:colcon.colcon_core.shell:Creating package script '/home/kasinath/colcon_ws/install/ebot_description/share/ebot_description/package.ps1'
[7.845s] INFO:colcon.colcon_core.shell:Creating package descriptor '/home/kasinath/colcon_ws/install/ebot_description/share/ebot_description/package.dsv'
[7.876s] INFO:colcon.colcon_core.shell:Creating package script '/home/kasinath/colcon_ws/install/ebot_description/share/ebot_description/package.sh'
[7.897s] INFO:colcon.colcon_core.shell:Creating package script '/home/kasinath/colcon_ws/install/ebot_description/share/ebot_description/package.bash'
[7.933s] INFO:colcon.colcon_core.shell:Creating package script '/home/kasinath/colcon_ws/install/ebot_description/share/ebot_description/package.zsh'
[7.953s] Level 1:colcon.colcon_core.environment:create_file_with_runtime_dependencies(/home/kasinath/colcon_ws/install/ebot_description/share/colcon-core/packages/ebot_description)
[7.959s] DEBUG:colcon.colcon_ros_domain_id_coordinator.shell.ros_domain_id:Released ROS_DOMAIN_ID=26 for '/home/kasinath/colcon_ws/build/ebot_description'
[7.962s] DEBUG:colcon.colcon_core.event_handler.log_command:Invoked command in '/home/kasinath/colcon_ws/build/ur_description' returned '0': CMAKE_PREFIX_PATH=/opt/ros/humble ROS_DOMAIN_ID=17 /usr/bin/cmake /home/kasinath/colcon_ws/src/ur_description -DCMAKE_INSTALL_PREFIX=/home/kasinath/colcon_ws/install/ur_description
[7.963s] DEBUG:colcon.colcon_core.event_handler.log_command:Invoking command in '/home/kasinath/colcon_ws/build/ur_description': CMAKE_PREFIX_PATH=/opt/ros/humble ROS_DOMAIN_ID=17 /usr/bin/cmake --build /home/kasinath/colcon_ws/build/ur_description -- -j4 -l4
[7.997s] DEBUG:colcon.colcon_core.event_handler.log_command:Invoked command in '/home/kasinath/colcon_ws/build/ur_description' returned '0': CMAKE_PREFIX_PATH=/opt/ros/humble ROS_DOMAIN_ID=17 /usr/bin/cmake --build /home/kasinath/colcon_ws/build/ur_description -- -j4 -l4
[7.999s] DEBUG:colcon.colcon_core.event_handler.log_command:Invoking command in '/home/kasinath/colcon_ws/build/ur_description': CMAKE_PREFIX_PATH=/opt/ros/humble ROS_DOMAIN_ID=17 /usr/bin/cmake --install /home/kasinath/colcon_ws/build/ur_description
[8.123s] Level 1:colcon.colcon_core.environment:create_environment_scripts_only(ur_description)
[8.123s] Level 1:colcon.colcon_core.environment:checking '/home/kasinath/colcon_ws/install/ur_description' for CMake module files
[8.124s] DEBUG:colcon.colcon_core.event_handler.log_command:Invoked command in '/home/kasinath/colcon_ws/build/ur_description' returned '0': CMAKE_PREFIX_PATH=/opt/ros/humble ROS_DOMAIN_ID=17 /usr/bin/cmake --install /home/kasinath/colcon_ws/build/ur_description
[8.124s] Level 1:colcon.colcon_core.environment:checking '/home/kasinath/colcon_ws/install/ur_description' for CMake config files
[8.125s] Level 1:colcon.colcon_core.shell:create_environment_hook('ur_description', 'cmake_prefix_path')
[8.125s] INFO:colcon.colcon_core.shell:Creating environment hook '/home/kasinath/colcon_ws/install/ur_description/share/ur_description/hook/cmake_prefix_path.ps1'
[8.125s] INFO:colcon.colcon_core.shell:Creating environment descriptor '/home/kasinath/colcon_ws/install/ur_description/share/ur_description/hook/cmake_prefix_path.dsv'
[8.126s] INFO:colcon.colcon_core.shell:Creating environment hook '/home/kasinath/colcon_ws/install/ur_description/share/ur_description/hook/cmake_prefix_path.sh'
[8.126s] Level 1:colcon.colcon_core.environment:checking '/home/kasinath/colcon_ws/install/ur_description/lib'
[8.126s] Level 1:colcon.colcon_core.environment:checking '/home/kasinath/colcon_ws/install/ur_description/bin'
[8.126s] Level 1:colcon.colcon_core.environment:checking '/home/kasinath/colcon_ws/install/ur_description/lib/pkgconfig/ur_description.pc'
[8.126s] Level 1:colcon.colcon_core.environment:checking '/home/kasinath/colcon_ws/install/ur_description/lib/python3.10/site-packages'
[8.127s] Level 1:colcon.colcon_core.environment:checking '/home/kasinath/colcon_ws/install/ur_description/bin'
[8.127s] INFO:colcon.colcon_core.shell:Creating package script '/home/kasinath/colcon_ws/install/ur_description/share/ur_description/package.ps1'
[8.127s] INFO:colcon.colcon_core.shell:Creating package descriptor '/home/kasinath/colcon_ws/install/ur_description/share/ur_description/package.dsv'
[8.133s] INFO:colcon.colcon_core.shell:Creating package script '/home/kasinath/colcon_ws/install/ur_description/share/ur_description/package.sh'
[8.134s] INFO:colcon.colcon_core.shell:Creating package script '/home/kasinath/colcon_ws/install/ur_description/share/ur_description/package.bash'
[8.134s] INFO:colcon.colcon_core.shell:Creating package script '/home/kasinath/colcon_ws/install/ur_description/share/ur_description/package.zsh'
[8.135s] Level 1:colcon.colcon_core.environment:create_file_with_runtime_dependencies(/home/kasinath/colcon_ws/install/ur_description/share/colcon-core/packages/ur_description)
[8.135s] Level 1:colcon.colcon_core.environment:create_environment_scripts_only(ur_description)
[8.136s] Level 1:colcon.colcon_core.environment:checking '/home/kasinath/colcon_ws/install/ur_description' for CMake module files
[8.136s] Level 1:colcon.colcon_core.environment:checking '/home/kasinath/colcon_ws/install/ur_description' for CMake config files
[8.137s] Level 1:colcon.colcon_core.shell:create_environment_hook('ur_description', 'cmake_prefix_path')
[8.138s] INFO:colcon.colcon_core.shell:Creating environment hook '/home/kasinath/colcon_ws/install/ur_description/share/ur_description/hook/cmake_prefix_path.ps1'
[8.143s] INFO:colcon.colcon_core.shell:Creating environment descriptor '/home/kasinath/colcon_ws/install/ur_description/share/ur_description/hook/cmake_prefix_path.dsv'
[8.147s] INFO:colcon.colcon_core.shell:Creating environment hook '/home/kasinath/colcon_ws/install/ur_description/share/ur_description/hook/cmake_prefix_path.sh'
[8.149s] Level 1:colcon.colcon_core.environment:checking '/home/kasinath/colcon_ws/install/ur_description/lib'
[8.149s] Level 1:colcon.colcon_core.environment:checking '/home/kasinath/colcon_ws/install/ur_description/bin'
[8.149s] Level 1:colcon.colcon_core.environment:checking '/home/kasinath/colcon_ws/install/ur_description/lib/pkgconfig/ur_description.pc'
[8.150s] Level 1:colcon.colcon_core.environment:checking '/home/kasinath/colcon_ws/install/ur_description/lib/python3.10/site-packages'
[8.150s] Level 1:colcon.colcon_core.environment:checking '/home/kasinath/colcon_ws/install/ur_description/bin'
[8.150s] INFO:colcon.colcon_core.shell:Creating package script '/home/kasinath/colcon_ws/install/ur_description/share/ur_description/package.ps1'
[8.156s] INFO:colcon.colcon_core.shell:Creating package descriptor '/home/kasinath/colcon_ws/install/ur_description/share/ur_description/package.dsv'
[8.160s] INFO:colcon.colcon_core.shell:Creating package script '/home/kasinath/colcon_ws/install/ur_description/share/ur_description/package.sh'
[8.167s] INFO:colcon.colcon_core.shell:Creating package script '/home/kasinath/colcon_ws/install/ur_description/share/ur_description/package.bash'
[8.175s] INFO:colcon.colcon_core.shell:Creating package script '/home/kasinath/colcon_ws/install/ur_description/share/ur_description/package.zsh'
[8.178s] Level 1:colcon.colcon_core.environment:create_file_with_runtime_dependencies(/home/kasinath/colcon_ws/install/ur_description/share/colcon-core/packages/ur_description)
[8.179s] INFO:colcon.colcon_ros.task.ament_cmake.build:Building ROS package in '/home/kasinath/colcon_ws/src/ur_simulation_gz' with build type 'ament_cmake'
[8.179s] INFO:colcon.colcon_cmake.task.cmake.build:Building CMake package in '/home/kasinath/colcon_ws/src/ur_simulation_gz'
[8.180s] DEBUG:colcon.colcon_ros_domain_id_coordinator.shell.ros_domain_id:Allocated ROS_DOMAIN_ID=4 for '/home/kasinath/colcon_ws/build/ur_simulation_gz'
[8.180s] INFO:colcon.colcon_core.shell:Skip shell extension 'ros_domain_id' for command environment: 
[8.180s] INFO:colcon.colcon_core.shell:Skip shell extension 'powershell' for command environment: Not usable outside of PowerShell
[8.180s] DEBUG:colcon.colcon_core.shell:Skip shell extension 'dsv' for command environment
[8.183s] DEBUG:colcon.colcon_ros_domain_id_coordinator.shell.ros_domain_id:Released ROS_DOMAIN_ID=17 for '/home/kasinath/colcon_ws/build/ur_description'
[8.201s] DEBUG:colcon.colcon_core.event_handler.log_command:Invoking command in '/home/kasinath/colcon_ws/build/ur_simulation_gz': AMENT_PREFIX_PATH=/home/kasinath/colcon_ws/install/ur_description:${AMENT_PREFIX_PATH} CMAKE_PREFIX_PATH=/home/kasinath/colcon_ws/install/ur_description:/opt/ros/humble /usr/bin/cmake /home/kasinath/colcon_ws/src/ur_simulation_gz -DCMAKE_INSTALL_PREFIX=/home/kasinath/colcon_ws/install/ur_simulation_gz
[9.359s] DEBUG:colcon.colcon_core.event_handler.log_command:Invoked command in '/home/kasinath/colcon_ws/build/ur_simulation_gz' returned '0': AMENT_PREFIX_PATH=/home/kasinath/colcon_ws/install/ur_description:${AMENT_PREFIX_PATH} CMAKE_PREFIX_PATH=/home/kasinath/colcon_ws/install/ur_description:/opt/ros/humble /usr/bin/cmake /home/kasinath/colcon_ws/src/ur_simulation_gz -DCMAKE_INSTALL_PREFIX=/home/kasinath/colcon_ws/install/ur_simulation_gz
[9.359s] DEBUG:colcon.colcon_core.event_handler.log_command:Invoking command in '/home/kasinath/colcon_ws/build/ur_simulation_gz': AMENT_PREFIX_PATH=/home/kasinath/colcon_ws/install/ur_description:${AMENT_PREFIX_PATH} CMAKE_PREFIX_PATH=/home/kasinath/colcon_ws/install/ur_description:/opt/ros/humble /usr/bin/cmake --build /home/kasinath/colcon_ws/build/ur_simulation_gz -- -j4 -l4
[9.410s] DEBUG:colcon.colcon_core.event_handler.log_command:Invoked command in '/home/kasinath/colcon_ws/build/ur_simulation_gz' returned '0': AMENT_PREFIX_PATH=/home/kasinath/colcon_ws/install/ur_description:${AMENT_PREFIX_PATH} CMAKE_PREFIX_PATH=/home/kasinath/colcon_ws/install/ur_description:/opt/ros/humble /usr/bin/cmake --build /home/kasinath/colcon_ws/build/ur_simulation_gz -- -j4 -l4
[9.412s] DEBUG:colcon.colcon_core.event_handler.log_command:Invoking command in '/home/kasinath/colcon_ws/build/ur_simulation_gz': AMENT_PREFIX_PATH=/home/kasinath/colcon_ws/install/ur_description:${AMENT_PREFIX_PATH} CMAKE_PREFIX_PATH=/home/kasinath/colcon_ws/install/ur_description:/opt/ros/humble /usr/bin/cmake --install /home/kasinath/colcon_ws/build/ur_simulation_gz
[9.426s] Level 1:colcon.colcon_core.environment:create_environment_scripts_only(ur_simulation_gz)
[9.426s] Level 1:colcon.colcon_core.environment:checking '/home/kasinath/colcon_ws/install/ur_simulation_gz' for CMake module files
[9.427s] DEBUG:colcon.colcon_core.event_handler.log_command:Invoked command in '/home/kasinath/colcon_ws/build/ur_simulation_gz' returned '0': AMENT_PREFIX_PATH=/home/kasinath/colcon_ws/install/ur_description:${AMENT_PREFIX_PATH} CMAKE_PREFIX_PATH=/home/kasinath/colcon_ws/install/ur_description:/opt/ros/humble /usr/bin/cmake --install /home/kasinath/colcon_ws/build/ur_simulation_gz
[9.427s] Level 1:colcon.colcon_core.environment:checking '/home/kasinath/colcon_ws/install/ur_simulation_gz' for CMake config files
[9.428s] Level 1:colcon.colcon_core.shell:create_environment_hook('ur_simulation_gz', 'cmake_prefix_path')
[9.428s] INFO:colcon.colcon_core.shell:Creating environment hook '/home/kasinath/colcon_ws/install/ur_simulation_gz/share/ur_simulation_gz/hook/cmake_prefix_path.ps1'
[9.429s] INFO:colcon.colcon_core.shell:Creating environment descriptor '/home/kasinath/colcon_ws/install/ur_simulation_gz/share/ur_simulation_gz/hook/cmake_prefix_path.dsv'
[9.429s] INFO:colcon.colcon_core.shell:Creating environment hook '/home/kasinath/colcon_ws/install/ur_simulation_gz/share/ur_simulation_gz/hook/cmake_prefix_path.sh'
[9.430s] Level 1:colcon.colcon_core.environment:checking '/home/kasinath/colcon_ws/install/ur_simulation_gz/lib'
[9.430s] Level 1:colcon.colcon_core.environment:checking '/home/kasinath/colcon_ws/install/ur_simulation_gz/bin'
[9.430s] Level 1:colcon.colcon_core.environment:checking '/home/kasinath/colcon_ws/install/ur_simulation_gz/lib/pkgconfig/ur_simulation_gz.pc'
[9.430s] Level 1:colcon.colcon_core.environment:checking '/home/kasinath/colcon_ws/install/ur_simulation_gz/lib/python3.10/site-packages'
[9.431s] Level 1:colcon.colcon_core.environment:checking '/home/kasinath/colcon_ws/install/ur_simulation_gz/bin'
[9.431s] INFO:colcon.colcon_core.shell:Creating package script '/home/kasinath/colcon_ws/install/ur_simulation_gz/share/ur_simulation_gz/package.ps1'
[9.432s] INFO:colcon.colcon_core.shell:Creating package descriptor '/home/kasinath/colcon_ws/install/ur_simulation_gz/share/ur_simulation_gz/package.dsv'
[9.433s] INFO:colcon.colcon_core.shell:Creating package script '/home/kasinath/colcon_ws/install/ur_simulation_gz/share/ur_simulation_gz/package.sh'
[9.433s] INFO:colcon.colcon_core.shell:Creating package script '/home/kasinath/colcon_ws/install/ur_simulation_gz/share/ur_simulation_gz/package.bash'
[9.434s] INFO:colcon.colcon_core.shell:Creating package script '/home/kasinath/colcon_ws/install/ur_simulation_gz/share/ur_simulation_gz/package.zsh'
[9.435s] Level 1:colcon.colcon_core.environment:create_file_with_runtime_dependencies(/home/kasinath/colcon_ws/install/ur_simulation_gz/share/colcon-core/packages/ur_simulation_gz)
[9.436s] Level 1:colcon.colcon_core.environment:create_environment_scripts_only(ur_simulation_gz)
[9.436s] Level 1:colcon.colcon_core.environment:checking '/home/kasinath/colcon_ws/install/ur_simulation_gz' for CMake module files
[9.437s] Level 1:colcon.colcon_core.environment:checking '/home/kasinath/colcon_ws/install/ur_simulation_gz' for CMake config files
[9.438s] Level 1:colcon.colcon_core.shell:create_environment_hook('ur_simulation_gz', 'cmake_prefix_path')
[9.438s] INFO:colcon.colcon_core.shell:Creating environment hook '/home/kasinath/colcon_ws/install/ur_simulation_gz/share/ur_simulation_gz/hook/cmake_prefix_path.ps1'
[9.439s] INFO:colcon.colcon_core.shell:Creating environment descriptor '/home/kasinath/colcon_ws/install/ur_simulation_gz/share/ur_simulation_gz/hook/cmake_prefix_path.dsv'
[9.440s] INFO:colcon.colcon_core.shell:Creating environment hook '/home/kasinath/colcon_ws/install/ur_simulation_gz/share/ur_simulation_gz/hook/cmake_prefix_path.sh'
[9.441s] Level 1:colcon.colcon_core.environment:checking '/home/kasinath/colcon_ws/install/ur_simulation_gz/lib'
[9.441s] Level 1:colcon.colcon_core.environment:checking '/home/kasinath/colcon_ws/install/ur_simulation_gz/bin'
[9.441s] Level 1:colcon.colcon_core.environment:checking '/home/kasinath/colcon_ws/install/ur_simulation_gz/lib/pkgconfig/ur_simulation_gz.pc'
[9.441s] Level 1:colcon.colcon_core.environment:checking '/home/kasinath/colcon_ws/install/ur_simulation_gz/lib/python3.10/site-packages'
[9.442s] Level 1:colcon.colcon_core.environment:checking '/home/kasinath/colcon_ws/install/ur_simulation_gz/bin'
[9.442s] INFO:colcon.colcon_core.shell:Creating package script '/home/kasinath/colcon_ws/install/ur_simulation_gz/share/ur_simulation_gz/package.ps1'
[9.443s] INFO:colcon.colcon_core.shell:Creating package descriptor '/home/kasinath/colcon_ws/install/ur_simulation_gz/share/ur_simulation_gz/package.dsv'
[9.444s] INFO:colcon.colcon_core.shell:Creating package script '/home/kasinath/colcon_ws/install/ur_simulation_gz/share/ur_simulation_gz/package.sh'
[9.445s] INFO:colcon.colcon_core.shell:Creating package script '/home/kasinath/colcon_ws/install/ur_simulation_gz/share/ur_simulation_gz/package.bash'
[9.446s] INFO:colcon.colcon_core.shell:Creating package script '/home/kasinath/colcon_ws/install/ur_simulation_gz/share/ur_simulation_gz/package.zsh'
[9.447s] Level 1:colcon.colcon_core.environment:create_file_with_runtime_dependencies(/home/kasinath/colcon_ws/install/ur_simulation_gz/share/colcon-core/packages/ur_simulation_gz)
[9.448s] DEBUG:colcon.colcon_ros_domain_id_coordinator.shell.ros_domain_id:Released ROS_DOMAIN_ID=4 for '/home/kasinath/colcon_ws/build/ur_simulation_gz'
[13.065s] DEBUG:colcon.colcon_core.event_handler.log_command:Invoked command in '/home/kasinath/colcon_ws/build/linkattacher_msgs' returned '0': CMAKE_PREFIX_PATH=/opt/ros/humble ROS_DOMAIN_ID=82 /usr/bin/cmake --build /home/kasinath/colcon_ws/build/linkattacher_msgs -- -j4 -l4
[13.066s] DEBUG:colcon.colcon_core.event_handler.log_command:Invoking command in '/home/kasinath/colcon_ws/build/linkattacher_msgs': CMAKE_PREFIX_PATH=/opt/ros/humble ROS_DOMAIN_ID=82 /usr/bin/cmake --install /home/kasinath/colcon_ws/build/linkattacher_msgs
[13.167s] Level 1:colcon.colcon_core.environment:create_environment_scripts_only(linkattacher_msgs)
[13.167s] Level 1:colcon.colcon_core.environment:checking '/home/kasinath/colcon_ws/install/linkattacher_msgs' for CMake module files
[13.167s] DEBUG:colcon.colcon_core.event_handler.log_command:Invoked command in '/home/kasinath/colcon_ws/build/linkattacher_msgs' returned '0': CMAKE_PREFIX_PATH=/opt/ros/humble ROS_DOMAIN_ID=82 /usr/bin/cmake --install /home/kasinath/colcon_ws/build/linkattacher_msgs
[13.168s] Level 1:colcon.colcon_core.environment:checking '/home/kasinath/colcon_ws/install/linkattacher_msgs' for CMake config files
[13.168s] Level 1:colcon.colcon_core.shell:create_environment_hook('linkattacher_msgs', 'cmake_prefix_path')
[13.168s] INFO:colcon.colcon_core.shell:Creating environment hook '/home/kasinath/colcon_ws/install/linkattacher_msgs/share/linkattacher_msgs/hook/cmake_prefix_path.ps1'
[13.169s] INFO:colcon.colcon_core.shell:Creating environment descriptor '/home/kasinath/colcon_ws/install/linkattacher_msgs/share/linkattacher_msgs/hook/cmake_prefix_path.dsv'
[13.169s] INFO:colcon.colcon_core.shell:Creating environment hook '/home/kasinath/colcon_ws/install/linkattacher_msgs/share/linkattacher_msgs/hook/cmake_prefix_path.sh'
[13.169s] Level 1:colcon.colcon_core.environment:checking '/home/kasinath/colcon_ws/install/linkattacher_msgs/lib'
[13.169s] Level 1:colcon.colcon_core.shell:create_environment_hook('linkattacher_msgs', 'ld_library_path_lib')
[13.170s] INFO:colcon.colcon_core.shell:Creating environment hook '/home/kasinath/colcon_ws/install/linkattacher_msgs/share/linkattacher_msgs/hook/ld_library_path_lib.ps1'
[13.170s] INFO:colcon.colcon_core.shell:Creating environment descriptor '/home/kasinath/colcon_ws/install/linkattacher_msgs/share/linkattacher_msgs/hook/ld_library_path_lib.dsv'
[13.170s] INFO:colcon.colcon_core.shell:Creating environment hook '/home/kasinath/colcon_ws/install/linkattacher_msgs/share/linkattacher_msgs/hook/ld_library_path_lib.sh'
[13.170s] Level 1:colcon.colcon_core.environment:checking '/home/kasinath/colcon_ws/install/linkattacher_msgs/bin'
[13.170s] Level 1:colcon.colcon_core.environment:checking '/home/kasinath/colcon_ws/install/linkattacher_msgs/lib/pkgconfig/linkattacher_msgs.pc'
[13.171s] Level 1:colcon.colcon_core.environment:checking '/home/kasinath/colcon_ws/install/linkattacher_msgs/lib/python3.10/site-packages'
[13.171s] Level 1:colcon.colcon_core.environment:checking '/home/kasinath/colcon_ws/install/linkattacher_msgs/bin'
[13.171s] INFO:colcon.colcon_core.shell:Creating package script '/home/kasinath/colcon_ws/install/linkattacher_msgs/share/linkattacher_msgs/package.ps1'
[13.172s] INFO:colcon.colcon_core.shell:Creating package descriptor '/home/kasinath/colcon_ws/install/linkattacher_msgs/share/linkattacher_msgs/package.dsv'
[13.172s] INFO:colcon.colcon_core.shell:Creating package script '/home/kasinath/colcon_ws/install/linkattacher_msgs/share/linkattacher_msgs/package.sh'
[13.172s] INFO:colcon.colcon_core.shell:Creating package script '/home/kasinath/colcon_ws/install/linkattacher_msgs/share/linkattacher_msgs/package.bash'
[13.172s] INFO:colcon.colcon_core.shell:Creating package script '/home/kasinath/colcon_ws/install/linkattacher_msgs/share/linkattacher_msgs/package.zsh'
[13.173s] Level 1:colcon.colcon_core.environment:create_file_with_runtime_dependencies(/home/kasinath/colcon_ws/install/linkattacher_msgs/share/colcon-core/packages/linkattacher_msgs)
[13.173s] Level 1:colcon.colcon_core.environment:create_environment_scripts_only(linkattacher_msgs)
[13.173s] Level 1:colcon.colcon_core.environment:checking '/home/kasinath/colcon_ws/install/linkattacher_msgs' for CMake module files
[13.174s] Level 1:colcon.colcon_core.environment:checking '/home/kasinath/colcon_ws/install/linkattacher_msgs' for CMake config files
[13.174s] Level 1:colcon.colcon_core.shell:create_environment_hook('linkattacher_msgs', 'cmake_prefix_path')
[13.174s] INFO:colcon.colcon_core.shell:Creating environment hook '/home/kasinath/colcon_ws/install/linkattacher_msgs/share/linkattacher_msgs/hook/cmake_prefix_path.ps1'
[13.175s] INFO:colcon.colcon_core.shell:Creating environment descriptor '/home/kasinath/colcon_ws/install/linkattacher_msgs/share/linkattacher_msgs/hook/cmake_prefix_path.dsv'
[13.175s] INFO:colcon.colcon_core.shell:Creating environment hook '/home/kasinath/colcon_ws/install/linkattacher_msgs/share/linkattacher_msgs/hook/cmake_prefix_path.sh'
[13.175s] Level 1:colcon.colcon_core.environment:checking '/home/kasinath/colcon_ws/install/linkattacher_msgs/lib'
[13.175s] Level 1:colcon.colcon_core.shell:create_environment_hook('linkattacher_msgs', 'ld_library_path_lib')
[13.176s] INFO:colcon.colcon_core.shell:Creating environment hook '/home/kasinath/colcon_ws/install/linkattacher_msgs/share/linkattacher_msgs/hook/ld_library_path_lib.ps1'
[13.176s] INFO:colcon.colcon_core.shell:Creating environment descriptor '/home/kasinath/colcon_ws/install/linkattacher_msgs/share/linkattacher_msgs/hook/ld_library_path_lib.dsv'
[13.176s] INFO:colcon.colcon_core.shell:Creating environment hook '/home/kasinath/colcon_ws/install/linkattacher_msgs/share/linkattacher_msgs/hook/ld_library_path_lib.sh'
[13.176s] Level 1:colcon.colcon_core.environment:checking '/home/kasinath/colcon_ws/install/linkattacher_msgs/bin'
[13.176s] Level 1:colcon.colcon_core.environment:checking '/home/kasinath/colcon_ws/install/linkattacher_msgs/lib/pkgconfig/linkattacher_msgs.pc'
[13.177s] Level 1:colcon.colcon_core.environment:checking '/home/kasinath/colcon_ws/install/linkattacher_msgs/lib/python3.10/site-packages'
[13.177s] Level 1:colcon.colcon_core.environment:checking '/home/kasinath/colcon_ws/install/linkattacher_msgs/bin'
[13.177s] INFO:colcon.colcon_core.shell:Creating package script '/home/kasinath/colcon_ws/install/linkattacher_msgs/share/linkattacher_msgs/package.ps1'
[13.225s] INFO:colcon.colcon_core.shell:Creating package descriptor '/home/kasinath/colcon_ws/install/linkattacher_msgs/share/linkattacher_msgs/package.dsv'
[13.226s] INFO:colcon.colcon_core.shell:Creating package script '/home/kasinath/colcon_ws/install/linkattacher_msgs/share/linkattacher_msgs/package.sh'
[13.227s] INFO:colcon.colcon_core.shell:Creating package script '/home/kasinath/colcon_ws/install/linkattacher_msgs/share/linkattacher_msgs/package.bash'
[13.227s] INFO:colcon.colcon_core.shell:Creating package script '/home/kasinath/colcon_ws/install/linkattacher_msgs/share/linkattacher_msgs/package.zsh'
[13.227s] Level 1:colcon.colcon_core.environment:create_file_with_runtime_dependencies(/home/kasinath/colcon_ws/install/linkattacher_msgs/share/colcon-core/packages/linkattacher_msgs)
[13.228s] DEBUG:colcon.colcon_parallel_executor.executor.parallel:closing loop
[13.228s] DEBUG:colcon.colcon_parallel_executor.executor.parallel:loop closed
[13.228s] DEBUG:colcon.colcon_parallel_executor.executor.parallel:run_until_complete finished with '0'
[13.228s] DEBUG:colcon.colcon_core.event_reactor:joining thread
[13.228s] DEBUG:colcon.colcon_ros_domain_id_coordinator.shell.ros_domain_id:Released ROS_DOMAIN_ID=82 for '/home/kasinath/colcon_ws/build/linkattacher_msgs'
[13.291s] INFO:colcon.colcon_core.plugin_system:Skipping extension 'colcon_notification.desktop_notification.terminal_notifier': Not used on non-Darwin systems
[13.291s] INFO:colcon.colcon_core.plugin_system:Skipping extension 'colcon_notification.desktop_notification.win32': Not used on non-Windows systems
[13.291s] INFO:colcon.colcon_notification.desktop_notification:Sending desktop notification using 'notify2'
[13.316s] DEBUG:colcon.colcon_core.event_reactor:joined thread
[13.316s] INFO:colcon.colcon_core.shell:Creating prefix script '/home/kasinath/colcon_ws/install/local_setup.ps1'
[13.318s] INFO:colcon.colcon_core.shell:Creating prefix util module '/home/kasinath/colcon_ws/install/_local_setup_util_ps1.py'
[13.349s] INFO:colcon.colcon_core.shell:Creating prefix chain script '/home/kasinath/colcon_ws/install/setup.ps1'
[13.361s] INFO:colcon.colcon_core.shell:Creating prefix script '/home/kasinath/colcon_ws/install/local_setup.sh'
[13.362s] INFO:colcon.colcon_core.shell:Creating prefix util module '/home/kasinath/colcon_ws/install/_local_setup_util_sh.py'
[13.362s] INFO:colcon.colcon_core.shell:Creating prefix chain script '/home/kasinath/colcon_ws/install/setup.sh'
[13.364s] INFO:colcon.colcon_core.shell:Creating prefix script '/home/kasinath/colcon_ws/install/local_setup.bash'
[13.368s] INFO:colcon.colcon_core.shell:Creating prefix chain script '/home/kasinath/colcon_ws/install/setup.bash'
[13.370s] INFO:colcon.colcon_core.shell:Creating prefix script '/home/kasinath/colcon_ws/install/local_setup.zsh'
[13.372s] INFO:colcon.colcon_core.shell:Creating prefix chain script '/home/kasinath/colcon_ws/install/setup.zsh'
[13.373s] INFO:colcon.colcon_core.shell:Creating '/home/kasinath/colcon_ws/install/spawn_shell.bash'
