[0.697s] DEBUG:colcon:Command line arguments: ['/usr/bin/colcon', 'build', '--packages-select', 'ur5_control']
[0.697s] DEBUG:colcon:Parsed command line arguments: Namespace(log_base=None, log_level=None, verb_name='build', build_base='build', install_base='install', merge_install=False, symlink_install=False, test_result_base=None, continue_on_error=False, executor='parallel', parallel_workers=4, event_handlers=None, ignore_user_meta=False, metas=['./colcon.meta'], base_paths=['.'], packages_ignore=None, packages_ignore_regex=None, paths=None, packages_up_to=None, packages_up_to_regex=None, packages_above=None, packages_above_and_dependencies=None, packages_above_depth=None, packages_select_by_dep=None, packages_skip_by_dep=None, packages_skip_up_to=None, packages_select_build_failed=False, packages_skip_build_finished=False, packages_select_test_failures=False, packages_skip_test_passed=False, packages_select=['ur5_control'], packages_skip=None, packages_select_regex=None, packages_skip_regex=None, packages_start=None, packages_end=None, allow_overriding=[], bazel_args=None, bazel_task=None, cmake_args=None, cmake_target=None, cmake_target_skip_unavailable=False, cmake_clean_cache=False, cmake_clean_first=False, cmake_force_configure=False, meson_args=[], ament_cmake_args=None, catkin_cmake_args=None, catkin_skip_building_tests=False, mixin_files=None, mixin=None, verb_parser=<colcon_alias.argument_parser.alias.AliasArgumentDecorator object at 0x7d215bf326e0>, verb_extension=<colcon_core.verb.build.BuildVerb object at 0x7d215bf31630>, main=<bound method BuildVerb.main of <colcon_core.verb.build.BuildVerb object at 0x7d215bf31630>>, mixin_verb=('build',))
[0.815s] Level 1:colcon.colcon_core.package_discovery:discover_packages(colcon_meta) check parameters
[0.815s] Level 1:colcon.colcon_core.package_discovery:discover_packages(recursive) check parameters
[0.815s] Level 1:colcon.colcon_core.package_discovery:discover_packages(ignore) check parameters
[0.815s] Level 1:colcon.colcon_core.package_discovery:discover_packages(path) check parameters
[0.815s] Level 1:colcon.colcon_core.package_discovery:discover_packages(colcon_meta) discover
[0.815s] Level 1:colcon.colcon_core.package_discovery:discover_packages(recursive) discover
[0.815s] INFO:colcon.colcon_core.package_discovery:Crawling recursively for packages in '/home/kasinath/colcon_ws'
[0.815s] Level 1:colcon.colcon_core.package_identification:_identify(.) by extensions ['ignore', 'ignore_ament_install']
[0.815s] Level 1:colcon.colcon_core.package_identification:_identify(.) by extension 'ignore'
[0.815s] Level 1:colcon.colcon_core.package_identification:_identify(.) by extension 'ignore_ament_install'
[0.815s] Level 1:colcon.colcon_core.package_identification:_identify(.) by extensions ['colcon_pkg']
[0.815s] Level 1:colcon.colcon_core.package_identification:_identify(.) by extension 'colcon_pkg'
[0.815s] Level 1:colcon.colcon_core.package_identification:_identify(.) by extensions ['colcon_meta']
[0.815s] Level 1:colcon.colcon_core.package_identification:_identify(.) by extension 'colcon_meta'
[0.815s] Level 1:colcon.colcon_core.package_identification:_identify(.) by extensions ['ros']
[0.816s] Level 1:colcon.colcon_core.package_identification:_identify(.) by extension 'ros'
[0.820s] Level 1:colcon.colcon_core.package_identification:_identify(.) by extensions ['bazel', 'cmake', 'meson', 'python']
[0.820s] Level 1:colcon.colcon_core.package_identification:_identify(.) by extension 'bazel'
[0.820s] Level 1:colcon.colcon_core.package_identification:_identify(.) by extension 'cmake'
[0.820s] Level 1:colcon.colcon_core.package_identification:_identify(.) by extension 'meson'
[0.820s] Level 1:colcon.colcon_core.package_identification:_identify(.) by extension 'python'
[0.821s] Level 1:colcon.colcon_core.package_identification:_identify(.) by extensions ['python_setup_py']
[0.821s] Level 1:colcon.colcon_core.package_identification:_identify(.) by extension 'python_setup_py'
[0.821s] Level 1:colcon.colcon_core.package_identification:_identify(build) by extensions ['ignore', 'ignore_ament_install']
[0.821s] Level 1:colcon.colcon_core.package_identification:_identify(build) by extension 'ignore'
[0.821s] Level 1:colcon.colcon_core.package_identification:_identify(build) ignored
[0.821s] Level 1:colcon.colcon_core.package_identification:_identify(install) by extensions ['ignore', 'ignore_ament_install']
[0.821s] Level 1:colcon.colcon_core.package_identification:_identify(install) by extension 'ignore'
[0.821s] Level 1:colcon.colcon_core.package_identification:_identify(install) ignored
[0.821s] Level 1:colcon.colcon_core.package_identification:_identify(log) by extensions ['ignore', 'ignore_ament_install']
[0.821s] Level 1:colcon.colcon_core.package_identification:_identify(log) by extension 'ignore'
[0.821s] Level 1:colcon.colcon_core.package_identification:_identify(log) ignored
[0.821s] Level 1:colcon.colcon_core.package_identification:_identify(src) by extensions ['ignore', 'ignore_ament_install']
[0.821s] Level 1:colcon.colcon_core.package_identification:_identify(src) by extension 'ignore'
[0.822s] Level 1:colcon.colcon_core.package_identification:_identify(src) by extension 'ignore_ament_install'
[0.822s] Level 1:colcon.colcon_core.package_identification:_identify(src) by extensions ['colcon_pkg']
[0.822s] Level 1:colcon.colcon_core.package_identification:_identify(src) by extension 'colcon_pkg'
[0.822s] Level 1:colcon.colcon_core.package_identification:_identify(src) by extensions ['colcon_meta']
[0.822s] Level 1:colcon.colcon_core.package_identification:_identify(src) by extension 'colcon_meta'
[0.822s] Level 1:colcon.colcon_core.package_identification:_identify(src) by extensions ['ros']
[0.822s] Level 1:colcon.colcon_core.package_identification:_identify(src) by extension 'ros'
[0.822s] Level 1:colcon.colcon_core.package_identification:_identify(src) by extensions ['bazel', 'cmake', 'meson', 'python']
[0.822s] Level 1:colcon.colcon_core.package_identification:_identify(src) by extension 'bazel'
[0.822s] Level 1:colcon.colcon_core.package_identification:_identify(src) by extension 'cmake'
[0.822s] Level 1:colcon.colcon_core.package_identification:_identify(src) by extension 'meson'
[0.822s] Level 1:colcon.colcon_core.package_identification:_identify(src) by extension 'python'
[0.822s] Level 1:colcon.colcon_core.package_identification:_identify(src) by extensions ['python_setup_py']
[0.822s] Level 1:colcon.colcon_core.package_identification:_identify(src) by extension 'python_setup_py'
[0.822s] Level 1:colcon.colcon_core.package_identification:_identify(src/ebot_description) by extensions ['ignore', 'ignore_ament_install']
[0.822s] Level 1:colcon.colcon_core.package_identification:_identify(src/ebot_description) by extension 'ignore'
[0.822s] Level 1:colcon.colcon_core.package_identification:_identify(src/ebot_description) by extension 'ignore_ament_install'
[0.822s] Level 1:colcon.colcon_core.package_identification:_identify(src/ebot_description) by extensions ['colcon_pkg']
[0.822s] Level 1:colcon.colcon_core.package_identification:_identify(src/ebot_description) by extension 'colcon_pkg'
[0.822s] Level 1:colcon.colcon_core.package_identification:_identify(src/ebot_description) by extensions ['colcon_meta']
[0.822s] Level 1:colcon.colcon_core.package_identification:_identify(src/ebot_description) by extension 'colcon_meta'
[0.822s] Level 1:colcon.colcon_core.package_identification:_identify(src/ebot_description) by extensions ['ros']
[0.822s] Level 1:colcon.colcon_core.package_identification:_identify(src/ebot_description) by extension 'ros'
[0.828s] DEBUG:colcon.colcon_core.package_identification:Package 'src/ebot_description' with type 'ros.ament_cmake' and name 'ebot_description'
[0.828s] Level 1:colcon.colcon_core.package_identification:_identify(src/eyantra_warehouse) by extensions ['ignore', 'ignore_ament_install']
[0.828s] Level 1:colcon.colcon_core.package_identification:_identify(src/eyantra_warehouse) by extension 'ignore'
[0.828s] Level 1:colcon.colcon_core.package_identification:_identify(src/eyantra_warehouse) by extension 'ignore_ament_install'
[0.828s] Level 1:colcon.colcon_core.package_identification:_identify(src/eyantra_warehouse) by extensions ['colcon_pkg']
[0.828s] Level 1:colcon.colcon_core.package_identification:_identify(src/eyantra_warehouse) by extension 'colcon_pkg'
[0.828s] Level 1:colcon.colcon_core.package_identification:_identify(src/eyantra_warehouse) by extensions ['colcon_meta']
[0.829s] Level 1:colcon.colcon_core.package_identification:_identify(src/eyantra_warehouse) by extension 'colcon_meta'
[0.829s] Level 1:colcon.colcon_core.package_identification:_identify(src/eyantra_warehouse) by extensions ['ros']
[0.829s] Level 1:colcon.colcon_core.package_identification:_identify(src/eyantra_warehouse) by extension 'ros'
[0.830s] DEBUG:colcon.colcon_core.package_identification:Package 'src/eyantra_warehouse' with type 'ros.ament_cmake' and name 'eyantra_warehouse'
[0.830s] Level 1:colcon.colcon_core.package_identification:_identify(src/linkattacher_msgs) by extensions ['ignore', 'ignore_ament_install']
[0.830s] Level 1:colcon.colcon_core.package_identification:_identify(src/linkattacher_msgs) by extension 'ignore'
[0.830s] Level 1:colcon.colcon_core.package_identification:_identify(src/linkattacher_msgs) by extension 'ignore_ament_install'
[0.830s] Level 1:colcon.colcon_core.package_identification:_identify(src/linkattacher_msgs) by extensions ['colcon_pkg']
[0.830s] Level 1:colcon.colcon_core.package_identification:_identify(src/linkattacher_msgs) by extension 'colcon_pkg'
[0.830s] Level 1:colcon.colcon_core.package_identification:_identify(src/linkattacher_msgs) by extensions ['colcon_meta']
[0.830s] Level 1:colcon.colcon_core.package_identification:_identify(src/linkattacher_msgs) by extension 'colcon_meta'
[0.830s] Level 1:colcon.colcon_core.package_identification:_identify(src/linkattacher_msgs) by extensions ['ros']
[0.830s] Level 1:colcon.colcon_core.package_identification:_identify(src/linkattacher_msgs) by extension 'ros'
[0.831s] DEBUG:colcon.colcon_core.package_identification:Package 'src/linkattacher_msgs' with type 'ros.ament_cmake' and name 'linkattacher_msgs'
[0.831s] Level 1:colcon.colcon_core.package_identification:_identify(src/ur5_control) by extensions ['ignore', 'ignore_ament_install']
[0.831s] Level 1:colcon.colcon_core.package_identification:_identify(src/ur5_control) by extension 'ignore'
[0.831s] Level 1:colcon.colcon_core.package_identification:_identify(src/ur5_control) by extension 'ignore_ament_install'
[0.832s] Level 1:colcon.colcon_core.package_identification:_identify(src/ur5_control) by extensions ['colcon_pkg']
[0.832s] Level 1:colcon.colcon_core.package_identification:_identify(src/ur5_control) by extension 'colcon_pkg'
[0.832s] Level 1:colcon.colcon_core.package_identification:_identify(src/ur5_control) by extensions ['colcon_meta']
[0.832s] Level 1:colcon.colcon_core.package_identification:_identify(src/ur5_control) by extension 'colcon_meta'
[0.832s] Level 1:colcon.colcon_core.package_identification:_identify(src/ur5_control) by extensions ['ros']
[0.832s] Level 1:colcon.colcon_core.package_identification:_identify(src/ur5_control) by extension 'ros'
[0.833s] DEBUG:colcon.colcon_core.package_identification:Package 'src/ur5_control' with type 'ros.ament_cmake' and name 'ur5_control'
[0.833s] Level 1:colcon.colcon_core.package_identification:_identify(src/ur_description) by extensions ['ignore', 'ignore_ament_install']
[0.833s] Level 1:colcon.colcon_core.package_identification:_identify(src/ur_description) by extension 'ignore'
[0.833s] Level 1:colcon.colcon_core.package_identification:_identify(src/ur_description) by extension 'ignore_ament_install'
[0.833s] Level 1:colcon.colcon_core.package_identification:_identify(src/ur_description) by extensions ['colcon_pkg']
[0.833s] Level 1:colcon.colcon_core.package_identification:_identify(src/ur_description) by extension 'colcon_pkg'
[0.833s] Level 1:colcon.colcon_core.package_identification:_identify(src/ur_description) by extensions ['colcon_meta']
[0.833s] Level 1:colcon.colcon_core.package_identification:_identify(src/ur_description) by extension 'colcon_meta'
[0.833s] Level 1:colcon.colcon_core.package_identification:_identify(src/ur_description) by extensions ['ros']
[0.833s] Level 1:colcon.colcon_core.package_identification:_identify(src/ur_description) by extension 'ros'
[0.834s] DEBUG:colcon.colcon_core.package_identification:Package 'src/ur_description' with type 'ros.ament_cmake' and name 'ur_description'
[0.835s] Level 1:colcon.colcon_core.package_identification:_identify(src/ur_simulation_gz) by extensions ['ignore', 'ignore_ament_install']
[0.835s] Level 1:colcon.colcon_core.package_identification:_identify(src/ur_simulation_gz) by extension 'ignore'
[0.835s] Level 1:colcon.colcon_core.package_identification:_identify(src/ur_simulation_gz) by extension 'ignore_ament_install'
[0.835s] Level 1:colcon.colcon_core.package_identification:_identify(src/ur_simulation_gz) by extensions ['colcon_pkg']
[0.835s] Level 1:colcon.colcon_core.package_identification:_identify(src/ur_simulation_gz) by extension 'colcon_pkg'
[0.835s] Level 1:colcon.colcon_core.package_identification:_identify(src/ur_simulation_gz) by extensions ['colcon_meta']
[0.835s] Level 1:colcon.colcon_core.package_identification:_identify(src/ur_simulation_gz) by extension 'colcon_meta'
[0.835s] Level 1:colcon.colcon_core.package_identification:_identify(src/ur_simulation_gz) by extensions ['ros']
[0.835s] Level 1:colcon.colcon_core.package_identification:_identify(src/ur_simulation_gz) by extension 'ros'
[0.836s] DEBUG:colcon.colcon_core.package_identification:Package 'src/ur_simulation_gz' with type 'ros.ament_cmake' and name 'ur_simulation_gz'
[0.836s] Level 1:colcon.colcon_core.package_discovery:discover_packages(recursive) using defaults
[0.836s] Level 1:colcon.colcon_core.package_discovery:discover_packages(ignore) discover
[0.836s] Level 1:colcon.colcon_core.package_discovery:discover_packages(ignore) using defaults
[0.836s] Level 1:colcon.colcon_core.package_discovery:discover_packages(path) discover
[0.836s] Level 1:colcon.colcon_core.package_discovery:discover_packages(path) using defaults
[0.870s] INFO:colcon.colcon_core.package_selection:Skipping not selected package 'ebot_description' in 'src/ebot_description'
[0.870s] INFO:colcon.colcon_core.package_selection:Skipping not selected package 'eyantra_warehouse' in 'src/eyantra_warehouse'
[0.870s] INFO:colcon.colcon_core.package_selection:Skipping not selected package 'linkattacher_msgs' in 'src/linkattacher_msgs'
[0.870s] INFO:colcon.colcon_core.package_selection:Skipping not selected package 'ur_description' in 'src/ur_description'
[0.870s] INFO:colcon.colcon_core.package_selection:Skipping not selected package 'ur_simulation_gz' in 'src/ur_simulation_gz'
[0.871s] Level 1:colcon.colcon_core.package_discovery:discover_packages(prefix_path) check parameters
[0.871s] Level 1:colcon.colcon_core.package_discovery:discover_packages(prefix_path) discover
[0.875s] DEBUG:colcon.colcon_installed_package_information.package_discovery:Found 6 installed packages in /home/kasinath/colcon_ws/install
[0.877s] DEBUG:colcon.colcon_installed_package_information.package_discovery:Found 515 installed packages in /opt/ros/humble
[0.879s] Level 1:colcon.colcon_core.package_discovery:discover_packages(prefix_path) using defaults
[0.950s] Level 5:colcon.colcon_core.verb:set package 'ur5_control' build argument 'bazel_args' from command line to 'None'
[0.950s] Level 5:colcon.colcon_core.verb:set package 'ur5_control' build argument 'bazel_task' from command line to 'None'
[0.951s] Level 5:colcon.colcon_core.verb:set package 'ur5_control' build argument 'cmake_args' from command line to 'None'
[0.951s] Level 5:colcon.colcon_core.verb:set package 'ur5_control' build argument 'cmake_target' from command line to 'None'
[0.951s] Level 5:colcon.colcon_core.verb:set package 'ur5_control' build argument 'cmake_target_skip_unavailable' from command line to 'False'
[0.951s] Level 5:colcon.colcon_core.verb:set package 'ur5_control' build argument 'cmake_clean_cache' from command line to 'False'
[0.951s] Level 5:colcon.colcon_core.verb:set package 'ur5_control' build argument 'cmake_clean_first' from command line to 'False'
[0.951s] Level 5:colcon.colcon_core.verb:set package 'ur5_control' build argument 'cmake_force_configure' from command line to 'False'
[0.951s] Level 5:colcon.colcon_core.verb:set package 'ur5_control' build argument 'meson_args' from command line to '[]'
[0.951s] Level 5:colcon.colcon_core.verb:set package 'ur5_control' build argument 'ament_cmake_args' from command line to 'None'
[0.951s] Level 5:colcon.colcon_core.verb:set package 'ur5_control' build argument 'catkin_cmake_args' from command line to 'None'
[0.951s] Level 5:colcon.colcon_core.verb:set package 'ur5_control' build argument 'catkin_skip_building_tests' from command line to 'False'
[0.951s] DEBUG:colcon.colcon_core.verb:Building package 'ur5_control' with the following arguments: {'ament_cmake_args': None, 'bazel_args': None, 'bazel_task': None, 'build_base': '/home/kasinath/colcon_ws/build/ur5_control', 'catkin_cmake_args': None, 'catkin_skip_building_tests': False, 'cmake_args': None, 'cmake_clean_cache': False, 'cmake_clean_first': False, 'cmake_force_configure': False, 'cmake_target': None, 'cmake_target_skip_unavailable': False, 'install_base': '/home/kasinath/colcon_ws/install/ur5_control', 'merge_install': False, 'meson_args': [], 'path': '/home/kasinath/colcon_ws/src/ur5_control', 'symlink_install': False, 'test_result_base': None}
[0.951s] INFO:colcon.colcon_core.executor:Executing jobs using 'parallel' executor
[0.952s] DEBUG:colcon.colcon_parallel_executor.executor.parallel:run_until_complete
[0.952s] INFO:colcon.colcon_ros.task.ament_cmake.build:Building ROS package in '/home/kasinath/colcon_ws/src/ur5_control' with build type 'ament_cmake'
[0.953s] INFO:colcon.colcon_cmake.task.cmake.build:Building CMake package in '/home/kasinath/colcon_ws/src/ur5_control'
[0.959s] INFO:colcon.colcon_core.plugin_system:Skipping extension 'colcon_core.shell.bat': Not used on non-Windows systems
[0.959s] DEBUG:colcon.colcon_ros_domain_id_coordinator.shell.ros_domain_id:Allocated ROS_DOMAIN_ID=79 for '/home/kasinath/colcon_ws/build/ur5_control'
[0.960s] INFO:colcon.colcon_core.shell:Skip shell extension 'ros_domain_id' for command environment: 
[0.960s] INFO:colcon.colcon_core.shell:Skip shell extension 'powershell' for command environment: Not usable outside of PowerShell
[0.960s] DEBUG:colcon.colcon_core.shell:Skip shell extension 'dsv' for command environment
[0.978s] DEBUG:colcon.colcon_core.event_handler.log_command:Invoking command in '/home/kasinath/colcon_ws/build/ur5_control': CMAKE_PREFIX_PATH=${CMAKE_PREFIX_PATH}:/opt/ros/humble /usr/bin/cmake --build /home/kasinath/colcon_ws/build/ur5_control -- -j4 -l4
[1.079s] DEBUG:colcon.colcon_core.event_handler.log_command:Invoked command in '/home/kasinath/colcon_ws/build/ur5_control' returned '0': CMAKE_PREFIX_PATH=${CMAKE_PREFIX_PATH}:/opt/ros/humble /usr/bin/cmake --build /home/kasinath/colcon_ws/build/ur5_control -- -j4 -l4
[1.097s] DEBUG:colcon.colcon_core.event_handler.log_command:Invoking command in '/home/kasinath/colcon_ws/build/ur5_control': CMAKE_PREFIX_PATH=${CMAKE_PREFIX_PATH}:/opt/ros/humble /usr/bin/cmake --install /home/kasinath/colcon_ws/build/ur5_control
[1.122s] Level 1:colcon.colcon_core.environment:create_environment_scripts_only(ur5_control)
[1.124s] DEBUG:colcon.colcon_core.event_handler.log_command:Invoked command in '/home/kasinath/colcon_ws/build/ur5_control' returned '0': CMAKE_PREFIX_PATH=${CMAKE_PREFIX_PATH}:/opt/ros/humble /usr/bin/cmake --install /home/kasinath/colcon_ws/build/ur5_control
[1.133s] Level 1:colcon.colcon_core.environment:checking '/home/kasinath/colcon_ws/install/ur5_control' for CMake module files
[1.134s] Level 1:colcon.colcon_core.environment:checking '/home/kasinath/colcon_ws/install/ur5_control' for CMake config files
[1.134s] Level 1:colcon.colcon_core.shell:create_environment_hook('ur5_control', 'cmake_prefix_path')
[1.134s] INFO:colcon.colcon_core.shell:Creating environment hook '/home/kasinath/colcon_ws/install/ur5_control/share/ur5_control/hook/cmake_prefix_path.ps1'
[1.140s] INFO:colcon.colcon_core.shell:Creating environment descriptor '/home/kasinath/colcon_ws/install/ur5_control/share/ur5_control/hook/cmake_prefix_path.dsv'
[1.141s] INFO:colcon.colcon_core.shell:Creating environment hook '/home/kasinath/colcon_ws/install/ur5_control/share/ur5_control/hook/cmake_prefix_path.sh'
[1.143s] Level 1:colcon.colcon_core.environment:checking '/home/kasinath/colcon_ws/install/ur5_control/lib'
[1.143s] Level 1:colcon.colcon_core.environment:checking '/home/kasinath/colcon_ws/install/ur5_control/bin'
[1.143s] Level 1:colcon.colcon_core.environment:checking '/home/kasinath/colcon_ws/install/ur5_control/lib/pkgconfig/ur5_control.pc'
[1.144s] Level 1:colcon.colcon_core.environment:checking '/home/kasinath/colcon_ws/install/ur5_control/lib/python3.10/site-packages'
[1.144s] Level 1:colcon.colcon_core.environment:checking '/home/kasinath/colcon_ws/install/ur5_control/bin'
[1.144s] INFO:colcon.colcon_core.shell:Creating package script '/home/kasinath/colcon_ws/install/ur5_control/share/ur5_control/package.ps1'
[1.146s] INFO:colcon.colcon_core.shell:Creating package descriptor '/home/kasinath/colcon_ws/install/ur5_control/share/ur5_control/package.dsv'
[1.149s] INFO:colcon.colcon_core.shell:Creating package script '/home/kasinath/colcon_ws/install/ur5_control/share/ur5_control/package.sh'
[1.154s] INFO:colcon.colcon_core.shell:Creating package script '/home/kasinath/colcon_ws/install/ur5_control/share/ur5_control/package.bash'
[1.156s] INFO:colcon.colcon_core.shell:Creating package script '/home/kasinath/colcon_ws/install/ur5_control/share/ur5_control/package.zsh'
[1.158s] Level 1:colcon.colcon_core.environment:create_file_with_runtime_dependencies(/home/kasinath/colcon_ws/install/ur5_control/share/colcon-core/packages/ur5_control)
[1.159s] Level 1:colcon.colcon_core.environment:create_environment_scripts_only(ur5_control)
[1.162s] Level 1:colcon.colcon_core.environment:checking '/home/kasinath/colcon_ws/install/ur5_control' for CMake module files
[1.163s] Level 1:colcon.colcon_core.environment:checking '/home/kasinath/colcon_ws/install/ur5_control' for CMake config files
[1.163s] Level 1:colcon.colcon_core.shell:create_environment_hook('ur5_control', 'cmake_prefix_path')
[1.164s] INFO:colcon.colcon_core.shell:Creating environment hook '/home/kasinath/colcon_ws/install/ur5_control/share/ur5_control/hook/cmake_prefix_path.ps1'
[1.164s] INFO:colcon.colcon_core.shell:Creating environment descriptor '/home/kasinath/colcon_ws/install/ur5_control/share/ur5_control/hook/cmake_prefix_path.dsv'
[1.165s] INFO:colcon.colcon_core.shell:Creating environment hook '/home/kasinath/colcon_ws/install/ur5_control/share/ur5_control/hook/cmake_prefix_path.sh'
[1.167s] Level 1:colcon.colcon_core.environment:checking '/home/kasinath/colcon_ws/install/ur5_control/lib'
[1.167s] Level 1:colcon.colcon_core.environment:checking '/home/kasinath/colcon_ws/install/ur5_control/bin'
[1.167s] Level 1:colcon.colcon_core.environment:checking '/home/kasinath/colcon_ws/install/ur5_control/lib/pkgconfig/ur5_control.pc'
[1.167s] Level 1:colcon.colcon_core.environment:checking '/home/kasinath/colcon_ws/install/ur5_control/lib/python3.10/site-packages'
[1.167s] Level 1:colcon.colcon_core.environment:checking '/home/kasinath/colcon_ws/install/ur5_control/bin'
[1.170s] INFO:colcon.colcon_core.shell:Creating package script '/home/kasinath/colcon_ws/install/ur5_control/share/ur5_control/package.ps1'
[1.171s] INFO:colcon.colcon_core.shell:Creating package descriptor '/home/kasinath/colcon_ws/install/ur5_control/share/ur5_control/package.dsv'
[1.172s] INFO:colcon.colcon_core.shell:Creating package script '/home/kasinath/colcon_ws/install/ur5_control/share/ur5_control/package.sh'
[1.176s] INFO:colcon.colcon_core.shell:Creating package script '/home/kasinath/colcon_ws/install/ur5_control/share/ur5_control/package.bash'
[1.177s] INFO:colcon.colcon_core.shell:Creating package script '/home/kasinath/colcon_ws/install/ur5_control/share/ur5_control/package.zsh'
[1.178s] Level 1:colcon.colcon_core.environment:create_file_with_runtime_dependencies(/home/kasinath/colcon_ws/install/ur5_control/share/colcon-core/packages/ur5_control)
[1.178s] DEBUG:colcon.colcon_parallel_executor.executor.parallel:closing loop
[1.181s] DEBUG:colcon.colcon_parallel_executor.executor.parallel:loop closed
[1.181s] DEBUG:colcon.colcon_ros_domain_id_coordinator.shell.ros_domain_id:Released ROS_DOMAIN_ID=79 for '/home/kasinath/colcon_ws/build/ur5_control'
[1.181s] DEBUG:colcon.colcon_parallel_executor.executor.parallel:run_until_complete finished with '0'
[1.181s] DEBUG:colcon.colcon_core.event_reactor:joining thread
[1.197s] INFO:colcon.colcon_core.plugin_system:Skipping extension 'colcon_notification.desktop_notification.terminal_notifier': Not used on non-Darwin systems
[1.197s] INFO:colcon.colcon_core.plugin_system:Skipping extension 'colcon_notification.desktop_notification.win32': Not used on non-Windows systems
[1.198s] INFO:colcon.colcon_notification.desktop_notification:Sending desktop notification using 'notify2'
[1.319s] DEBUG:colcon.colcon_core.event_reactor:joined thread
[1.319s] INFO:colcon.colcon_core.shell:Creating prefix script '/home/kasinath/colcon_ws/install/local_setup.ps1'
[1.321s] INFO:colcon.colcon_core.shell:Creating prefix util module '/home/kasinath/colcon_ws/install/_local_setup_util_ps1.py'
[1.325s] INFO:colcon.colcon_core.shell:Creating prefix chain script '/home/kasinath/colcon_ws/install/setup.ps1'
[1.328s] INFO:colcon.colcon_core.shell:Creating prefix script '/home/kasinath/colcon_ws/install/local_setup.sh'
[1.330s] INFO:colcon.colcon_core.shell:Creating prefix util module '/home/kasinath/colcon_ws/install/_local_setup_util_sh.py'
[1.331s] INFO:colcon.colcon_core.shell:Creating prefix chain script '/home/kasinath/colcon_ws/install/setup.sh'
[1.333s] INFO:colcon.colcon_core.shell:Creating prefix script '/home/kasinath/colcon_ws/install/local_setup.bash'
[1.335s] INFO:colcon.colcon_core.shell:Creating prefix chain script '/home/kasinath/colcon_ws/install/setup.bash'
[1.337s] INFO:colcon.colcon_core.shell:Creating prefix script '/home/kasinath/colcon_ws/install/local_setup.zsh'
[1.339s] INFO:colcon.colcon_core.shell:Creating prefix chain script '/home/kasinath/colcon_ws/install/setup.zsh'
[1.342s] INFO:colcon.colcon_core.shell:Creating '/home/kasinath/colcon_ws/install/spawn_shell.bash'
