[0.043s] Invoking command in '/home/kasinath/colcon_ws/build/linkattacher_msgs': CMAKE_PREFIX_PATH=${CMAKE_PREFIX_PATH}:/opt/ros/humble /usr/bin/cmake --build /home/kasinath/colcon_ws/build/linkattacher_msgs -- -j4 -l4
[0.249s] [  2%] Built target linkattacher_msgs__cpp
[0.338s] [  2%] Built target ament_cmake_python_copy_linkattacher_msgs
[0.381s] [ 12%] Built target linkattacher_msgs__rosidl_generator_c
[0.400s] [ 23%] Built target linkattacher_msgs__rosidl_typesupport_cpp
[0.401s] [ 33%] Built target linkattacher_msgs__rosidl_typesupport_fastrtps_cpp
[0.435s] [ 43%] Built target linkattacher_msgs__rosidl_typesupport_introspection_cpp
[0.475s] [ 53%] Built target linkattacher_msgs__rosidl_typesupport_introspection_c
[0.495s] [ 64%] Built target linkattacher_msgs__rosidl_typesupport_fastrtps_c
[0.507s] [ 74%] Built target linkattacher_msgs__rosidl_typesupport_c
[0.543s] [ 74%] Built target linkattacher_msgs
[0.610s] [ 76%] Built target linkattacher_msgs__py
[0.709s] [ 79%] [32mBuilding C object CMakeFiles/linkattacher_msgs__rosidl_generator_py.dir/rosidl_generator_py/linkattacher_msgs/srv/_detach_link_s.c.o[0m
[0.711s] [ 82%] [32mBuilding C object CMakeFiles/linkattacher_msgs__rosidl_generator_py.dir/rosidl_generator_py/linkattacher_msgs/srv/_attach_link_s.c.o[0m
[0.876s] running egg_info
[0.907s] writing linkattacher_msgs.egg-info/PKG-INFO
[0.910s] writing dependency_links to linkattacher_msgs.egg-info/dependency_links.txt
[0.911s] writing top-level names to linkattacher_msgs.egg-info/top_level.txt
[1.035s] reading manifest file 'linkattacher_msgs.egg-info/SOURCES.txt'
[1.038s] writing manifest file 'linkattacher_msgs.egg-info/SOURCES.txt'
[1.096s] [ 82%] Built target ament_cmake_python_build_linkattacher_msgs_egg
[1.298s] [ 84%] [32m[1mLinking C shared library rosidl_generator_py/linkattacher_msgs/liblinkattacher_msgs__rosidl_generator_py.so[0m
[1.380s] [ 84%] Built target linkattacher_msgs__rosidl_generator_py
[1.426s] [ 89%] [32mBuilding C object CMakeFiles/linkattacher_msgs__rosidl_typesupport_fastrtps_c__pyext.dir/rosidl_generator_py/linkattacher_msgs/_linkattacher_msgs_s.ep.rosidl_typesupport_fastrtps_c.c.o[0m
[1.426s] [ 89%] [32mBuilding C object CMakeFiles/linkattacher_msgs__rosidl_typesupport_introspection_c__pyext.dir/rosidl_generator_py/linkattacher_msgs/_linkattacher_msgs_s.ep.rosidl_typesupport_introspection_c.c.o[0m
[1.427s] [ 92%] [32mBuilding C object CMakeFiles/linkattacher_msgs__rosidl_typesupport_c__pyext.dir/rosidl_generator_py/linkattacher_msgs/_linkattacher_msgs_s.ep.rosidl_typesupport_c.c.o[0m
[1.579s] [ 94%] [32m[1mLinking C shared library rosidl_generator_py/linkattacher_msgs/linkattacher_msgs_s__rosidl_typesupport_fastrtps_c.cpython-310-x86_64-linux-gnu.so[0m
[1.589s] [ 97%] [32m[1mLinking C shared library rosidl_generator_py/linkattacher_msgs/linkattacher_msgs_s__rosidl_typesupport_introspection_c.cpython-310-x86_64-linux-gnu.so[0m
[1.589s] [100%] [32m[1mLinking C shared library rosidl_generator_py/linkattacher_msgs/linkattacher_msgs_s__rosidl_typesupport_c.cpython-310-x86_64-linux-gnu.so[0m
[1.630s] [100%] Built target linkattacher_msgs__rosidl_typesupport_c__pyext
[1.637s] [100%] Built target linkattacher_msgs__rosidl_typesupport_introspection_c__pyext
[1.637s] [100%] Built target linkattacher_msgs__rosidl_typesupport_fastrtps_c__pyext
[1.648s] Invoked command in '/home/kasinath/colcon_ws/build/linkattacher_msgs' returned '0': CMAKE_PREFIX_PATH=${CMAKE_PREFIX_PATH}:/opt/ros/humble ROS_DOMAIN_ID=226 /usr/bin/cmake --build /home/kasinath/colcon_ws/build/linkattacher_msgs -- -j4 -l4
[1.651s] Invoking command in '/home/kasinath/colcon_ws/build/linkattacher_msgs': CMAKE_PREFIX_PATH=${CMAKE_PREFIX_PATH}:/opt/ros/humble ROS_DOMAIN_ID=226 /usr/bin/cmake --install /home/kasinath/colcon_ws/build/linkattacher_msgs
[1.659s] -- Install configuration: ""
[1.660s] -- Up-to-date: /home/kasinath/colcon_ws/install/linkattacher_msgs/share/ament_index/resource_index/rosidl_interfaces/linkattacher_msgs
[1.661s] -- Up-to-date: /home/kasinath/colcon_ws/install/linkattacher_msgs/include/linkattacher_msgs/linkattacher_msgs
[1.661s] -- Up-to-date: /home/kasinath/colcon_ws/install/linkattacher_msgs/include/linkattacher_msgs/linkattacher_msgs/srv
[1.662s] -- Up-to-date: /home/kasinath/colcon_ws/install/linkattacher_msgs/include/linkattacher_msgs/linkattacher_msgs/srv/detail
[1.662s] -- Up-to-date: /home/kasinath/colcon_ws/install/linkattacher_msgs/include/linkattacher_msgs/linkattacher_msgs/srv/detail/detach_link__type_support.h
[1.663s] -- Up-to-date: /home/kasinath/colcon_ws/install/linkattacher_msgs/include/linkattacher_msgs/linkattacher_msgs/srv/detail/attach_link__functions.h
[1.663s] -- Up-to-date: /home/kasinath/colcon_ws/install/linkattacher_msgs/include/linkattacher_msgs/linkattacher_msgs/srv/detail/attach_link__functions.c
[1.663s] -- Up-to-date: /home/kasinath/colcon_ws/install/linkattacher_msgs/include/linkattacher_msgs/linkattacher_msgs/srv/detail/attach_link__struct.h
[1.663s] -- Up-to-date: /home/kasinath/colcon_ws/install/linkattacher_msgs/include/linkattacher_msgs/linkattacher_msgs/srv/detail/detach_link__functions.h
[1.663s] -- Up-to-date: /home/kasinath/colcon_ws/install/linkattacher_msgs/include/linkattacher_msgs/linkattacher_msgs/srv/detail/attach_link__type_support.h
[1.663s] -- Up-to-date: /home/kasinath/colcon_ws/install/linkattacher_msgs/include/linkattacher_msgs/linkattacher_msgs/srv/detail/detach_link__struct.h
[1.663s] -- Up-to-date: /home/kasinath/colcon_ws/install/linkattacher_msgs/include/linkattacher_msgs/linkattacher_msgs/srv/detail/detach_link__functions.c
[1.663s] -- Up-to-date: /home/kasinath/colcon_ws/install/linkattacher_msgs/include/linkattacher_msgs/linkattacher_msgs/srv/detach_link.h
[1.663s] -- Up-to-date: /home/kasinath/colcon_ws/install/linkattacher_msgs/include/linkattacher_msgs/linkattacher_msgs/srv/attach_link.h
[1.664s] -- Up-to-date: /home/kasinath/colcon_ws/install/linkattacher_msgs/include/linkattacher_msgs/linkattacher_msgs/msg
[1.664s] -- Up-to-date: /home/kasinath/colcon_ws/install/linkattacher_msgs/include/linkattacher_msgs/linkattacher_msgs/msg/rosidl_generator_c__visibility_control.h
[1.664s] -- Up-to-date: /home/kasinath/colcon_ws/install/linkattacher_msgs/share/linkattacher_msgs/environment/library_path.sh
[1.664s] -- Up-to-date: /home/kasinath/colcon_ws/install/linkattacher_msgs/share/linkattacher_msgs/environment/library_path.dsv
[1.665s] -- Up-to-date: /home/kasinath/colcon_ws/install/linkattacher_msgs/lib/liblinkattacher_msgs__rosidl_generator_c.so
[1.665s] -- Up-to-date: /home/kasinath/colcon_ws/install/linkattacher_msgs/include/linkattacher_msgs/linkattacher_msgs
[1.665s] -- Up-to-date: /home/kasinath/colcon_ws/install/linkattacher_msgs/include/linkattacher_msgs/linkattacher_msgs/srv
[1.666s] -- Up-to-date: /home/kasinath/colcon_ws/install/linkattacher_msgs/include/linkattacher_msgs/linkattacher_msgs/srv/detail
[1.666s] -- Up-to-date: /home/kasinath/colcon_ws/install/linkattacher_msgs/include/linkattacher_msgs/linkattacher_msgs/srv/detail/attach_link__rosidl_typesupport_fastrtps_c.h
[1.666s] -- Up-to-date: /home/kasinath/colcon_ws/install/linkattacher_msgs/include/linkattacher_msgs/linkattacher_msgs/srv/detail/detach_link__rosidl_typesupport_fastrtps_c.h
[1.666s] -- Up-to-date: /home/kasinath/colcon_ws/install/linkattacher_msgs/include/linkattacher_msgs/linkattacher_msgs/msg
[1.666s] -- Up-to-date: /home/kasinath/colcon_ws/install/linkattacher_msgs/include/linkattacher_msgs/linkattacher_msgs/msg/rosidl_typesupport_fastrtps_c__visibility_control.h
[1.667s] -- Up-to-date: /home/kasinath/colcon_ws/install/linkattacher_msgs/lib/liblinkattacher_msgs__rosidl_typesupport_fastrtps_c.so
[1.667s] -- Up-to-date: /home/kasinath/colcon_ws/install/linkattacher_msgs/include/linkattacher_msgs/linkattacher_msgs
[1.668s] -- Up-to-date: /home/kasinath/colcon_ws/install/linkattacher_msgs/include/linkattacher_msgs/linkattacher_msgs/srv
[1.668s] -- Up-to-date: /home/kasinath/colcon_ws/install/linkattacher_msgs/include/linkattacher_msgs/linkattacher_msgs/srv/detail
[1.668s] -- Up-to-date: /home/kasinath/colcon_ws/install/linkattacher_msgs/include/linkattacher_msgs/linkattacher_msgs/srv/detail/attach_link__rosidl_typesupport_introspection_c.h
[1.668s] -- Up-to-date: /home/kasinath/colcon_ws/install/linkattacher_msgs/include/linkattacher_msgs/linkattacher_msgs/srv/detail/detach_link__type_support.c
[1.668s] -- Up-to-date: /home/kasinath/colcon_ws/install/linkattacher_msgs/include/linkattacher_msgs/linkattacher_msgs/srv/detail/attach_link__type_support.c
[1.668s] -- Up-to-date: /home/kasinath/colcon_ws/install/linkattacher_msgs/include/linkattacher_msgs/linkattacher_msgs/srv/detail/detach_link__rosidl_typesupport_introspection_c.h
[1.668s] -- Up-to-date: /home/kasinath/colcon_ws/install/linkattacher_msgs/include/linkattacher_msgs/linkattacher_msgs/msg
[1.668s] -- Up-to-date: /home/kasinath/colcon_ws/install/linkattacher_msgs/include/linkattacher_msgs/linkattacher_msgs/msg/rosidl_typesupport_introspection_c__visibility_control.h
[1.669s] -- Up-to-date: /home/kasinath/colcon_ws/install/linkattacher_msgs/lib/liblinkattacher_msgs__rosidl_typesupport_introspection_c.so
[1.670s] -- Up-to-date: /home/kasinath/colcon_ws/install/linkattacher_msgs/lib/liblinkattacher_msgs__rosidl_typesupport_c.so
[1.670s] -- Up-to-date: /home/kasinath/colcon_ws/install/linkattacher_msgs/include/linkattacher_msgs/linkattacher_msgs
[1.670s] -- Up-to-date: /home/kasinath/colcon_ws/install/linkattacher_msgs/include/linkattacher_msgs/linkattacher_msgs/srv
[1.670s] -- Up-to-date: /home/kasinath/colcon_ws/install/linkattacher_msgs/include/linkattacher_msgs/linkattacher_msgs/srv/detail
[1.671s] -- Up-to-date: /home/kasinath/colcon_ws/install/linkattacher_msgs/include/linkattacher_msgs/linkattacher_msgs/srv/detail/attach_link__builder.hpp
[1.671s] -- Up-to-date: /home/kasinath/colcon_ws/install/linkattacher_msgs/include/linkattacher_msgs/linkattacher_msgs/srv/detail/detach_link__struct.hpp
[1.671s] -- Up-to-date: /home/kasinath/colcon_ws/install/linkattacher_msgs/include/linkattacher_msgs/linkattacher_msgs/srv/detail/detach_link__type_support.hpp
[1.671s] -- Up-to-date: /home/kasinath/colcon_ws/install/linkattacher_msgs/include/linkattacher_msgs/linkattacher_msgs/srv/detail/detach_link__builder.hpp
[1.671s] -- Up-to-date: /home/kasinath/colcon_ws/install/linkattacher_msgs/include/linkattacher_msgs/linkattacher_msgs/srv/detail/attach_link__type_support.hpp
[1.671s] -- Up-to-date: /home/kasinath/colcon_ws/install/linkattacher_msgs/include/linkattacher_msgs/linkattacher_msgs/srv/detail/detach_link__traits.hpp
[1.671s] -- Up-to-date: /home/kasinath/colcon_ws/install/linkattacher_msgs/include/linkattacher_msgs/linkattacher_msgs/srv/detail/attach_link__traits.hpp
[1.671s] -- Up-to-date: /home/kasinath/colcon_ws/install/linkattacher_msgs/include/linkattacher_msgs/linkattacher_msgs/srv/detail/attach_link__struct.hpp
[1.671s] -- Up-to-date: /home/kasinath/colcon_ws/install/linkattacher_msgs/include/linkattacher_msgs/linkattacher_msgs/srv/attach_link.hpp
[1.671s] -- Up-to-date: /home/kasinath/colcon_ws/install/linkattacher_msgs/include/linkattacher_msgs/linkattacher_msgs/srv/detach_link.hpp
[1.671s] -- Up-to-date: /home/kasinath/colcon_ws/install/linkattacher_msgs/include/linkattacher_msgs/linkattacher_msgs/msg
[1.671s] -- Up-to-date: /home/kasinath/colcon_ws/install/linkattacher_msgs/include/linkattacher_msgs/linkattacher_msgs/msg/rosidl_generator_cpp__visibility_control.hpp
[1.671s] -- Up-to-date: /home/kasinath/colcon_ws/install/linkattacher_msgs/include/linkattacher_msgs/linkattacher_msgs
[1.671s] -- Up-to-date: /home/kasinath/colcon_ws/install/linkattacher_msgs/include/linkattacher_msgs/linkattacher_msgs/srv
[1.671s] -- Up-to-date: /home/kasinath/colcon_ws/install/linkattacher_msgs/include/linkattacher_msgs/linkattacher_msgs/srv/detail
[1.671s] -- Up-to-date: /home/kasinath/colcon_ws/install/linkattacher_msgs/include/linkattacher_msgs/linkattacher_msgs/srv/detail/attach_link__rosidl_typesupport_fastrtps_cpp.hpp
[1.671s] -- Up-to-date: /home/kasinath/colcon_ws/install/linkattacher_msgs/include/linkattacher_msgs/linkattacher_msgs/srv/detail/dds_fastrtps
[1.672s] -- Up-to-date: /home/kasinath/colcon_ws/install/linkattacher_msgs/include/linkattacher_msgs/linkattacher_msgs/srv/detail/detach_link__rosidl_typesupport_fastrtps_cpp.hpp
[1.672s] -- Up-to-date: /home/kasinath/colcon_ws/install/linkattacher_msgs/include/linkattacher_msgs/linkattacher_msgs/msg
[1.672s] -- Up-to-date: /home/kasinath/colcon_ws/install/linkattacher_msgs/include/linkattacher_msgs/linkattacher_msgs/msg/rosidl_typesupport_fastrtps_cpp__visibility_control.h
[1.679s] -- Up-to-date: /home/kasinath/colcon_ws/install/linkattacher_msgs/lib/liblinkattacher_msgs__rosidl_typesupport_fastrtps_cpp.so
[1.679s] -- Up-to-date: /home/kasinath/colcon_ws/install/linkattacher_msgs/include/linkattacher_msgs/linkattacher_msgs
[1.679s] -- Up-to-date: /home/kasinath/colcon_ws/install/linkattacher_msgs/include/linkattacher_msgs/linkattacher_msgs/srv
[1.679s] -- Up-to-date: /home/kasinath/colcon_ws/install/linkattacher_msgs/include/linkattacher_msgs/linkattacher_msgs/srv/detail
[1.679s] -- Up-to-date: /home/kasinath/colcon_ws/install/linkattacher_msgs/include/linkattacher_msgs/linkattacher_msgs/srv/detail/attach_link__rosidl_typesupport_introspection_cpp.hpp
[1.679s] -- Up-to-date: /home/kasinath/colcon_ws/install/linkattacher_msgs/include/linkattacher_msgs/linkattacher_msgs/srv/detail/detach_link__type_support.cpp
[1.679s] -- Up-to-date: /home/kasinath/colcon_ws/install/linkattacher_msgs/include/linkattacher_msgs/linkattacher_msgs/srv/detail/detach_link__rosidl_typesupport_introspection_cpp.hpp
[1.679s] -- Up-to-date: /home/kasinath/colcon_ws/install/linkattacher_msgs/include/linkattacher_msgs/linkattacher_msgs/srv/detail/attach_link__type_support.cpp
[1.680s] -- Up-to-date: /home/kasinath/colcon_ws/install/linkattacher_msgs/lib/liblinkattacher_msgs__rosidl_typesupport_introspection_cpp.so
[1.681s] -- Up-to-date: /home/kasinath/colcon_ws/install/linkattacher_msgs/lib/liblinkattacher_msgs__rosidl_typesupport_cpp.so
[1.682s] -- Up-to-date: /home/kasinath/colcon_ws/install/linkattacher_msgs/share/linkattacher_msgs/environment/pythonpath.sh
[1.682s] -- Up-to-date: /home/kasinath/colcon_ws/install/linkattacher_msgs/share/linkattacher_msgs/environment/pythonpath.dsv
[1.682s] -- Up-to-date: /home/kasinath/colcon_ws/install/linkattacher_msgs/local/lib/python3.10/dist-packages/linkattacher_msgs-0.0.0-py3.10.egg-info
[1.682s] -- Installing: /home/kasinath/colcon_ws/install/linkattacher_msgs/local/lib/python3.10/dist-packages/linkattacher_msgs-0.0.0-py3.10.egg-info/dependency_links.txt
[1.682s] -- Installing: /home/kasinath/colcon_ws/install/linkattacher_msgs/local/lib/python3.10/dist-packages/linkattacher_msgs-0.0.0-py3.10.egg-info/SOURCES.txt
[1.682s] -- Installing: /home/kasinath/colcon_ws/install/linkattacher_msgs/local/lib/python3.10/dist-packages/linkattacher_msgs-0.0.0-py3.10.egg-info/PKG-INFO
[1.682s] -- Installing: /home/kasinath/colcon_ws/install/linkattacher_msgs/local/lib/python3.10/dist-packages/linkattacher_msgs-0.0.0-py3.10.egg-info/top_level.txt
[1.682s] -- Up-to-date: /home/kasinath/colcon_ws/install/linkattacher_msgs/local/lib/python3.10/dist-packages/linkattacher_msgs
[1.683s] -- Installing: /home/kasinath/colcon_ws/install/linkattacher_msgs/local/lib/python3.10/dist-packages/linkattacher_msgs/linkattacher_msgs_s__rosidl_typesupport_introspection_c.cpython-310-x86_64-linux-gnu.so
[1.683s] -- Up-to-date: /home/kasinath/colcon_ws/install/linkattacher_msgs/local/lib/python3.10/dist-packages/linkattacher_msgs/__init__.py
[1.683s] -- Installing: /home/kasinath/colcon_ws/install/linkattacher_msgs/local/lib/python3.10/dist-packages/linkattacher_msgs/linkattacher_msgs_s__rosidl_typesupport_fastrtps_c.cpython-310-x86_64-linux-gnu.so
[1.683s] -- Up-to-date: /home/kasinath/colcon_ws/install/linkattacher_msgs/local/lib/python3.10/dist-packages/linkattacher_msgs/_linkattacher_msgs_s.ep.rosidl_typesupport_introspection_c.c
[1.683s] -- Up-to-date: /home/kasinath/colcon_ws/install/linkattacher_msgs/local/lib/python3.10/dist-packages/linkattacher_msgs/srv
[1.683s] -- Up-to-date: /home/kasinath/colcon_ws/install/linkattacher_msgs/local/lib/python3.10/dist-packages/linkattacher_msgs/srv/_detach_link_s.c
[1.683s] -- Up-to-date: /home/kasinath/colcon_ws/install/linkattacher_msgs/local/lib/python3.10/dist-packages/linkattacher_msgs/srv/__init__.py
[1.683s] -- Up-to-date: /home/kasinath/colcon_ws/install/linkattacher_msgs/local/lib/python3.10/dist-packages/linkattacher_msgs/srv/_detach_link.py
[1.684s] -- Up-to-date: /home/kasinath/colcon_ws/install/linkattacher_msgs/local/lib/python3.10/dist-packages/linkattacher_msgs/srv/_attach_link_s.c
[1.684s] -- Up-to-date: /home/kasinath/colcon_ws/install/linkattacher_msgs/local/lib/python3.10/dist-packages/linkattacher_msgs/srv/_attach_link.py
[1.684s] -- Installing: /home/kasinath/colcon_ws/install/linkattacher_msgs/local/lib/python3.10/dist-packages/linkattacher_msgs/linkattacher_msgs_s__rosidl_typesupport_c.cpython-310-x86_64-linux-gnu.so
[1.684s] -- Up-to-date: /home/kasinath/colcon_ws/install/linkattacher_msgs/local/lib/python3.10/dist-packages/linkattacher_msgs/_linkattacher_msgs_s.ep.rosidl_typesupport_fastrtps_c.c
[1.684s] -- Up-to-date: /home/kasinath/colcon_ws/install/linkattacher_msgs/local/lib/python3.10/dist-packages/linkattacher_msgs/_linkattacher_msgs_s.ep.rosidl_typesupport_c.c
[1.684s] -- Installing: /home/kasinath/colcon_ws/install/linkattacher_msgs/local/lib/python3.10/dist-packages/linkattacher_msgs/liblinkattacher_msgs__rosidl_generator_py.so
[1.724s] Listing '/home/kasinath/colcon_ws/install/linkattacher_msgs/local/lib/python3.10/dist-packages/linkattacher_msgs'...
[1.724s] Listing '/home/kasinath/colcon_ws/install/linkattacher_msgs/local/lib/python3.10/dist-packages/linkattacher_msgs/srv'...
[1.731s] -- Installing: /home/kasinath/colcon_ws/install/linkattacher_msgs/local/lib/python3.10/dist-packages/linkattacher_msgs/linkattacher_msgs_s__rosidl_typesupport_fastrtps_c.cpython-310-x86_64-linux-gnu.so
[1.731s] -- Set runtime path of "/home/kasinath/colcon_ws/install/linkattacher_msgs/local/lib/python3.10/dist-packages/linkattacher_msgs/linkattacher_msgs_s__rosidl_typesupport_fastrtps_c.cpython-310-x86_64-linux-gnu.so" to ""
[1.731s] -- Installing: /home/kasinath/colcon_ws/install/linkattacher_msgs/local/lib/python3.10/dist-packages/linkattacher_msgs/linkattacher_msgs_s__rosidl_typesupport_introspection_c.cpython-310-x86_64-linux-gnu.so
[1.732s] -- Set runtime path of "/home/kasinath/colcon_ws/install/linkattacher_msgs/local/lib/python3.10/dist-packages/linkattacher_msgs/linkattacher_msgs_s__rosidl_typesupport_introspection_c.cpython-310-x86_64-linux-gnu.so" to ""
[1.732s] -- Installing: /home/kasinath/colcon_ws/install/linkattacher_msgs/local/lib/python3.10/dist-packages/linkattacher_msgs/linkattacher_msgs_s__rosidl_typesupport_c.cpython-310-x86_64-linux-gnu.so
[1.732s] -- Set runtime path of "/home/kasinath/colcon_ws/install/linkattacher_msgs/local/lib/python3.10/dist-packages/linkattacher_msgs/linkattacher_msgs_s__rosidl_typesupport_c.cpython-310-x86_64-linux-gnu.so" to ""
[1.734s] -- Installing: /home/kasinath/colcon_ws/install/linkattacher_msgs/lib/liblinkattacher_msgs__rosidl_generator_py.so
[1.734s] -- Set runtime path of "/home/kasinath/colcon_ws/install/linkattacher_msgs/lib/liblinkattacher_msgs__rosidl_generator_py.so" to ""
[1.735s] -- Up-to-date: /home/kasinath/colcon_ws/install/linkattacher_msgs/share/linkattacher_msgs/srv/AttachLink.idl
[1.735s] -- Up-to-date: /home/kasinath/colcon_ws/install/linkattacher_msgs/share/linkattacher_msgs/srv/DetachLink.idl
[1.735s] -- Up-to-date: /home/kasinath/colcon_ws/install/linkattacher_msgs/share/linkattacher_msgs/srv/AttachLink.srv
[1.735s] -- Up-to-date: /home/kasinath/colcon_ws/install/linkattacher_msgs/share/linkattacher_msgs/srv/AttachLink_Request.msg
[1.735s] -- Up-to-date: /home/kasinath/colcon_ws/install/linkattacher_msgs/share/linkattacher_msgs/srv/AttachLink_Response.msg
[1.735s] -- Up-to-date: /home/kasinath/colcon_ws/install/linkattacher_msgs/share/linkattacher_msgs/srv/DetachLink.srv
[1.735s] -- Up-to-date: /home/kasinath/colcon_ws/install/linkattacher_msgs/share/linkattacher_msgs/srv/DetachLink_Request.msg
[1.735s] -- Up-to-date: /home/kasinath/colcon_ws/install/linkattacher_msgs/share/linkattacher_msgs/srv/DetachLink_Response.msg
[1.736s] -- Up-to-date: /home/kasinath/colcon_ws/install/linkattacher_msgs/share/linkattacher_msgs/srv
[1.736s] -- Up-to-date: /home/kasinath/colcon_ws/install/linkattacher_msgs/share/linkattacher_msgs/srv/AttachLink.srv
[1.736s] -- Up-to-date: /home/kasinath/colcon_ws/install/linkattacher_msgs/share/linkattacher_msgs/srv/DetachLink.srv
[1.736s] -- Up-to-date: /home/kasinath/colcon_ws/install/linkattacher_msgs/share/ament_index/resource_index/package_run_dependencies/linkattacher_msgs
[1.736s] -- Up-to-date: /home/kasinath/colcon_ws/install/linkattacher_msgs/share/ament_index/resource_index/parent_prefix_path/linkattacher_msgs
[1.736s] -- Up-to-date: /home/kasinath/colcon_ws/install/linkattacher_msgs/share/linkattacher_msgs/environment/ament_prefix_path.sh
[1.736s] -- Up-to-date: /home/kasinath/colcon_ws/install/linkattacher_msgs/share/linkattacher_msgs/environment/ament_prefix_path.dsv
[1.736s] -- Up-to-date: /home/kasinath/colcon_ws/install/linkattacher_msgs/share/linkattacher_msgs/environment/path.sh
[1.736s] -- Up-to-date: /home/kasinath/colcon_ws/install/linkattacher_msgs/share/linkattacher_msgs/environment/path.dsv
[1.736s] -- Up-to-date: /home/kasinath/colcon_ws/install/linkattacher_msgs/share/linkattacher_msgs/local_setup.bash
[1.736s] -- Up-to-date: /home/kasinath/colcon_ws/install/linkattacher_msgs/share/linkattacher_msgs/local_setup.sh
[1.736s] -- Up-to-date: /home/kasinath/colcon_ws/install/linkattacher_msgs/share/linkattacher_msgs/local_setup.zsh
[1.736s] -- Up-to-date: /home/kasinath/colcon_ws/install/linkattacher_msgs/share/linkattacher_msgs/local_setup.dsv
[1.737s] -- Installing: /home/kasinath/colcon_ws/install/linkattacher_msgs/share/linkattacher_msgs/package.dsv
[1.737s] -- Up-to-date: /home/kasinath/colcon_ws/install/linkattacher_msgs/share/ament_index/resource_index/packages/linkattacher_msgs
[1.762s] -- Up-to-date: /home/kasinath/colcon_ws/install/linkattacher_msgs/share/linkattacher_msgs/cmake/export_linkattacher_msgs__rosidl_generator_cExport.cmake
[1.762s] -- Up-to-date: /home/kasinath/colcon_ws/install/linkattacher_msgs/share/linkattacher_msgs/cmake/export_linkattacher_msgs__rosidl_generator_cExport-noconfig.cmake
[1.769s] -- Up-to-date: /home/kasinath/colcon_ws/install/linkattacher_msgs/share/linkattacher_msgs/cmake/export_linkattacher_msgs__rosidl_typesupport_fastrtps_cExport.cmake
[1.769s] -- Up-to-date: /home/kasinath/colcon_ws/install/linkattacher_msgs/share/linkattacher_msgs/cmake/export_linkattacher_msgs__rosidl_typesupport_fastrtps_cExport-noconfig.cmake
[1.770s] -- Up-to-date: /home/kasinath/colcon_ws/install/linkattacher_msgs/share/linkattacher_msgs/cmake/linkattacher_msgs__rosidl_typesupport_introspection_cExport.cmake
[1.770s] -- Up-to-date: /home/kasinath/colcon_ws/install/linkattacher_msgs/share/linkattacher_msgs/cmake/linkattacher_msgs__rosidl_typesupport_introspection_cExport-noconfig.cmake
[1.771s] -- Up-to-date: /home/kasinath/colcon_ws/install/linkattacher_msgs/share/linkattacher_msgs/cmake/linkattacher_msgs__rosidl_typesupport_cExport.cmake
[1.771s] -- Up-to-date: /home/kasinath/colcon_ws/install/linkattacher_msgs/share/linkattacher_msgs/cmake/linkattacher_msgs__rosidl_typesupport_cExport-noconfig.cmake
[1.778s] -- Up-to-date: /home/kasinath/colcon_ws/install/linkattacher_msgs/share/linkattacher_msgs/cmake/export_linkattacher_msgs__rosidl_generator_cppExport.cmake
[1.779s] -- Up-to-date: /home/kasinath/colcon_ws/install/linkattacher_msgs/share/linkattacher_msgs/cmake/export_linkattacher_msgs__rosidl_typesupport_fastrtps_cppExport.cmake
[1.779s] -- Up-to-date: /home/kasinath/colcon_ws/install/linkattacher_msgs/share/linkattacher_msgs/cmake/export_linkattacher_msgs__rosidl_typesupport_fastrtps_cppExport-noconfig.cmake
[1.779s] -- Up-to-date: /home/kasinath/colcon_ws/install/linkattacher_msgs/share/linkattacher_msgs/cmake/linkattacher_msgs__rosidl_typesupport_introspection_cppExport.cmake
[1.780s] -- Up-to-date: /home/kasinath/colcon_ws/install/linkattacher_msgs/share/linkattacher_msgs/cmake/linkattacher_msgs__rosidl_typesupport_introspection_cppExport-noconfig.cmake
[1.788s] -- Up-to-date: /home/kasinath/colcon_ws/install/linkattacher_msgs/share/linkattacher_msgs/cmake/linkattacher_msgs__rosidl_typesupport_cppExport.cmake
[1.789s] -- Up-to-date: /home/kasinath/colcon_ws/install/linkattacher_msgs/share/linkattacher_msgs/cmake/linkattacher_msgs__rosidl_typesupport_cppExport-noconfig.cmake
[1.792s] -- Up-to-date: /home/kasinath/colcon_ws/install/linkattacher_msgs/share/linkattacher_msgs/cmake/export_linkattacher_msgs__rosidl_generator_pyExport.cmake
[1.792s] -- Up-to-date: /home/kasinath/colcon_ws/install/linkattacher_msgs/share/linkattacher_msgs/cmake/export_linkattacher_msgs__rosidl_generator_pyExport-noconfig.cmake
[1.792s] -- Up-to-date: /home/kasinath/colcon_ws/install/linkattacher_msgs/share/linkattacher_msgs/cmake/rosidl_cmake-extras.cmake
[1.792s] -- Up-to-date: /home/kasinath/colcon_ws/install/linkattacher_msgs/share/linkattacher_msgs/cmake/ament_cmake_export_include_directories-extras.cmake
[1.792s] -- Up-to-date: /home/kasinath/colcon_ws/install/linkattacher_msgs/share/linkattacher_msgs/cmake/ament_cmake_export_libraries-extras.cmake
[1.792s] -- Up-to-date: /home/kasinath/colcon_ws/install/linkattacher_msgs/share/linkattacher_msgs/cmake/ament_cmake_export_targets-extras.cmake
[1.792s] -- Up-to-date: /home/kasinath/colcon_ws/install/linkattacher_msgs/share/linkattacher_msgs/cmake/rosidl_cmake_export_typesupport_targets-extras.cmake
[1.792s] -- Up-to-date: /home/kasinath/colcon_ws/install/linkattacher_msgs/share/linkattacher_msgs/cmake/ament_cmake_export_dependencies-extras.cmake
[1.792s] -- Up-to-date: /home/kasinath/colcon_ws/install/linkattacher_msgs/share/linkattacher_msgs/cmake/rosidl_cmake_export_typesupport_libraries-extras.cmake
[1.792s] -- Up-to-date: /home/kasinath/colcon_ws/install/linkattacher_msgs/share/linkattacher_msgs/cmake/linkattacher_msgsConfig.cmake
[1.792s] -- Up-to-date: /home/kasinath/colcon_ws/install/linkattacher_msgs/share/linkattacher_msgs/cmake/linkattacher_msgsConfig-version.cmake
[1.793s] -- Up-to-date: /home/kasinath/colcon_ws/install/linkattacher_msgs/share/linkattacher_msgs/package.xml
[1.796s] Invoked command in '/home/kasinath/colcon_ws/build/linkattacher_msgs' returned '0': CMAKE_PREFIX_PATH=${CMAKE_PREFIX_PATH}:/opt/ros/humble ROS_DOMAIN_ID=226 /usr/bin/cmake --install /home/kasinath/colcon_ws/build/linkattacher_msgs
