[0.028s] Invoking command in '/home/kasinath/colcon_ws/build/ebot_description': CMAKE_PREFIX_PATH=/opt/ros/humble ROS_DOMAIN_ID=26 /usr/bin/cmake /home/kasinath/colcon_ws/src/ebot_description -DCMAKE_INSTALL_PREFIX=/home/kasinath/colcon_ws/install/ebot_description
[0.454s] -- The C compiler identification is GNU 11.4.0
[0.739s] -- The CXX compiler identification is GNU 11.4.0
[0.757s] -- Detecting C compiler ABI info
[0.874s] -- Detecting C compiler ABI info - done
[0.888s] -- Check for working C compiler: /usr/bin/cc - skipped
[0.889s] -- Detecting C compile features
[0.889s] -- Detecting C compile features - done
[0.899s] -- Detecting CXX compiler ABI info
[1.025s] -- Detecting CXX compiler ABI info - done
[1.039s] -- Check for working CXX compiler: /usr/bin/c++ - skipped
[1.040s] -- Detecting CXX compile features
[1.040s] -- Detecting CXX compile features - done
[1.073s] -- Found ament_cmake: 1.3.11 (/opt/ros/humble/share/ament_cmake/cmake)
[1.760s] -- Found Python3: /usr/bin/python3 (found version "3.10.12") found components: Interpreter 
[1.955s] -- Found rclcpp: 16.0.12 (/opt/ros/humble/share/rclcpp/cmake)
[2.123s] -- Found rosidl_generator_c: 3.1.6 (/opt/ros/humble/share/rosidl_generator_c/cmake)
[2.132s] -- Found rosidl_adapter: 3.1.6 (/opt/ros/humble/share/rosidl_adapter/cmake)
[2.147s] -- Found rosidl_generator_cpp: 3.1.6 (/opt/ros/humble/share/rosidl_generator_cpp/cmake)
[2.201s] -- Using all available rosidl_typesupport_c: rosidl_typesupport_fastrtps_c;rosidl_typesupport_introspection_c
[2.218s] -- Using all available rosidl_typesupport_cpp: rosidl_typesupport_fastrtps_cpp;rosidl_typesupport_introspection_cpp
[3.321s] -- Found rmw_implementation_cmake: 6.1.2 (/opt/ros/humble/share/rmw_implementation_cmake/cmake)
[3.329s] -- Found rmw_fastrtps_cpp: 6.2.7 (/opt/ros/humble/share/rmw_fastrtps_cpp/cmake)
[3.542s] -- Found OpenSSL: /usr/lib/x86_64-linux-gnu/libcrypto.so (found version "3.0.2")  
[3.594s] -- Found FastRTPS: /opt/ros/humble/include  
[3.659s] -- Using RMW implementation 'rmw_fastrtps_cpp' as default
[3.689s] -- Looking for pthread.h
[3.869s] -- Looking for pthread.h - found
[3.869s] -- Performing Test CMAKE_HAVE_LIBC_PTHREAD
[3.974s] -- Performing Test CMAKE_HAVE_LIBC_PTHREAD - Success
[3.974s] -- Found Threads: TRUE  
[4.134s] -- Found rclpy: 3.3.16 (/opt/ros/humble/share/rclpy/cmake)
[4.146s] -- Found urdf: 2.6.1 (/opt/ros/humble/share/urdf/cmake)
[4.271s] -- Found xacro: 2.1.1 (/opt/ros/humble/share/xacro/cmake)
[4.275s] -- Found ament_lint_auto: 0.12.12 (/opt/ros/humble/share/ament_lint_auto/cmake)
[4.394s] -- Added test 'flake8' to check Python code syntax and style conventions
[4.396s] -- Added test 'lint_cmake' to check CMake code style
[4.399s] -- Added test 'pep257' to check Python code against some of the docstring style conventions in PEP 257
[4.403s] -- Added test 'xmllint' to check XML markup files
[4.404s] -- Configuring done
[4.412s] -- Generating done
[4.415s] -- Build files have been written to: /home/kasinath/colcon_ws/build/ebot_description
[4.435s] Invoked command in '/home/kasinath/colcon_ws/build/ebot_description' returned '0': CMAKE_PREFIX_PATH=/opt/ros/humble ROS_DOMAIN_ID=26 /usr/bin/cmake /home/kasinath/colcon_ws/src/ebot_description -DCMAKE_INSTALL_PREFIX=/home/kasinath/colcon_ws/install/ebot_description
[4.439s] Invoking command in '/home/kasinath/colcon_ws/build/ebot_description': CMAKE_PREFIX_PATH=/opt/ros/humble ROS_DOMAIN_ID=26 /usr/bin/cmake --build /home/kasinath/colcon_ws/build/ebot_description -- -j4 -l4
[4.552s] Invoked command in '/home/kasinath/colcon_ws/build/ebot_description' returned '0': CMAKE_PREFIX_PATH=/opt/ros/humble ROS_DOMAIN_ID=26 /usr/bin/cmake --build /home/kasinath/colcon_ws/build/ebot_description -- -j4 -l4
[4.553s] Invoking command in '/home/kasinath/colcon_ws/build/ebot_description': CMAKE_PREFIX_PATH=/opt/ros/humble ROS_DOMAIN_ID=26 /usr/bin/cmake --install /home/kasinath/colcon_ws/build/ebot_description
[4.570s] -- Install configuration: ""
[4.570s] -- Installing: /home/kasinath/colcon_ws/install/ebot_description/share/ebot_description//launch
[4.570s] -- Installing: /home/kasinath/colcon_ws/install/ebot_description/share/ebot_description//launch/spawn_ebot.launch.py
[4.570s] -- Installing: /home/kasinath/colcon_ws/install/ebot_description/share/ebot_description//worlds
[4.576s] -- Installing: /home/kasinath/colcon_ws/install/ebot_description/share/ebot_description//worlds/empty.world
[4.577s] -- Installing: /home/kasinath/colcon_ws/install/ebot_description/share/ebot_description//models
[4.577s] -- Installing: /home/kasinath/colcon_ws/install/ebot_description/share/ebot_description//models/ebot
[4.577s] -- Installing: /home/kasinath/colcon_ws/install/ebot_description/share/ebot_description//models/ebot/ebot_description.xacro
[4.577s] -- Installing: /home/kasinath/colcon_ws/install/ebot_description/share/ebot_description//models/ebot/ebot.gazebo
[4.577s] -- Installing: /home/kasinath/colcon_ws/install/ebot_description/share/ebot_description//meshes
[4.577s] -- Installing: /home/kasinath/colcon_ws/install/ebot_description/share/ebot_description//meshes/RHUS9.STL
[4.577s] -- Installing: /home/kasinath/colcon_ws/install/ebot_description/share/ebot_description//meshes/FUS4.STL
[4.577s] -- Installing: /home/kasinath/colcon_ws/install/ebot_description/share/ebot_description//meshes/FWL.STL
[4.578s] -- Installing: /home/kasinath/colcon_ws/install/ebot_description/share/ebot_description//meshes/FWR.STL
[4.579s] -- Installing: /home/kasinath/colcon_ws/install/ebot_description/share/ebot_description//meshes/robot_base.stl
[4.579s] -- Installing: /home/kasinath/colcon_ws/install/ebot_description/share/ebot_description//meshes/LHUS10.STL
[4.581s] -- Installing: /home/kasinath/colcon_ws/install/ebot_description/share/ebot_description//meshes/ebot_aruco_tag.jpg
[4.581s] -- Installing: /home/kasinath/colcon_ws/install/ebot_description/share/ebot_description//meshes/chassis_modified.dae
[4.618s] -- Installing: /home/kasinath/colcon_ws/install/ebot_description/share/ebot_description//meshes/FUS1.STL
[4.618s] -- Installing: /home/kasinath/colcon_ws/install/ebot_description/share/ebot_description//meshes/RWL.STL
[4.618s] -- Installing: /home/kasinath/colcon_ws/install/ebot_description/share/ebot_description//meshes/RUS5.STL
[4.618s] -- Installing: /home/kasinath/colcon_ws/install/ebot_description/share/ebot_description//meshes/RHUS7.STL
[4.618s] -- Installing: /home/kasinath/colcon_ws/install/ebot_description/share/ebot_description//meshes/FUS2.STL
[4.618s] -- Installing: /home/kasinath/colcon_ws/install/ebot_description/share/ebot_description//meshes/FUS3.STL
[4.619s] -- Installing: /home/kasinath/colcon_ws/install/ebot_description/share/ebot_description//meshes/RUS6.STL
[4.620s] -- Installing: /home/kasinath/colcon_ws/install/ebot_description/share/ebot_description//meshes/RWR.STL
[4.620s] -- Installing: /home/kasinath/colcon_ws/install/ebot_description/share/ebot_description//meshes/LHUS9.STL
[4.620s] -- Installing: /home/kasinath/colcon_ws/install/ebot_description/share/ebot_description//plugins
[4.620s] -- Installing: /home/kasinath/colcon_ws/install/ebot_description/share/ebot_description//plugins/libgazebo_ros_vacuum_gripper.so
[4.624s] -- Installing: /home/kasinath/colcon_ws/install/ebot_description/share/ebot_description//plugins/libgazebo_collision_sensor.so
[4.626s] -- Installing: /home/kasinath/colcon_ws/install/ebot_description/share/ebot_description//config
[4.627s] -- Installing: /home/kasinath/colcon_ws/install/ebot_description/share/ebot_description//config/controller.yaml
[4.627s] -- Installing: /home/kasinath/colcon_ws/install/ebot_description/lib/ebot_description/pyarmor_runtime_000000
[4.627s] -- Installing: /home/kasinath/colcon_ws/install/ebot_description/lib/ebot_description/pyarmor_runtime_000000/__init__.py
[4.627s] -- Installing: /home/kasinath/colcon_ws/install/ebot_description/lib/ebot_description/pyarmor_runtime_000000/pyarmor_runtime.so
[4.628s] -- Up-to-date: /home/kasinath/colcon_ws/install/ebot_description/lib/ebot_description/pyarmor_runtime_000000
[4.628s] -- Up-to-date: /home/kasinath/colcon_ws/install/ebot_description/lib/ebot_description/pyarmor_runtime_000000/__init__.py
[4.630s] -- Up-to-date: /home/kasinath/colcon_ws/install/ebot_description/lib/ebot_description/pyarmor_runtime_000000/pyarmor_runtime.so
[4.630s] -- Installing: /home/kasinath/colcon_ws/install/ebot_description/lib/ebot_description/payload.py
[4.630s] -- Installing: /home/kasinath/colcon_ws/install/ebot_description/lib/ebot_description/spawner.py
[4.630s] -- Installing: /home/kasinath/colcon_ws/install/ebot_description/share/ament_index/resource_index/package_run_dependencies/ebot_description
[4.630s] -- Installing: /home/kasinath/colcon_ws/install/ebot_description/share/ament_index/resource_index/parent_prefix_path/ebot_description
[4.630s] -- Installing: /home/kasinath/colcon_ws/install/ebot_description/share/ebot_description/environment/ament_prefix_path.sh
[4.630s] -- Installing: /home/kasinath/colcon_ws/install/ebot_description/share/ebot_description/environment/ament_prefix_path.dsv
[4.632s] -- Installing: /home/kasinath/colcon_ws/install/ebot_description/share/ebot_description/environment/path.sh
[4.632s] -- Installing: /home/kasinath/colcon_ws/install/ebot_description/share/ebot_description/environment/path.dsv
[4.632s] -- Installing: /home/kasinath/colcon_ws/install/ebot_description/share/ebot_description/local_setup.bash
[4.632s] -- Installing: /home/kasinath/colcon_ws/install/ebot_description/share/ebot_description/local_setup.sh
[4.632s] -- Installing: /home/kasinath/colcon_ws/install/ebot_description/share/ebot_description/local_setup.zsh
[4.632s] -- Installing: /home/kasinath/colcon_ws/install/ebot_description/share/ebot_description/local_setup.dsv
[4.632s] -- Installing: /home/kasinath/colcon_ws/install/ebot_description/share/ebot_description/package.dsv
[4.632s] -- Installing: /home/kasinath/colcon_ws/install/ebot_description/share/ament_index/resource_index/packages/ebot_description
[4.632s] -- Installing: /home/kasinath/colcon_ws/install/ebot_description/share/ebot_description/cmake/ebot_descriptionConfig.cmake
[4.632s] -- Installing: /home/kasinath/colcon_ws/install/ebot_description/share/ebot_description/cmake/ebot_descriptionConfig-version.cmake
[4.632s] -- Installing: /home/kasinath/colcon_ws/install/ebot_description/share/ebot_description/package.xml
[4.648s] Invoked command in '/home/kasinath/colcon_ws/build/ebot_description' returned '0': CMAKE_PREFIX_PATH=/opt/ros/humble ROS_DOMAIN_ID=26 /usr/bin/cmake --install /home/kasinath/colcon_ws/build/ebot_description
