[0.008s] Invoking command in '/home/kasinath/colcon_ws/build/ur5_control': CMAKE_PREFIX_PATH=/opt/ros/humble /usr/bin/cmake /home/kasinath/colcon_ws/src/ur5_control -DCMAKE_INSTALL_PREFIX=/home/kasinath/colcon_ws/install/ur5_control
[0.075s] -- The C compiler identification is GNU 11.4.0
[0.155s] -- The CXX compiler identification is GNU 11.4.0
[0.161s] -- Detecting C compiler ABI info
[0.280s] -- Detecting C compiler ABI info - done
[0.287s] -- Check for working C compiler: /usr/bin/cc - skipped
[0.287s] -- Detecting C compile features
[0.287s] -- Detecting C compile features - done
[0.290s] -- Detecting CXX compiler ABI info
[0.374s] -- Detecting CXX compiler ABI info - done
[0.385s] -- Check for working CXX compiler: /usr/bin/c++ - skipped
[0.385s] -- Detecting CXX compile features
[0.385s] -- Detecting CXX compile features - done
[0.387s] -- Found ament_cmake: 1.3.11 (/opt/ros/humble/share/ament_cmake/cmake)
[0.884s] -- Found Python3: /usr/bin/python3 (found version "3.10.12") found components: Interpreter 
[1.039s] -- Found rclpy: 3.3.16 (/opt/ros/humble/share/rclpy/cmake)
[1.041s] -- Found ament_lint_auto: 0.12.12 (/opt/ros/humble/share/ament_lint_auto/cmake)
[1.211s] -- Added test 'flake8' to check Python code syntax and style conventions
[1.212s] -- Added test 'lint_cmake' to check CMake code style
[1.219s] -- Added test 'pep257' to check Python code against some of the docstring style conventions in PEP 257
[1.221s] -- Added test 'xmllint' to check XML markup files
[1.222s] -- Configuring done
[1.226s] -- Generating done
[1.227s] -- Build files have been written to: /home/kasinath/colcon_ws/build/ur5_control
[1.231s] Invoked command in '/home/kasinath/colcon_ws/build/ur5_control' returned '0': CMAKE_PREFIX_PATH=/opt/ros/humble /usr/bin/cmake /home/kasinath/colcon_ws/src/ur5_control -DCMAKE_INSTALL_PREFIX=/home/kasinath/colcon_ws/install/ur5_control
[1.233s] Invoking command in '/home/kasinath/colcon_ws/build/ur5_control': CMAKE_PREFIX_PATH=/opt/ros/humble /usr/bin/cmake --build /home/kasinath/colcon_ws/build/ur5_control -- -j4 -l4
[1.283s] Invoked command in '/home/kasinath/colcon_ws/build/ur5_control' returned '0': CMAKE_PREFIX_PATH=/opt/ros/humble /usr/bin/cmake --build /home/kasinath/colcon_ws/build/ur5_control -- -j4 -l4
[1.284s] Invoking command in '/home/kasinath/colcon_ws/build/ur5_control': CMAKE_PREFIX_PATH=/opt/ros/humble /usr/bin/cmake --install /home/kasinath/colcon_ws/build/ur5_control
[1.294s] -- Install configuration: ""
[1.297s] -- Installing: /home/kasinath/colcon_ws/install/ur5_control/lib/ur5_control/task1b_boiler_plate.py
[1.297s] -- Installing: /home/kasinath/colcon_ws/install/ur5_control/lib/ur5_control/bonus_task2_boiler_plate.py
[1.297s] -- Installing: /home/kasinath/colcon_ws/install/ur5_control/share/ament_index/resource_index/package_run_dependencies/ur5_control
[1.298s] -- Installing: /home/kasinath/colcon_ws/install/ur5_control/share/ament_index/resource_index/parent_prefix_path/ur5_control
[1.298s] -- Installing: /home/kasinath/colcon_ws/install/ur5_control/share/ur5_control/environment/ament_prefix_path.sh
[1.298s] -- Installing: /home/kasinath/colcon_ws/install/ur5_control/share/ur5_control/environment/ament_prefix_path.dsv
[1.298s] -- Installing: /home/kasinath/colcon_ws/install/ur5_control/share/ur5_control/environment/path.sh
[1.298s] -- Installing: /home/kasinath/colcon_ws/install/ur5_control/share/ur5_control/environment/path.dsv
[1.298s] -- Installing: /home/kasinath/colcon_ws/install/ur5_control/share/ur5_control/local_setup.bash
[1.298s] -- Installing: /home/kasinath/colcon_ws/install/ur5_control/share/ur5_control/local_setup.sh
[1.298s] -- Installing: /home/kasinath/colcon_ws/install/ur5_control/share/ur5_control/local_setup.zsh
[1.298s] -- Installing: /home/kasinath/colcon_ws/install/ur5_control/share/ur5_control/local_setup.dsv
[1.298s] -- Installing: /home/kasinath/colcon_ws/install/ur5_control/share/ur5_control/package.dsv
[1.299s] -- Installing: /home/kasinath/colcon_ws/install/ur5_control/share/ament_index/resource_index/packages/ur5_control
[1.299s] -- Installing: /home/kasinath/colcon_ws/install/ur5_control/share/ur5_control/cmake/ur5_controlConfig.cmake
[1.299s] -- Installing: /home/kasinath/colcon_ws/install/ur5_control/share/ur5_control/cmake/ur5_controlConfig-version.cmake
[1.299s] -- Installing: /home/kasinath/colcon_ws/install/ur5_control/share/ur5_control/package.xml
[1.300s] Invoked command in '/home/kasinath/colcon_ws/build/ur5_control' returned '0': CMAKE_PREFIX_PATH=/opt/ros/humble /usr/bin/cmake --install /home/kasinath/colcon_ws/build/ur5_control
