[0.095s] Invoking command in '/home/kasinath/colcon_ws/build/ur5_control': CMAKE_PREFIX_PATH=${CMAKE_PREFIX_PATH}:/opt/ros/humble /usr/bin/cmake --build /home/kasinath/colcon_ws/build/ur5_control -- -j4 -l4
[0.562s] Invoked command in '/home/kasinath/colcon_ws/build/ur5_control' returned '0': CMAKE_PREFIX_PATH=${CMAKE_PREFIX_PATH}:/opt/ros/humble /usr/bin/cmake --build /home/kasinath/colcon_ws/build/ur5_control -- -j4 -l4
[0.598s] Invoking command in '/home/kasinath/colcon_ws/build/ur5_control': CMAKE_PREFIX_PATH=${CMAKE_PREFIX_PATH}:/opt/ros/humble /usr/bin/cmake --install /home/kasinath/colcon_ws/build/ur5_control
[0.629s] -- Install configuration: ""
[0.635s] -- Up-to-date: /home/kasinath/colcon_ws/install/ur5_control/lib/ur5_control/task1b_boiler_plate.py
[0.635s] -- Up-to-date: /home/kasinath/colcon_ws/install/ur5_control/lib/ur5_control/bonus_task2_boiler_plate.py
[0.636s] -- Installing: /home/kasinath/colcon_ws/install/ur5_control/lib/ur5_control/task2b_detection.py
[0.637s] -- Installing: /home/kasinath/colcon_ws/install/ur5_control/lib/ur5_control/task2b_manipulation.py
[0.639s] -- Up-to-date: /home/kasinath/colcon_ws/install/ur5_control/share/ament_index/resource_index/package_run_dependencies/ur5_control
[0.641s] -- Up-to-date: /home/kasinath/colcon_ws/install/ur5_control/share/ament_index/resource_index/parent_prefix_path/ur5_control
[0.646s] -- Up-to-date: /home/kasinath/colcon_ws/install/ur5_control/share/ur5_control/environment/ament_prefix_path.sh
[0.646s] -- Up-to-date: /home/kasinath/colcon_ws/install/ur5_control/share/ur5_control/environment/ament_prefix_path.dsv
[0.646s] -- Up-to-date: /home/kasinath/colcon_ws/install/ur5_control/share/ur5_control/environment/path.sh
[0.646s] -- Up-to-date: /home/kasinath/colcon_ws/install/ur5_control/share/ur5_control/environment/path.dsv
[0.646s] -- Up-to-date: /home/kasinath/colcon_ws/install/ur5_control/share/ur5_control/local_setup.bash
[0.648s] -- Up-to-date: /home/kasinath/colcon_ws/install/ur5_control/share/ur5_control/local_setup.sh
[0.648s] -- Up-to-date: /home/kasinath/colcon_ws/install/ur5_control/share/ur5_control/local_setup.zsh
[0.648s] -- Up-to-date: /home/kasinath/colcon_ws/install/ur5_control/share/ur5_control/local_setup.dsv
[0.649s] -- Installing: /home/kasinath/colcon_ws/install/ur5_control/share/ur5_control/package.dsv
[0.651s] -- Up-to-date: /home/kasinath/colcon_ws/install/ur5_control/share/ament_index/resource_index/packages/ur5_control
[0.651s] -- Up-to-date: /home/kasinath/colcon_ws/install/ur5_control/share/ur5_control/cmake/ur5_controlConfig.cmake
[0.652s] -- Up-to-date: /home/kasinath/colcon_ws/install/ur5_control/share/ur5_control/cmake/ur5_controlConfig-version.cmake
[0.653s] -- Up-to-date: /home/kasinath/colcon_ws/install/ur5_control/share/ur5_control/package.xml
[0.672s] Invoked command in '/home/kasinath/colcon_ws/build/ur5_control' returned '0': CMAKE_PREFIX_PATH=${CMAKE_PREFIX_PATH}:/opt/ros/humble /usr/bin/cmake --install /home/kasinath/colcon_ws/build/ur5_control
