[0.111s] Invoking command in '/home/kasinath/colcon_ws/build/ur5_control': CMAKE_PREFIX_PATH=${CMAKE_PREFIX_PATH}:/opt/ros/humble /usr/bin/cmake --build /home/kasinath/colcon_ws/build/ur5_control -- -j4 -l4
[0.562s] Invoked command in '/home/kasinath/colcon_ws/build/ur5_control' returned '0': CMAKE_PREFIX_PATH=${CMAKE_PREFIX_PATH}:/opt/ros/humble /usr/bin/cmake --build /home/kasinath/colcon_ws/build/ur5_control -- -j4 -l4
[0.644s] Invoking command in '/home/kasinath/colcon_ws/build/ur5_control': CMAKE_PREFIX_PATH=${CMAKE_PREFIX_PATH}:/opt/ros/humble /usr/bin/cmake --install /home/kasinath/colcon_ws/build/ur5_control
[0.693s] -- Install configuration: ""
[0.696s] -- Up-to-date: /home/kasinath/colcon_ws/install/ur5_control/lib/ur5_control/task1b_boiler_plate.py
[0.697s] -- Up-to-date: /home/kasinath/colcon_ws/install/ur5_control/lib/ur5_control/bonus_task2_boiler_plate.py
[0.699s] -- Up-to-date: /home/kasinath/colcon_ws/install/ur5_control/lib/ur5_control/task2b_detection.py
[0.703s] -- Installing: /home/kasinath/colcon_ws/install/ur5_control/lib/ur5_control/task2b_manipulation.py
[0.704s] -- Up-to-date: /home/kasinath/colcon_ws/install/ur5_control/share/ament_index/resource_index/package_run_dependencies/ur5_control
[0.708s] -- Up-to-date: /home/kasinath/colcon_ws/install/ur5_control/share/ament_index/resource_index/parent_prefix_path/ur5_control
[0.711s] -- Up-to-date: /home/kasinath/colcon_ws/install/ur5_control/share/ur5_control/environment/ament_prefix_path.sh
[0.711s] -- Up-to-date: /home/kasinath/colcon_ws/install/ur5_control/share/ur5_control/environment/ament_prefix_path.dsv
[0.714s] -- Up-to-date: /home/kasinath/colcon_ws/install/ur5_control/share/ur5_control/environment/path.sh
[0.714s] -- Up-to-date: /home/kasinath/colcon_ws/install/ur5_control/share/ur5_control/environment/path.dsv
[0.715s] -- Up-to-date: /home/kasinath/colcon_ws/install/ur5_control/share/ur5_control/local_setup.bash
[0.715s] -- Up-to-date: /home/kasinath/colcon_ws/install/ur5_control/share/ur5_control/local_setup.sh
[0.716s] -- Up-to-date: /home/kasinath/colcon_ws/install/ur5_control/share/ur5_control/local_setup.zsh
[0.716s] -- Up-to-date: /home/kasinath/colcon_ws/install/ur5_control/share/ur5_control/local_setup.dsv
[0.717s] -- Installing: /home/kasinath/colcon_ws/install/ur5_control/share/ur5_control/package.dsv
[0.720s] -- Up-to-date: /home/kasinath/colcon_ws/install/ur5_control/share/ament_index/resource_index/packages/ur5_control
[0.723s] -- Up-to-date: /home/kasinath/colcon_ws/install/ur5_control/share/ur5_control/cmake/ur5_controlConfig.cmake
[0.724s] -- Up-to-date: /home/kasinath/colcon_ws/install/ur5_control/share/ur5_control/cmake/ur5_controlConfig-version.cmake
[0.725s] -- Up-to-date: /home/kasinath/colcon_ws/install/ur5_control/share/ur5_control/package.xml
[0.730s] Invoked command in '/home/kasinath/colcon_ws/build/ur5_control' returned '0': CMAKE_PREFIX_PATH=${CMAKE_PREFIX_PATH}:/opt/ros/humble /usr/bin/cmake --install /home/kasinath/colcon_ws/build/ur5_control
