[0.039s] Invoking command in '/home/kasinath/colcon_ws/build/ebot_description': CMAKE_PREFIX_PATH=${CMAKE_PREFIX_PATH}:/opt/ros/humble ROS_DOMAIN_ID=88 /usr/bin/cmake --build /home/kasinath/colcon_ws/build/ebot_description -- -j4 -l4
[0.268s] Invoked command in '/home/kasinath/colcon_ws/build/ebot_description' returned '0': CMAKE_PREFIX_PATH=${CMAKE_PREFIX_PATH}:/opt/ros/humble ROS_DOMAIN_ID=88 /usr/bin/cmake --build /home/kasinath/colcon_ws/build/ebot_description -- -j4 -l4
[0.314s] Invoking command in '/home/kasinath/colcon_ws/build/ebot_description': CMAKE_PREFIX_PATH=${CMAKE_PREFIX_PATH}:/opt/ros/humble ROS_DOMAIN_ID=88 /usr/bin/cmake --install /home/kasinath/colcon_ws/build/ebot_description
[0.325s] -- Install configuration: ""
[0.327s] -- Up-to-date: /home/kasinath/colcon_ws/install/ebot_description/share/ebot_description//launch
[0.330s] -- Up-to-date: /home/kasinath/colcon_ws/install/ebot_description/share/ebot_description//launch/spawn_ebot.launch.py
[0.330s] -- Up-to-date: /home/kasinath/colcon_ws/install/ebot_description/share/ebot_description//worlds
[0.332s] -- Up-to-date: /home/kasinath/colcon_ws/install/ebot_description/share/ebot_description//worlds/empty.world
[0.332s] -- Up-to-date: /home/kasinath/colcon_ws/install/ebot_description/share/ebot_description//models
[0.334s] -- Up-to-date: /home/kasinath/colcon_ws/install/ebot_description/share/ebot_description//models/ebot
[0.336s] -- Up-to-date: /home/kasinath/colcon_ws/install/ebot_description/share/ebot_description//models/ebot/ebot_description.xacro
[0.336s] -- Up-to-date: /home/kasinath/colcon_ws/install/ebot_description/share/ebot_description//models/ebot/ebot.gazebo
[0.336s] -- Up-to-date: /home/kasinath/colcon_ws/install/ebot_description/share/ebot_description//meshes
[0.338s] -- Up-to-date: /home/kasinath/colcon_ws/install/ebot_description/share/ebot_description//meshes/RHUS9.STL
[0.338s] -- Up-to-date: /home/kasinath/colcon_ws/install/ebot_description/share/ebot_description//meshes/FUS4.STL
[0.338s] -- Up-to-date: /home/kasinath/colcon_ws/install/ebot_description/share/ebot_description//meshes/FWL.STL
[0.339s] -- Up-to-date: /home/kasinath/colcon_ws/install/ebot_description/share/ebot_description//meshes/FWR.STL
[0.339s] -- Up-to-date: /home/kasinath/colcon_ws/install/ebot_description/share/ebot_description//meshes/robot_base.stl
[0.339s] -- Up-to-date: /home/kasinath/colcon_ws/install/ebot_description/share/ebot_description//meshes/LHUS10.STL
[0.339s] -- Up-to-date: /home/kasinath/colcon_ws/install/ebot_description/share/ebot_description//meshes/ebot_aruco_tag.jpg
[0.339s] -- Up-to-date: /home/kasinath/colcon_ws/install/ebot_description/share/ebot_description//meshes/chassis_modified.dae
[0.339s] -- Up-to-date: /home/kasinath/colcon_ws/install/ebot_description/share/ebot_description//meshes/FUS1.STL
[0.339s] -- Up-to-date: /home/kasinath/colcon_ws/install/ebot_description/share/ebot_description//meshes/RWL.STL
[0.339s] -- Up-to-date: /home/kasinath/colcon_ws/install/ebot_description/share/ebot_description//meshes/RUS5.STL
[0.339s] -- Up-to-date: /home/kasinath/colcon_ws/install/ebot_description/share/ebot_description//meshes/RHUS7.STL
[0.339s] -- Up-to-date: /home/kasinath/colcon_ws/install/ebot_description/share/ebot_description//meshes/FUS2.STL
[0.339s] -- Up-to-date: /home/kasinath/colcon_ws/install/ebot_description/share/ebot_description//meshes/FUS3.STL
[0.339s] -- Up-to-date: /home/kasinath/colcon_ws/install/ebot_description/share/ebot_description//meshes/RUS6.STL
[0.339s] -- Up-to-date: /home/kasinath/colcon_ws/install/ebot_description/share/ebot_description//meshes/RWR.STL
[0.339s] -- Up-to-date: /home/kasinath/colcon_ws/install/ebot_description/share/ebot_description//meshes/LHUS9.STL
[0.339s] -- Up-to-date: /home/kasinath/colcon_ws/install/ebot_description/share/ebot_description//plugins
[0.341s] -- Up-to-date: /home/kasinath/colcon_ws/install/ebot_description/share/ebot_description//plugins/libgazebo_ros_vacuum_gripper.so
[0.341s] -- Up-to-date: /home/kasinath/colcon_ws/install/ebot_description/share/ebot_description//plugins/libgazebo_collision_sensor.so
[0.341s] -- Up-to-date: /home/kasinath/colcon_ws/install/ebot_description/share/ebot_description//config
[0.343s] -- Up-to-date: /home/kasinath/colcon_ws/install/ebot_description/share/ebot_description//config/controller.yaml
[0.348s] -- Up-to-date: /home/kasinath/colcon_ws/install/ebot_description/lib/ebot_description/pyarmor_runtime_000000
[0.349s] -- Up-to-date: /home/kasinath/colcon_ws/install/ebot_description/lib/ebot_description/pyarmor_runtime_000000/__init__.py
[0.349s] -- Up-to-date: /home/kasinath/colcon_ws/install/ebot_description/lib/ebot_description/pyarmor_runtime_000000/pyarmor_runtime.so
[0.349s] -- Up-to-date: /home/kasinath/colcon_ws/install/ebot_description/lib/ebot_description/pyarmor_runtime_000000
[0.350s] -- Up-to-date: /home/kasinath/colcon_ws/install/ebot_description/lib/ebot_description/pyarmor_runtime_000000/__init__.py
[0.351s] -- Up-to-date: /home/kasinath/colcon_ws/install/ebot_description/lib/ebot_description/pyarmor_runtime_000000/pyarmor_runtime.so
[0.351s] -- Up-to-date: /home/kasinath/colcon_ws/install/ebot_description/lib/ebot_description/payload.py
[0.351s] -- Up-to-date: /home/kasinath/colcon_ws/install/ebot_description/lib/ebot_description/spawner.py
[0.351s] -- Up-to-date: /home/kasinath/colcon_ws/install/ebot_description/share/ament_index/resource_index/package_run_dependencies/ebot_description
[0.351s] -- Up-to-date: /home/kasinath/colcon_ws/install/ebot_description/share/ament_index/resource_index/parent_prefix_path/ebot_description
[0.353s] -- Up-to-date: /home/kasinath/colcon_ws/install/ebot_description/share/ebot_description/environment/ament_prefix_path.sh
[0.353s] -- Up-to-date: /home/kasinath/colcon_ws/install/ebot_description/share/ebot_description/environment/ament_prefix_path.dsv
[0.354s] -- Up-to-date: /home/kasinath/colcon_ws/install/ebot_description/share/ebot_description/environment/path.sh
[0.354s] -- Up-to-date: /home/kasinath/colcon_ws/install/ebot_description/share/ebot_description/environment/path.dsv
[0.354s] -- Up-to-date: /home/kasinath/colcon_ws/install/ebot_description/share/ebot_description/local_setup.bash
[0.355s] -- Up-to-date: /home/kasinath/colcon_ws/install/ebot_description/share/ebot_description/local_setup.sh
[0.355s] -- Up-to-date: /home/kasinath/colcon_ws/install/ebot_description/share/ebot_description/local_setup.zsh
[0.355s] -- Up-to-date: /home/kasinath/colcon_ws/install/ebot_description/share/ebot_description/local_setup.dsv
[0.355s] -- Installing: /home/kasinath/colcon_ws/install/ebot_description/share/ebot_description/package.dsv
[0.360s] -- Up-to-date: /home/kasinath/colcon_ws/install/ebot_description/share/ament_index/resource_index/packages/ebot_description
[0.368s] -- Up-to-date: /home/kasinath/colcon_ws/install/ebot_description/share/ebot_description/cmake/ebot_descriptionConfig.cmake
[0.369s] -- Up-to-date: /home/kasinath/colcon_ws/install/ebot_description/share/ebot_description/cmake/ebot_descriptionConfig-version.cmake
[0.369s] -- Up-to-date: /home/kasinath/colcon_ws/install/ebot_description/share/ebot_description/package.xml
[0.370s] Invoked command in '/home/kasinath/colcon_ws/build/ebot_description' returned '0': CMAKE_PREFIX_PATH=${CMAKE_PREFIX_PATH}:/opt/ros/humble ROS_DOMAIN_ID=88 /usr/bin/cmake --install /home/kasinath/colcon_ws/build/ebot_description
