[4.060s] DEBUG:colcon:Command line arguments: ['/usr/bin/colcon', 'build', '--packages-select', 'ur5_control']
[4.060s] DEBUG:colcon:Parsed command line arguments: Namespace(log_base=None, log_level=None, verb_name='build', build_base='build', install_base='install', merge_install=False, symlink_install=False, test_result_base=None, continue_on_error=False, executor='parallel', parallel_workers=4, event_handlers=None, ignore_user_meta=False, metas=['./colcon.meta'], base_paths=['.'], packages_ignore=None, packages_ignore_regex=None, paths=None, packages_up_to=None, packages_up_to_regex=None, packages_above=None, packages_above_and_dependencies=None, packages_above_depth=None, packages_select_by_dep=None, packages_skip_by_dep=None, packages_skip_up_to=None, packages_select_build_failed=False, packages_skip_build_finished=False, packages_select_test_failures=False, packages_skip_test_passed=False, packages_select=['ur5_control'], packages_skip=None, packages_select_regex=None, packages_skip_regex=None, packages_start=None, packages_end=None, allow_overriding=[], bazel_args=None, bazel_task=None, cmake_args=None, cmake_target=None, cmake_target_skip_unavailable=False, cmake_clean_cache=False, cmake_clean_first=False, cmake_force_configure=False, meson_args=[], ament_cmake_args=None, catkin_cmake_args=None, catkin_skip_building_tests=False, mixin_files=None, mixin=None, verb_parser=<colcon_alias.argument_parser.alias.AliasArgumentDecorator object at 0x7baabb736800>, verb_extension=<colcon_core.verb.build.BuildVerb object at 0x7baabb735750>, main=<bound method BuildVerb.main of <colcon_core.verb.build.BuildVerb object at 0x7baabb735750>>, mixin_verb=('build',))
[4.536s] Level 1:colcon.colcon_core.package_discovery:discover_packages(colcon_meta) check parameters
[4.539s] Level 1:colcon.colcon_core.package_discovery:discover_packages(recursive) check parameters
[4.539s] Level 1:colcon.colcon_core.package_discovery:discover_packages(ignore) check parameters
[4.539s] Level 1:colcon.colcon_core.package_discovery:discover_packages(path) check parameters
[4.539s] Level 1:colcon.colcon_core.package_discovery:discover_packages(colcon_meta) discover
[4.540s] Level 1:colcon.colcon_core.package_discovery:discover_packages(recursive) discover
[4.540s] INFO:colcon.colcon_core.package_discovery:Crawling recursively for packages in '/home/kasinath/colcon_ws'
[4.540s] Level 1:colcon.colcon_core.package_identification:_identify(.) by extensions ['ignore', 'ignore_ament_install']
[4.541s] Level 1:colcon.colcon_core.package_identification:_identify(.) by extension 'ignore'
[4.542s] Level 1:colcon.colcon_core.package_identification:_identify(.) by extension 'ignore_ament_install'
[4.542s] Level 1:colcon.colcon_core.package_identification:_identify(.) by extensions ['colcon_pkg']
[4.542s] Level 1:colcon.colcon_core.package_identification:_identify(.) by extension 'colcon_pkg'
[4.543s] Level 1:colcon.colcon_core.package_identification:_identify(.) by extensions ['colcon_meta']
[4.543s] Level 1:colcon.colcon_core.package_identification:_identify(.) by extension 'colcon_meta'
[4.543s] Level 1:colcon.colcon_core.package_identification:_identify(.) by extensions ['ros']
[4.543s] Level 1:colcon.colcon_core.package_identification:_identify(.) by extension 'ros'
[4.573s] Level 1:colcon.colcon_core.package_identification:_identify(.) by extensions ['bazel', 'cmake', 'meson', 'python']
[4.574s] Level 1:colcon.colcon_core.package_identification:_identify(.) by extension 'bazel'
[4.574s] Level 1:colcon.colcon_core.package_identification:_identify(.) by extension 'cmake'
[4.574s] Level 1:colcon.colcon_core.package_identification:_identify(.) by extension 'meson'
[4.574s] Level 1:colcon.colcon_core.package_identification:_identify(.) by extension 'python'
[4.574s] Level 1:colcon.colcon_core.package_identification:_identify(.) by extensions ['python_setup_py']
[4.574s] Level 1:colcon.colcon_core.package_identification:_identify(.) by extension 'python_setup_py'
[4.575s] Level 1:colcon.colcon_core.package_identification:_identify(build) by extensions ['ignore', 'ignore_ament_install']
[4.575s] Level 1:colcon.colcon_core.package_identification:_identify(build) by extension 'ignore'
[4.576s] Level 1:colcon.colcon_core.package_identification:_identify(build) ignored
[4.577s] Level 1:colcon.colcon_core.package_identification:_identify(install) by extensions ['ignore', 'ignore_ament_install']
[4.578s] Level 1:colcon.colcon_core.package_identification:_identify(install) by extension 'ignore'
[4.579s] Level 1:colcon.colcon_core.package_identification:_identify(install) ignored
[4.580s] Level 1:colcon.colcon_core.package_identification:_identify(log) by extensions ['ignore', 'ignore_ament_install']
[4.580s] Level 1:colcon.colcon_core.package_identification:_identify(log) by extension 'ignore'
[4.580s] Level 1:colcon.colcon_core.package_identification:_identify(log) ignored
[4.581s] Level 1:colcon.colcon_core.package_identification:_identify(src) by extensions ['ignore', 'ignore_ament_install']
[4.581s] Level 1:colcon.colcon_core.package_identification:_identify(src) by extension 'ignore'
[4.582s] Level 1:colcon.colcon_core.package_identification:_identify(src) by extension 'ignore_ament_install'
[4.582s] Level 1:colcon.colcon_core.package_identification:_identify(src) by extensions ['colcon_pkg']
[4.582s] Level 1:colcon.colcon_core.package_identification:_identify(src) by extension 'colcon_pkg'
[4.583s] Level 1:colcon.colcon_core.package_identification:_identify(src) by extensions ['colcon_meta']
[4.583s] Level 1:colcon.colcon_core.package_identification:_identify(src) by extension 'colcon_meta'
[4.583s] Level 1:colcon.colcon_core.package_identification:_identify(src) by extensions ['ros']
[4.583s] Level 1:colcon.colcon_core.package_identification:_identify(src) by extension 'ros'
[4.584s] Level 1:colcon.colcon_core.package_identification:_identify(src) by extensions ['bazel', 'cmake', 'meson', 'python']
[4.584s] Level 1:colcon.colcon_core.package_identification:_identify(src) by extension 'bazel'
[4.585s] Level 1:colcon.colcon_core.package_identification:_identify(src) by extension 'cmake'
[4.585s] Level 1:colcon.colcon_core.package_identification:_identify(src) by extension 'meson'
[4.585s] Level 1:colcon.colcon_core.package_identification:_identify(src) by extension 'python'
[4.586s] Level 1:colcon.colcon_core.package_identification:_identify(src) by extensions ['python_setup_py']
[4.586s] Level 1:colcon.colcon_core.package_identification:_identify(src) by extension 'python_setup_py'
[4.586s] Level 1:colcon.colcon_core.package_identification:_identify(src/ebot_description) by extensions ['ignore', 'ignore_ament_install']
[4.587s] Level 1:colcon.colcon_core.package_identification:_identify(src/ebot_description) by extension 'ignore'
[4.587s] Level 1:colcon.colcon_core.package_identification:_identify(src/ebot_description) by extension 'ignore_ament_install'
[4.588s] Level 1:colcon.colcon_core.package_identification:_identify(src/ebot_description) by extensions ['colcon_pkg']
[4.589s] Level 1:colcon.colcon_core.package_identification:_identify(src/ebot_description) by extension 'colcon_pkg'
[4.589s] Level 1:colcon.colcon_core.package_identification:_identify(src/ebot_description) by extensions ['colcon_meta']
[4.590s] Level 1:colcon.colcon_core.package_identification:_identify(src/ebot_description) by extension 'colcon_meta'
[4.590s] Level 1:colcon.colcon_core.package_identification:_identify(src/ebot_description) by extensions ['ros']
[4.590s] Level 1:colcon.colcon_core.package_identification:_identify(src/ebot_description) by extension 'ros'
[4.621s] DEBUG:colcon.colcon_core.package_identification:Package 'src/ebot_description' with type 'ros.ament_cmake' and name 'ebot_description'
[4.626s] Level 1:colcon.colcon_core.package_identification:_identify(src/eyantra_warehouse) by extensions ['ignore', 'ignore_ament_install']
[4.626s] Level 1:colcon.colcon_core.package_identification:_identify(src/eyantra_warehouse) by extension 'ignore'
[4.627s] Level 1:colcon.colcon_core.package_identification:_identify(src/eyantra_warehouse) by extension 'ignore_ament_install'
[4.627s] Level 1:colcon.colcon_core.package_identification:_identify(src/eyantra_warehouse) by extensions ['colcon_pkg']
[4.628s] Level 1:colcon.colcon_core.package_identification:_identify(src/eyantra_warehouse) by extension 'colcon_pkg'
[4.628s] Level 1:colcon.colcon_core.package_identification:_identify(src/eyantra_warehouse) by extensions ['colcon_meta']
[4.628s] Level 1:colcon.colcon_core.package_identification:_identify(src/eyantra_warehouse) by extension 'colcon_meta'
[4.632s] Level 1:colcon.colcon_core.package_identification:_identify(src/eyantra_warehouse) by extensions ['ros']
[4.633s] Level 1:colcon.colcon_core.package_identification:_identify(src/eyantra_warehouse) by extension 'ros'
[4.636s] DEBUG:colcon.colcon_core.package_identification:Package 'src/eyantra_warehouse' with type 'ros.ament_cmake' and name 'eyantra_warehouse'
[4.636s] Level 1:colcon.colcon_core.package_identification:_identify(src/linkattacher_msgs) by extensions ['ignore', 'ignore_ament_install']
[4.637s] Level 1:colcon.colcon_core.package_identification:_identify(src/linkattacher_msgs) by extension 'ignore'
[4.637s] Level 1:colcon.colcon_core.package_identification:_identify(src/linkattacher_msgs) by extension 'ignore_ament_install'
[4.638s] Level 1:colcon.colcon_core.package_identification:_identify(src/linkattacher_msgs) by extensions ['colcon_pkg']
[4.638s] Level 1:colcon.colcon_core.package_identification:_identify(src/linkattacher_msgs) by extension 'colcon_pkg'
[4.639s] Level 1:colcon.colcon_core.package_identification:_identify(src/linkattacher_msgs) by extensions ['colcon_meta']
[4.639s] Level 1:colcon.colcon_core.package_identification:_identify(src/linkattacher_msgs) by extension 'colcon_meta'
[4.639s] Level 1:colcon.colcon_core.package_identification:_identify(src/linkattacher_msgs) by extensions ['ros']
[4.640s] Level 1:colcon.colcon_core.package_identification:_identify(src/linkattacher_msgs) by extension 'ros'
[4.643s] DEBUG:colcon.colcon_core.package_identification:Package 'src/linkattacher_msgs' with type 'ros.ament_cmake' and name 'linkattacher_msgs'
[4.646s] Level 1:colcon.colcon_core.package_identification:_identify(src/ur5_control) by extensions ['ignore', 'ignore_ament_install']
[4.646s] Level 1:colcon.colcon_core.package_identification:_identify(src/ur5_control) by extension 'ignore'
[4.647s] Level 1:colcon.colcon_core.package_identification:_identify(src/ur5_control) by extension 'ignore_ament_install'
[4.647s] Level 1:colcon.colcon_core.package_identification:_identify(src/ur5_control) by extensions ['colcon_pkg']
[4.647s] Level 1:colcon.colcon_core.package_identification:_identify(src/ur5_control) by extension 'colcon_pkg'
[4.647s] Level 1:colcon.colcon_core.package_identification:_identify(src/ur5_control) by extensions ['colcon_meta']
[4.648s] Level 1:colcon.colcon_core.package_identification:_identify(src/ur5_control) by extension 'colcon_meta'
[4.648s] Level 1:colcon.colcon_core.package_identification:_identify(src/ur5_control) by extensions ['ros']
[4.648s] Level 1:colcon.colcon_core.package_identification:_identify(src/ur5_control) by extension 'ros'
[4.654s] DEBUG:colcon.colcon_core.package_identification:Package 'src/ur5_control' with type 'ros.ament_cmake' and name 'ur5_control'
[4.655s] Level 1:colcon.colcon_core.package_identification:_identify(src/ur_description) by extensions ['ignore', 'ignore_ament_install']
[4.656s] Level 1:colcon.colcon_core.package_identification:_identify(src/ur_description) by extension 'ignore'
[4.656s] Level 1:colcon.colcon_core.package_identification:_identify(src/ur_description) by extension 'ignore_ament_install'
[4.657s] Level 1:colcon.colcon_core.package_identification:_identify(src/ur_description) by extensions ['colcon_pkg']
[4.657s] Level 1:colcon.colcon_core.package_identification:_identify(src/ur_description) by extension 'colcon_pkg'
[4.657s] Level 1:colcon.colcon_core.package_identification:_identify(src/ur_description) by extensions ['colcon_meta']
[4.658s] Level 1:colcon.colcon_core.package_identification:_identify(src/ur_description) by extension 'colcon_meta'
[4.658s] Level 1:colcon.colcon_core.package_identification:_identify(src/ur_description) by extensions ['ros']
[4.658s] Level 1:colcon.colcon_core.package_identification:_identify(src/ur_description) by extension 'ros'
[4.664s] DEBUG:colcon.colcon_core.package_identification:Package 'src/ur_description' with type 'ros.ament_cmake' and name 'ur_description'
[4.669s] Level 1:colcon.colcon_core.package_identification:_identify(src/ur_simulation_gz) by extensions ['ignore', 'ignore_ament_install']
[4.669s] Level 1:colcon.colcon_core.package_identification:_identify(src/ur_simulation_gz) by extension 'ignore'
[4.669s] Level 1:colcon.colcon_core.package_identification:_identify(src/ur_simulation_gz) by extension 'ignore_ament_install'
[4.670s] Level 1:colcon.colcon_core.package_identification:_identify(src/ur_simulation_gz) by extensions ['colcon_pkg']
[4.670s] Level 1:colcon.colcon_core.package_identification:_identify(src/ur_simulation_gz) by extension 'colcon_pkg'
[4.670s] Level 1:colcon.colcon_core.package_identification:_identify(src/ur_simulation_gz) by extensions ['colcon_meta']
[4.670s] Level 1:colcon.colcon_core.package_identification:_identify(src/ur_simulation_gz) by extension 'colcon_meta'
[4.671s] Level 1:colcon.colcon_core.package_identification:_identify(src/ur_simulation_gz) by extensions ['ros']
[4.671s] Level 1:colcon.colcon_core.package_identification:_identify(src/ur_simulation_gz) by extension 'ros'
[4.673s] DEBUG:colcon.colcon_core.package_identification:Package 'src/ur_simulation_gz' with type 'ros.ament_cmake' and name 'ur_simulation_gz'
[4.673s] Level 1:colcon.colcon_core.package_discovery:discover_packages(recursive) using defaults
[4.673s] Level 1:colcon.colcon_core.package_discovery:discover_packages(ignore) discover
[4.673s] Level 1:colcon.colcon_core.package_discovery:discover_packages(ignore) using defaults
[4.674s] Level 1:colcon.colcon_core.package_discovery:discover_packages(path) discover
[4.674s] Level 1:colcon.colcon_core.package_discovery:discover_packages(path) using defaults
[4.803s] INFO:colcon.colcon_core.package_selection:Skipping not selected package 'ebot_description' in 'src/ebot_description'
[4.803s] INFO:colcon.colcon_core.package_selection:Skipping not selected package 'eyantra_warehouse' in 'src/eyantra_warehouse'
[4.804s] INFO:colcon.colcon_core.package_selection:Skipping not selected package 'linkattacher_msgs' in 'src/linkattacher_msgs'
[4.804s] INFO:colcon.colcon_core.package_selection:Skipping not selected package 'ur_description' in 'src/ur_description'
[4.804s] INFO:colcon.colcon_core.package_selection:Skipping not selected package 'ur_simulation_gz' in 'src/ur_simulation_gz'
[4.807s] Level 1:colcon.colcon_core.package_discovery:discover_packages(prefix_path) check parameters
[4.809s] Level 1:colcon.colcon_core.package_discovery:discover_packages(prefix_path) discover
[4.843s] DEBUG:colcon.colcon_installed_package_information.package_discovery:Found 6 installed packages in /home/kasinath/colcon_ws/install
[4.861s] DEBUG:colcon.colcon_installed_package_information.package_discovery:Found 515 installed packages in /opt/ros/humble
[4.875s] Level 1:colcon.colcon_core.package_discovery:discover_packages(prefix_path) using defaults
[6.663s] Level 5:colcon.colcon_core.verb:set package 'ur5_control' build argument 'bazel_args' from command line to 'None'
[6.663s] Level 5:colcon.colcon_core.verb:set package 'ur5_control' build argument 'bazel_task' from command line to 'None'
[6.664s] Level 5:colcon.colcon_core.verb:set package 'ur5_control' build argument 'cmake_args' from command line to 'None'
[6.664s] Level 5:colcon.colcon_core.verb:set package 'ur5_control' build argument 'cmake_target' from command line to 'None'
[6.664s] Level 5:colcon.colcon_core.verb:set package 'ur5_control' build argument 'cmake_target_skip_unavailable' from command line to 'False'
[6.664s] Level 5:colcon.colcon_core.verb:set package 'ur5_control' build argument 'cmake_clean_cache' from command line to 'False'
[6.664s] Level 5:colcon.colcon_core.verb:set package 'ur5_control' build argument 'cmake_clean_first' from command line to 'False'
[6.664s] Level 5:colcon.colcon_core.verb:set package 'ur5_control' build argument 'cmake_force_configure' from command line to 'False'
[6.664s] Level 5:colcon.colcon_core.verb:set package 'ur5_control' build argument 'meson_args' from command line to '[]'
[6.664s] Level 5:colcon.colcon_core.verb:set package 'ur5_control' build argument 'ament_cmake_args' from command line to 'None'
[6.664s] Level 5:colcon.colcon_core.verb:set package 'ur5_control' build argument 'catkin_cmake_args' from command line to 'None'
[6.664s] Level 5:colcon.colcon_core.verb:set package 'ur5_control' build argument 'catkin_skip_building_tests' from command line to 'False'
[6.665s] DEBUG:colcon.colcon_core.verb:Building package 'ur5_control' with the following arguments: {'ament_cmake_args': None, 'bazel_args': None, 'bazel_task': None, 'build_base': '/home/kasinath/colcon_ws/build/ur5_control', 'catkin_cmake_args': None, 'catkin_skip_building_tests': False, 'cmake_args': None, 'cmake_clean_cache': False, 'cmake_clean_first': False, 'cmake_force_configure': False, 'cmake_target': None, 'cmake_target_skip_unavailable': False, 'install_base': '/home/kasinath/colcon_ws/install/ur5_control', 'merge_install': False, 'meson_args': [], 'path': '/home/kasinath/colcon_ws/src/ur5_control', 'symlink_install': False, 'test_result_base': None}
[6.665s] INFO:colcon.colcon_core.executor:Executing jobs using 'parallel' executor
[6.669s] DEBUG:colcon.colcon_parallel_executor.executor.parallel:run_until_complete
[6.670s] INFO:colcon.colcon_ros.task.ament_cmake.build:Building ROS package in '/home/kasinath/colcon_ws/src/ur5_control' with build type 'ament_cmake'
[6.671s] INFO:colcon.colcon_cmake.task.cmake.build:Building CMake package in '/home/kasinath/colcon_ws/src/ur5_control'
[6.711s] INFO:colcon.colcon_core.plugin_system:Skipping extension 'colcon_core.shell.bat': Not used on non-Windows systems
[6.712s] DEBUG:colcon.colcon_ros_domain_id_coordinator.shell.ros_domain_id:Allocated ROS_DOMAIN_ID=43 for '/home/kasinath/colcon_ws/build/ur5_control'
[6.712s] INFO:colcon.colcon_core.shell:Skip shell extension 'ros_domain_id' for command environment: 
[6.713s] INFO:colcon.colcon_core.shell:Skip shell extension 'powershell' for command environment: Not usable outside of PowerShell
[6.713s] DEBUG:colcon.colcon_core.shell:Skip shell extension 'dsv' for command environment
[6.794s] DEBUG:colcon.colcon_core.event_handler.log_command:Invoking command in '/home/kasinath/colcon_ws/build/ur5_control': CMAKE_PREFIX_PATH=${CMAKE_PREFIX_PATH}:/opt/ros/humble /usr/bin/cmake --build /home/kasinath/colcon_ws/build/ur5_control -- -j4 -l4
[7.290s] DEBUG:colcon.colcon_core.event_handler.log_command:Invoked command in '/home/kasinath/colcon_ws/build/ur5_control' returned '0': CMAKE_PREFIX_PATH=${CMAKE_PREFIX_PATH}:/opt/ros/humble /usr/bin/cmake --build /home/kasinath/colcon_ws/build/ur5_control -- -j4 -l4
[7.343s] DEBUG:colcon.colcon_core.event_handler.log_command:Invoking command in '/home/kasinath/colcon_ws/build/ur5_control': CMAKE_PREFIX_PATH=${CMAKE_PREFIX_PATH}:/opt/ros/humble /usr/bin/cmake --install /home/kasinath/colcon_ws/build/ur5_control
[7.400s] Level 1:colcon.colcon_core.environment:create_environment_scripts_only(ur5_control)
[7.404s] DEBUG:colcon.colcon_core.event_handler.log_command:Invoked command in '/home/kasinath/colcon_ws/build/ur5_control' returned '0': CMAKE_PREFIX_PATH=${CMAKE_PREFIX_PATH}:/opt/ros/humble /usr/bin/cmake --install /home/kasinath/colcon_ws/build/ur5_control
[7.449s] Level 1:colcon.colcon_core.environment:checking '/home/kasinath/colcon_ws/install/ur5_control' for CMake module files
[7.453s] Level 1:colcon.colcon_core.environment:checking '/home/kasinath/colcon_ws/install/ur5_control' for CMake config files
[7.458s] Level 1:colcon.colcon_core.shell:create_environment_hook('ur5_control', 'cmake_prefix_path')
[7.458s] INFO:colcon.colcon_core.shell:Creating environment hook '/home/kasinath/colcon_ws/install/ur5_control/share/ur5_control/hook/cmake_prefix_path.ps1'
[7.463s] INFO:colcon.colcon_core.shell:Creating environment descriptor '/home/kasinath/colcon_ws/install/ur5_control/share/ur5_control/hook/cmake_prefix_path.dsv'
[7.466s] INFO:colcon.colcon_core.shell:Creating environment hook '/home/kasinath/colcon_ws/install/ur5_control/share/ur5_control/hook/cmake_prefix_path.sh'
[7.472s] Level 1:colcon.colcon_core.environment:checking '/home/kasinath/colcon_ws/install/ur5_control/lib'
[7.474s] Level 1:colcon.colcon_core.environment:checking '/home/kasinath/colcon_ws/install/ur5_control/bin'
[7.474s] Level 1:colcon.colcon_core.environment:checking '/home/kasinath/colcon_ws/install/ur5_control/lib/pkgconfig/ur5_control.pc'
[7.475s] Level 1:colcon.colcon_core.environment:checking '/home/kasinath/colcon_ws/install/ur5_control/lib/python3.10/site-packages'
[7.477s] Level 1:colcon.colcon_core.environment:checking '/home/kasinath/colcon_ws/install/ur5_control/bin'
[7.478s] INFO:colcon.colcon_core.shell:Creating package script '/home/kasinath/colcon_ws/install/ur5_control/share/ur5_control/package.ps1'
[7.484s] INFO:colcon.colcon_core.shell:Creating package descriptor '/home/kasinath/colcon_ws/install/ur5_control/share/ur5_control/package.dsv'
[7.487s] INFO:colcon.colcon_core.shell:Creating package script '/home/kasinath/colcon_ws/install/ur5_control/share/ur5_control/package.sh'
[7.492s] INFO:colcon.colcon_core.shell:Creating package script '/home/kasinath/colcon_ws/install/ur5_control/share/ur5_control/package.bash'
[7.497s] INFO:colcon.colcon_core.shell:Creating package script '/home/kasinath/colcon_ws/install/ur5_control/share/ur5_control/package.zsh'
[7.501s] Level 1:colcon.colcon_core.environment:create_file_with_runtime_dependencies(/home/kasinath/colcon_ws/install/ur5_control/share/colcon-core/packages/ur5_control)
[7.503s] Level 1:colcon.colcon_core.environment:create_environment_scripts_only(ur5_control)
[7.503s] Level 1:colcon.colcon_core.environment:checking '/home/kasinath/colcon_ws/install/ur5_control' for CMake module files
[7.506s] Level 1:colcon.colcon_core.environment:checking '/home/kasinath/colcon_ws/install/ur5_control' for CMake config files
[7.507s] Level 1:colcon.colcon_core.shell:create_environment_hook('ur5_control', 'cmake_prefix_path')
[7.508s] INFO:colcon.colcon_core.shell:Creating environment hook '/home/kasinath/colcon_ws/install/ur5_control/share/ur5_control/hook/cmake_prefix_path.ps1'
[7.510s] INFO:colcon.colcon_core.shell:Creating environment descriptor '/home/kasinath/colcon_ws/install/ur5_control/share/ur5_control/hook/cmake_prefix_path.dsv'
[7.512s] INFO:colcon.colcon_core.shell:Creating environment hook '/home/kasinath/colcon_ws/install/ur5_control/share/ur5_control/hook/cmake_prefix_path.sh'
[7.515s] Level 1:colcon.colcon_core.environment:checking '/home/kasinath/colcon_ws/install/ur5_control/lib'
[7.516s] Level 1:colcon.colcon_core.environment:checking '/home/kasinath/colcon_ws/install/ur5_control/bin'
[7.516s] Level 1:colcon.colcon_core.environment:checking '/home/kasinath/colcon_ws/install/ur5_control/lib/pkgconfig/ur5_control.pc'
[7.517s] Level 1:colcon.colcon_core.environment:checking '/home/kasinath/colcon_ws/install/ur5_control/lib/python3.10/site-packages'
[7.518s] Level 1:colcon.colcon_core.environment:checking '/home/kasinath/colcon_ws/install/ur5_control/bin'
[7.519s] INFO:colcon.colcon_core.shell:Creating package script '/home/kasinath/colcon_ws/install/ur5_control/share/ur5_control/package.ps1'
[7.524s] INFO:colcon.colcon_core.shell:Creating package descriptor '/home/kasinath/colcon_ws/install/ur5_control/share/ur5_control/package.dsv'
[7.528s] INFO:colcon.colcon_core.shell:Creating package script '/home/kasinath/colcon_ws/install/ur5_control/share/ur5_control/package.sh'
[7.532s] INFO:colcon.colcon_core.shell:Creating package script '/home/kasinath/colcon_ws/install/ur5_control/share/ur5_control/package.bash'
[7.535s] INFO:colcon.colcon_core.shell:Creating package script '/home/kasinath/colcon_ws/install/ur5_control/share/ur5_control/package.zsh'
[7.537s] Level 1:colcon.colcon_core.environment:create_file_with_runtime_dependencies(/home/kasinath/colcon_ws/install/ur5_control/share/colcon-core/packages/ur5_control)
[7.542s] DEBUG:colcon.colcon_ros_domain_id_coordinator.shell.ros_domain_id:Released ROS_DOMAIN_ID=43 for '/home/kasinath/colcon_ws/build/ur5_control'
[7.546s] DEBUG:colcon.colcon_parallel_executor.executor.parallel:closing loop
[7.550s] DEBUG:colcon.colcon_parallel_executor.executor.parallel:loop closed
[7.551s] DEBUG:colcon.colcon_parallel_executor.executor.parallel:run_until_complete finished with '0'
[7.551s] DEBUG:colcon.colcon_core.event_reactor:joining thread
[7.591s] INFO:colcon.colcon_core.plugin_system:Skipping extension 'colcon_notification.desktop_notification.terminal_notifier': Not used on non-Darwin systems
[7.592s] INFO:colcon.colcon_core.plugin_system:Skipping extension 'colcon_notification.desktop_notification.win32': Not used on non-Windows systems
[7.592s] INFO:colcon.colcon_notification.desktop_notification:Sending desktop notification using 'notify2'
[7.796s] DEBUG:colcon.colcon_core.event_reactor:joined thread
[7.798s] INFO:colcon.colcon_core.shell:Creating prefix script '/home/kasinath/colcon_ws/install/local_setup.ps1'
[7.810s] INFO:colcon.colcon_core.shell:Creating prefix util module '/home/kasinath/colcon_ws/install/_local_setup_util_ps1.py'
[7.819s] INFO:colcon.colcon_core.shell:Creating prefix chain script '/home/kasinath/colcon_ws/install/setup.ps1'
[7.827s] INFO:colcon.colcon_core.shell:Creating prefix script '/home/kasinath/colcon_ws/install/local_setup.sh'
[7.837s] INFO:colcon.colcon_core.shell:Creating prefix util module '/home/kasinath/colcon_ws/install/_local_setup_util_sh.py'
[7.841s] INFO:colcon.colcon_core.shell:Creating prefix chain script '/home/kasinath/colcon_ws/install/setup.sh'
[7.853s] INFO:colcon.colcon_core.shell:Creating prefix script '/home/kasinath/colcon_ws/install/local_setup.bash'
[7.857s] INFO:colcon.colcon_core.shell:Creating prefix chain script '/home/kasinath/colcon_ws/install/setup.bash'
[7.869s] INFO:colcon.colcon_core.shell:Creating prefix script '/home/kasinath/colcon_ws/install/local_setup.zsh'
[7.875s] INFO:colcon.colcon_core.shell:Creating prefix chain script '/home/kasinath/colcon_ws/install/setup.zsh'
[7.884s] INFO:colcon.colcon_core.shell:Creating '/home/kasinath/colcon_ws/install/spawn_shell.bash'
