[0.040s] Invoking command in '/home/kasinath/colcon_ws/build/ur_description': CMAKE_PREFIX_PATH=${CMAKE_PREFIX_PATH}:/opt/ros/humble ROS_DOMAIN_ID=231 /usr/bin/cmake --build /home/kasinath/colcon_ws/build/ur_description -- -j4 -l4
[0.203s] Invoked command in '/home/kasinath/colcon_ws/build/ur_description' returned '0': CMAKE_PREFIX_PATH=${CMAKE_PREFIX_PATH}:/opt/ros/humble ROS_DOMAIN_ID=231 /usr/bin/cmake --build /home/kasinath/colcon_ws/build/ur_description -- -j4 -l4
[0.230s] Invoking command in '/home/kasinath/colcon_ws/build/ur_description': CMAKE_PREFIX_PATH=${CMAKE_PREFIX_PATH}:/opt/ros/humble ROS_DOMAIN_ID=231 /usr/bin/cmake --install /home/kasinath/colcon_ws/build/ur_description
[0.242s] -- Install configuration: ""
[0.248s] -- Up-to-date: /home/kasinath/colcon_ws/install/ur_description/share/ur_description/config
[0.249s] -- Up-to-date: /home/kasinath/colcon_ws/install/ur_description/share/ur_description/config/ur30
[0.249s] -- Up-to-date: /home/kasinath/colcon_ws/install/ur_description/share/ur_description/config/ur30/physical_parameters.yaml
[0.249s] -- Up-to-date: /home/kasinath/colcon_ws/install/ur_description/share/ur_description/config/ur30/joint_limits.yaml
[0.249s] -- Up-to-date: /home/kasinath/colcon_ws/install/ur_description/share/ur_description/config/ur30/default_kinematics.yaml
[0.249s] -- Up-to-date: /home/kasinath/colcon_ws/install/ur_description/share/ur_description/config/ur30/visual_parameters.yaml
[0.249s] -- Up-to-date: /home/kasinath/colcon_ws/install/ur_description/share/ur_description/config/ur3
[0.250s] -- Up-to-date: /home/kasinath/colcon_ws/install/ur_description/share/ur_description/config/ur3/physical_parameters.yaml
[0.250s] -- Up-to-date: /home/kasinath/colcon_ws/install/ur_description/share/ur_description/config/ur3/joint_limits.yaml
[0.250s] -- Up-to-date: /home/kasinath/colcon_ws/install/ur_description/share/ur_description/config/ur3/default_kinematics.yaml
[0.250s] -- Up-to-date: /home/kasinath/colcon_ws/install/ur_description/share/ur_description/config/ur3/visual_parameters.yaml
[0.250s] -- Up-to-date: /home/kasinath/colcon_ws/install/ur_description/share/ur_description/config/ur16e
[0.250s] -- Up-to-date: /home/kasinath/colcon_ws/install/ur_description/share/ur_description/config/ur16e/physical_parameters.yaml
[0.250s] -- Up-to-date: /home/kasinath/colcon_ws/install/ur_description/share/ur_description/config/ur16e/joint_limits.yaml
[0.250s] -- Up-to-date: /home/kasinath/colcon_ws/install/ur_description/share/ur_description/config/ur16e/default_kinematics.yaml
[0.250s] -- Up-to-date: /home/kasinath/colcon_ws/install/ur_description/share/ur_description/config/ur16e/visual_parameters.yaml
[0.250s] -- Up-to-date: /home/kasinath/colcon_ws/install/ur_description/share/ur_description/config/ur5
[0.251s] -- Up-to-date: /home/kasinath/colcon_ws/install/ur_description/share/ur_description/config/ur5/physical_parameters.yaml
[0.251s] -- Up-to-date: /home/kasinath/colcon_ws/install/ur_description/share/ur_description/config/ur5/joint_limits.yaml
[0.251s] -- Up-to-date: /home/kasinath/colcon_ws/install/ur_description/share/ur_description/config/ur5/default_kinematics.yaml
[0.251s] -- Up-to-date: /home/kasinath/colcon_ws/install/ur_description/share/ur_description/config/ur5/visual_parameters.yaml
[0.251s] -- Up-to-date: /home/kasinath/colcon_ws/install/ur_description/share/ur_description/config/ur5e
[0.251s] -- Up-to-date: /home/kasinath/colcon_ws/install/ur_description/share/ur_description/config/ur5e/physical_parameters.yaml
[0.252s] -- Up-to-date: /home/kasinath/colcon_ws/install/ur_description/share/ur_description/config/ur5e/joint_limits.yaml
[0.252s] -- Up-to-date: /home/kasinath/colcon_ws/install/ur_description/share/ur_description/config/ur5e/default_kinematics.yaml
[0.252s] -- Up-to-date: /home/kasinath/colcon_ws/install/ur_description/share/ur_description/config/ur5e/visual_parameters.yaml
[0.252s] -- Up-to-date: /home/kasinath/colcon_ws/install/ur_description/share/ur_description/config/ur3e
[0.252s] -- Up-to-date: /home/kasinath/colcon_ws/install/ur_description/share/ur_description/config/ur3e/physical_parameters.yaml
[0.253s] -- Up-to-date: /home/kasinath/colcon_ws/install/ur_description/share/ur_description/config/ur3e/joint_limits.yaml
[0.253s] -- Up-to-date: /home/kasinath/colcon_ws/install/ur_description/share/ur_description/config/ur3e/default_kinematics.yaml
[0.253s] -- Up-to-date: /home/kasinath/colcon_ws/install/ur_description/share/ur_description/config/ur3e/visual_parameters.yaml
[0.253s] -- Up-to-date: /home/kasinath/colcon_ws/install/ur_description/share/ur_description/config/ur10
[0.257s] -- Up-to-date: /home/kasinath/colcon_ws/install/ur_description/share/ur_description/config/ur10/physical_parameters.yaml
[0.258s] -- Up-to-date: /home/kasinath/colcon_ws/install/ur_description/share/ur_description/config/ur10/joint_limits.yaml
[0.258s] -- Up-to-date: /home/kasinath/colcon_ws/install/ur_description/share/ur_description/config/ur10/default_kinematics.yaml
[0.259s] -- Up-to-date: /home/kasinath/colcon_ws/install/ur_description/share/ur_description/config/ur10/visual_parameters.yaml
[0.259s] -- Up-to-date: /home/kasinath/colcon_ws/install/ur_description/share/ur_description/config/ur10e
[0.259s] -- Up-to-date: /home/kasinath/colcon_ws/install/ur_description/share/ur_description/config/ur10e/physical_parameters.yaml
[0.260s] -- Up-to-date: /home/kasinath/colcon_ws/install/ur_description/share/ur_description/config/ur10e/joint_limits.yaml
[0.260s] -- Up-to-date: /home/kasinath/colcon_ws/install/ur_description/share/ur_description/config/ur10e/default_kinematics.yaml
[0.260s] -- Up-to-date: /home/kasinath/colcon_ws/install/ur_description/share/ur_description/config/ur10e/visual_parameters.yaml
[0.260s] -- Up-to-date: /home/kasinath/colcon_ws/install/ur_description/share/ur_description/config/ur20
[0.261s] -- Up-to-date: /home/kasinath/colcon_ws/install/ur_description/share/ur_description/config/ur20/physical_parameters.yaml
[0.261s] -- Up-to-date: /home/kasinath/colcon_ws/install/ur_description/share/ur_description/config/ur20/joint_limits.yaml
[0.261s] -- Up-to-date: /home/kasinath/colcon_ws/install/ur_description/share/ur_description/config/ur20/default_kinematics.yaml
[0.261s] -- Up-to-date: /home/kasinath/colcon_ws/install/ur_description/share/ur_description/config/ur20/visual_parameters.yaml
[0.261s] -- Up-to-date: /home/kasinath/colcon_ws/install/ur_description/share/ur_description/config/initial_positions.yaml
[0.261s] -- Up-to-date: /home/kasinath/colcon_ws/install/ur_description/share/ur_description/meshes
[0.262s] -- Up-to-date: /home/kasinath/colcon_ws/install/ur_description/share/ur_description/meshes/ur30
[0.262s] -- Up-to-date: /home/kasinath/colcon_ws/install/ur_description/share/ur_description/meshes/ur30/collision
[0.262s] -- Up-to-date: /home/kasinath/colcon_ws/install/ur_description/share/ur_description/meshes/ur30/collision/forearm.stl
[0.262s] -- Up-to-date: /home/kasinath/colcon_ws/install/ur_description/share/ur_description/meshes/ur30/collision/upperarm.stl
[0.262s] -- Up-to-date: /home/kasinath/colcon_ws/install/ur_description/share/ur_description/meshes/ur30/LICENSE.txt
[0.262s] -- Up-to-date: /home/kasinath/colcon_ws/install/ur_description/share/ur_description/meshes/ur30/visual
[0.262s] -- Up-to-date: /home/kasinath/colcon_ws/install/ur_description/share/ur_description/meshes/ur30/visual/forearm.dae
[0.262s] -- Up-to-date: /home/kasinath/colcon_ws/install/ur_description/share/ur_description/meshes/ur30/visual/UR30_DIFF_8bit_2K.png
[0.263s] -- Up-to-date: /home/kasinath/colcon_ws/install/ur_description/share/ur_description/meshes/ur30/visual/upperarm.dae
[0.264s] -- Up-to-date: /home/kasinath/colcon_ws/install/ur_description/share/ur_description/meshes/ur3
[0.264s] -- Up-to-date: /home/kasinath/colcon_ws/install/ur_description/share/ur_description/meshes/ur3/collision
[0.264s] -- Up-to-date: /home/kasinath/colcon_ws/install/ur_description/share/ur_description/meshes/ur3/collision/wrist2.stl
[0.264s] -- Up-to-date: /home/kasinath/colcon_ws/install/ur_description/share/ur_description/meshes/ur3/collision/wrist1.stl
[0.265s] -- Up-to-date: /home/kasinath/colcon_ws/install/ur_description/share/ur_description/meshes/ur3/collision/shoulder.stl
[0.266s] -- Up-to-date: /home/kasinath/colcon_ws/install/ur_description/share/ur_description/meshes/ur3/collision/wrist3.stl
[0.267s] -- Up-to-date: /home/kasinath/colcon_ws/install/ur_description/share/ur_description/meshes/ur3/collision/forearm.stl
[0.267s] -- Up-to-date: /home/kasinath/colcon_ws/install/ur_description/share/ur_description/meshes/ur3/collision/base.stl
[0.267s] -- Up-to-date: /home/kasinath/colcon_ws/install/ur_description/share/ur_description/meshes/ur3/collision/upperarm.stl
[0.267s] -- Up-to-date: /home/kasinath/colcon_ws/install/ur_description/share/ur_description/meshes/ur3/visual
[0.267s] -- Up-to-date: /home/kasinath/colcon_ws/install/ur_description/share/ur_description/meshes/ur3/visual/shoulder.dae
[0.267s] -- Up-to-date: /home/kasinath/colcon_ws/install/ur_description/share/ur_description/meshes/ur3/visual/base.dae
[0.267s] -- Up-to-date: /home/kasinath/colcon_ws/install/ur_description/share/ur_description/meshes/ur3/visual/forearm.dae
[0.267s] -- Up-to-date: /home/kasinath/colcon_ws/install/ur_description/share/ur_description/meshes/ur3/visual/wrist1.dae
[0.267s] -- Up-to-date: /home/kasinath/colcon_ws/install/ur_description/share/ur_description/meshes/ur3/visual/wrist3.dae
[0.267s] -- Up-to-date: /home/kasinath/colcon_ws/install/ur_description/share/ur_description/meshes/ur3/visual/wrist2.dae
[0.267s] -- Up-to-date: /home/kasinath/colcon_ws/install/ur_description/share/ur_description/meshes/ur3/visual/upperarm.dae
[0.268s] -- Up-to-date: /home/kasinath/colcon_ws/install/ur_description/share/ur_description/meshes/ur16e
[0.268s] -- Up-to-date: /home/kasinath/colcon_ws/install/ur_description/share/ur_description/meshes/ur16e/collision
[0.268s] -- Up-to-date: /home/kasinath/colcon_ws/install/ur_description/share/ur_description/meshes/ur16e/collision/forearm.stl
[0.268s] -- Up-to-date: /home/kasinath/colcon_ws/install/ur_description/share/ur_description/meshes/ur16e/collision/upperarm.stl
[0.268s] -- Up-to-date: /home/kasinath/colcon_ws/install/ur_description/share/ur_description/meshes/ur16e/visual
[0.268s] -- Up-to-date: /home/kasinath/colcon_ws/install/ur_description/share/ur_description/meshes/ur16e/visual/forearm.dae
[0.268s] -- Up-to-date: /home/kasinath/colcon_ws/install/ur_description/share/ur_description/meshes/ur16e/visual/upperarm.dae
[0.268s] -- Up-to-date: /home/kasinath/colcon_ws/install/ur_description/share/ur_description/meshes/ur5
[0.269s] -- Up-to-date: /home/kasinath/colcon_ws/install/ur_description/share/ur_description/meshes/ur5/collision
[0.271s] -- Up-to-date: /home/kasinath/colcon_ws/install/ur_description/share/ur_description/meshes/ur5/collision/wrist2.stl
[0.271s] -- Up-to-date: /home/kasinath/colcon_ws/install/ur_description/share/ur_description/meshes/ur5/collision/wrist1.stl
[0.271s] -- Up-to-date: /home/kasinath/colcon_ws/install/ur_description/share/ur_description/meshes/ur5/collision/shoulder.stl
[0.271s] -- Up-to-date: /home/kasinath/colcon_ws/install/ur_description/share/ur_description/meshes/ur5/collision/wrist3.stl
[0.271s] -- Up-to-date: /home/kasinath/colcon_ws/install/ur_description/share/ur_description/meshes/ur5/collision/forearm.stl
[0.271s] -- Up-to-date: /home/kasinath/colcon_ws/install/ur_description/share/ur_description/meshes/ur5/collision/base.stl
[0.271s] -- Up-to-date: /home/kasinath/colcon_ws/install/ur_description/share/ur_description/meshes/ur5/collision/upperarm.stl
[0.272s] -- Up-to-date: /home/kasinath/colcon_ws/install/ur_description/share/ur_description/meshes/ur5/collision/camera_mount.stl
[0.272s] -- Up-to-date: /home/kasinath/colcon_ws/install/ur_description/share/ur_description/meshes/ur5/visual
[0.277s] -- Up-to-date: /home/kasinath/colcon_ws/install/ur_description/share/ur_description/meshes/ur5/visual/shoulder.dae
[0.278s] -- Up-to-date: /home/kasinath/colcon_ws/install/ur_description/share/ur_description/meshes/ur5/visual/base.dae
[0.278s] -- Up-to-date: /home/kasinath/colcon_ws/install/ur_description/share/ur_description/meshes/ur5/visual/forearm.dae
[0.278s] -- Up-to-date: /home/kasinath/colcon_ws/install/ur_description/share/ur_description/meshes/ur5/visual/wrist1.dae
[0.278s] -- Up-to-date: /home/kasinath/colcon_ws/install/ur_description/share/ur_description/meshes/ur5/visual/wrist3.dae
[0.278s] -- Up-to-date: /home/kasinath/colcon_ws/install/ur_description/share/ur_description/meshes/ur5/visual/wrist2.dae
[0.278s] -- Up-to-date: /home/kasinath/colcon_ws/install/ur_description/share/ur_description/meshes/ur5/visual/upperarm.dae
[0.278s] -- Up-to-date: /home/kasinath/colcon_ws/install/ur_description/share/ur_description/meshes/NAVRS.STL
[0.278s] -- Up-to-date: /home/kasinath/colcon_ws/install/ur_description/share/ur_description/meshes/ur5e
[0.293s] -- Up-to-date: /home/kasinath/colcon_ws/install/ur_description/share/ur_description/meshes/ur5e/collision
[0.308s] -- Up-to-date: /home/kasinath/colcon_ws/install/ur_description/share/ur_description/meshes/ur5e/collision/wrist2.stl
[0.308s] -- Up-to-date: /home/kasinath/colcon_ws/install/ur_description/share/ur_description/meshes/ur5e/collision/wrist1.stl
[0.308s] -- Up-to-date: /home/kasinath/colcon_ws/install/ur_description/share/ur_description/meshes/ur5e/collision/shoulder.stl
[0.308s] -- Up-to-date: /home/kasinath/colcon_ws/install/ur_description/share/ur_description/meshes/ur5e/collision/wrist3.stl
[0.309s] -- Up-to-date: /home/kasinath/colcon_ws/install/ur_description/share/ur_description/meshes/ur5e/collision/forearm.stl
[0.309s] -- Up-to-date: /home/kasinath/colcon_ws/install/ur_description/share/ur_description/meshes/ur5e/collision/base.stl
[0.309s] -- Up-to-date: /home/kasinath/colcon_ws/install/ur_description/share/ur_description/meshes/ur5e/collision/upperarm.stl
[0.309s] -- Up-to-date: /home/kasinath/colcon_ws/install/ur_description/share/ur_description/meshes/ur5e/visual
[0.316s] -- Up-to-date: /home/kasinath/colcon_ws/install/ur_description/share/ur_description/meshes/ur5e/visual/shoulder.dae
[0.316s] -- Up-to-date: /home/kasinath/colcon_ws/install/ur_description/share/ur_description/meshes/ur5e/visual/base.dae
[0.316s] -- Up-to-date: /home/kasinath/colcon_ws/install/ur_description/share/ur_description/meshes/ur5e/visual/forearm.dae
[0.316s] -- Up-to-date: /home/kasinath/colcon_ws/install/ur_description/share/ur_description/meshes/ur5e/visual/wrist1.dae
[0.316s] -- Up-to-date: /home/kasinath/colcon_ws/install/ur_description/share/ur_description/meshes/ur5e/visual/wrist3.dae
[0.316s] -- Up-to-date: /home/kasinath/colcon_ws/install/ur_description/share/ur_description/meshes/ur5e/visual/wrist2.dae
[0.316s] -- Up-to-date: /home/kasinath/colcon_ws/install/ur_description/share/ur_description/meshes/ur5e/visual/upperarm.dae
[0.316s] -- Up-to-date: /home/kasinath/colcon_ws/install/ur_description/share/ur_description/meshes/ur3e
[0.317s] -- Up-to-date: /home/kasinath/colcon_ws/install/ur_description/share/ur_description/meshes/ur3e/collision
[0.319s] -- Up-to-date: /home/kasinath/colcon_ws/install/ur_description/share/ur_description/meshes/ur3e/collision/wrist2.stl
[0.319s] -- Up-to-date: /home/kasinath/colcon_ws/install/ur_description/share/ur_description/meshes/ur3e/collision/wrist1.stl
[0.319s] -- Up-to-date: /home/kasinath/colcon_ws/install/ur_description/share/ur_description/meshes/ur3e/collision/shoulder.stl
[0.319s] -- Up-to-date: /home/kasinath/colcon_ws/install/ur_description/share/ur_description/meshes/ur3e/collision/wrist3.stl
[0.319s] -- Up-to-date: /home/kasinath/colcon_ws/install/ur_description/share/ur_description/meshes/ur3e/collision/forearm.stl
[0.320s] -- Up-to-date: /home/kasinath/colcon_ws/install/ur_description/share/ur_description/meshes/ur3e/collision/base.stl
[0.320s] -- Up-to-date: /home/kasinath/colcon_ws/install/ur_description/share/ur_description/meshes/ur3e/collision/upperarm.stl
[0.320s] -- Up-to-date: /home/kasinath/colcon_ws/install/ur_description/share/ur_description/meshes/ur3e/visual
[0.322s] -- Up-to-date: /home/kasinath/colcon_ws/install/ur_description/share/ur_description/meshes/ur3e/visual/shoulder.dae
[0.323s] -- Up-to-date: /home/kasinath/colcon_ws/install/ur_description/share/ur_description/meshes/ur3e/visual/base.dae
[0.323s] -- Up-to-date: /home/kasinath/colcon_ws/install/ur_description/share/ur_description/meshes/ur3e/visual/forearm.dae
[0.323s] -- Up-to-date: /home/kasinath/colcon_ws/install/ur_description/share/ur_description/meshes/ur3e/visual/wrist1.dae
[0.323s] -- Up-to-date: /home/kasinath/colcon_ws/install/ur_description/share/ur_description/meshes/ur3e/visual/wrist3.dae
[0.323s] -- Up-to-date: /home/kasinath/colcon_ws/install/ur_description/share/ur_description/meshes/ur3e/visual/wrist2.dae
[0.323s] -- Up-to-date: /home/kasinath/colcon_ws/install/ur_description/share/ur_description/meshes/ur3e/visual/upperarm.dae
[0.323s] -- Up-to-date: /home/kasinath/colcon_ws/install/ur_description/share/ur_description/meshes/ur10
[0.324s] -- Up-to-date: /home/kasinath/colcon_ws/install/ur_description/share/ur_description/meshes/ur10/collision
[0.327s] -- Up-to-date: /home/kasinath/colcon_ws/install/ur_description/share/ur_description/meshes/ur10/collision/wrist2.stl
[0.327s] -- Up-to-date: /home/kasinath/colcon_ws/install/ur_description/share/ur_description/meshes/ur10/collision/wrist1.stl
[0.327s] -- Up-to-date: /home/kasinath/colcon_ws/install/ur_description/share/ur_description/meshes/ur10/collision/shoulder.stl
[0.327s] -- Up-to-date: /home/kasinath/colcon_ws/install/ur_description/share/ur_description/meshes/ur10/collision/wrist3.stl
[0.327s] -- Up-to-date: /home/kasinath/colcon_ws/install/ur_description/share/ur_description/meshes/ur10/collision/forearm.stl
[0.327s] -- Up-to-date: /home/kasinath/colcon_ws/install/ur_description/share/ur_description/meshes/ur10/collision/base.stl
[0.327s] -- Up-to-date: /home/kasinath/colcon_ws/install/ur_description/share/ur_description/meshes/ur10/collision/upperarm.stl
[0.327s] -- Up-to-date: /home/kasinath/colcon_ws/install/ur_description/share/ur_description/meshes/ur10/visual
[0.328s] -- Up-to-date: /home/kasinath/colcon_ws/install/ur_description/share/ur_description/meshes/ur10/visual/shoulder.dae
[0.329s] -- Up-to-date: /home/kasinath/colcon_ws/install/ur_description/share/ur_description/meshes/ur10/visual/base.dae
[0.329s] -- Up-to-date: /home/kasinath/colcon_ws/install/ur_description/share/ur_description/meshes/ur10/visual/forearm.dae
[0.329s] -- Up-to-date: /home/kasinath/colcon_ws/install/ur_description/share/ur_description/meshes/ur10/visual/wrist1.dae
[0.329s] -- Up-to-date: /home/kasinath/colcon_ws/install/ur_description/share/ur_description/meshes/ur10/visual/wrist3.dae
[0.329s] -- Up-to-date: /home/kasinath/colcon_ws/install/ur_description/share/ur_description/meshes/ur10/visual/wrist2.dae
[0.329s] -- Up-to-date: /home/kasinath/colcon_ws/install/ur_description/share/ur_description/meshes/ur10/visual/upperarm.dae
[0.329s] -- Up-to-date: /home/kasinath/colcon_ws/install/ur_description/share/ur_description/meshes/d435.dae
[0.329s] -- Up-to-date: /home/kasinath/colcon_ws/install/ur_description/share/ur_description/meshes/ur10e
[0.331s] -- Up-to-date: /home/kasinath/colcon_ws/install/ur_description/share/ur_description/meshes/ur10e/collision
[0.333s] -- Up-to-date: /home/kasinath/colcon_ws/install/ur_description/share/ur_description/meshes/ur10e/collision/wrist2.stl
[0.333s] -- Up-to-date: /home/kasinath/colcon_ws/install/ur_description/share/ur_description/meshes/ur10e/collision/wrist1.stl
[0.334s] -- Up-to-date: /home/kasinath/colcon_ws/install/ur_description/share/ur_description/meshes/ur10e/collision/shoulder.stl
[0.334s] -- Up-to-date: /home/kasinath/colcon_ws/install/ur_description/share/ur_description/meshes/ur10e/collision/wrist3.stl
[0.334s] -- Up-to-date: /home/kasinath/colcon_ws/install/ur_description/share/ur_description/meshes/ur10e/collision/forearm.stl
[0.334s] -- Up-to-date: /home/kasinath/colcon_ws/install/ur_description/share/ur_description/meshes/ur10e/collision/base.stl
[0.334s] -- Up-to-date: /home/kasinath/colcon_ws/install/ur_description/share/ur_description/meshes/ur10e/collision/upperarm.stl
[0.334s] -- Up-to-date: /home/kasinath/colcon_ws/install/ur_description/share/ur_description/meshes/ur10e/visual
[0.335s] -- Up-to-date: /home/kasinath/colcon_ws/install/ur_description/share/ur_description/meshes/ur10e/visual/shoulder.dae
[0.336s] -- Up-to-date: /home/kasinath/colcon_ws/install/ur_description/share/ur_description/meshes/ur10e/visual/base.dae
[0.336s] -- Up-to-date: /home/kasinath/colcon_ws/install/ur_description/share/ur_description/meshes/ur10e/visual/forearm.dae
[0.336s] -- Up-to-date: /home/kasinath/colcon_ws/install/ur_description/share/ur_description/meshes/ur10e/visual/wrist1.dae
[0.336s] -- Up-to-date: /home/kasinath/colcon_ws/install/ur_description/share/ur_description/meshes/ur10e/visual/wrist3.dae
[0.336s] -- Up-to-date: /home/kasinath/colcon_ws/install/ur_description/share/ur_description/meshes/ur10e/visual/wrist2.dae
[0.336s] -- Up-to-date: /home/kasinath/colcon_ws/install/ur_description/share/ur_description/meshes/ur10e/visual/upperarm.dae
[0.337s] -- Up-to-date: /home/kasinath/colcon_ws/install/ur_description/share/ur_description/meshes/ur20
[0.339s] -- Up-to-date: /home/kasinath/colcon_ws/install/ur_description/share/ur_description/meshes/ur20/collision
[0.339s] -- Up-to-date: /home/kasinath/colcon_ws/install/ur_description/share/ur_description/meshes/ur20/collision/wrist2.stl
[0.340s] -- Up-to-date: /home/kasinath/colcon_ws/install/ur_description/share/ur_description/meshes/ur20/collision/wrist1.stl
[0.340s] -- Up-to-date: /home/kasinath/colcon_ws/install/ur_description/share/ur_description/meshes/ur20/collision/shoulder.stl
[0.340s] -- Up-to-date: /home/kasinath/colcon_ws/install/ur_description/share/ur_description/meshes/ur20/collision/wrist3.stl
[0.340s] -- Up-to-date: /home/kasinath/colcon_ws/install/ur_description/share/ur_description/meshes/ur20/collision/forearm.stl
[0.340s] -- Up-to-date: /home/kasinath/colcon_ws/install/ur_description/share/ur_description/meshes/ur20/collision/base.stl
[0.340s] -- Up-to-date: /home/kasinath/colcon_ws/install/ur_description/share/ur_description/meshes/ur20/collision/upperarm.stl
[0.341s] -- Up-to-date: /home/kasinath/colcon_ws/install/ur_description/share/ur_description/meshes/ur20/LICENSE.txt
[0.341s] -- Up-to-date: /home/kasinath/colcon_ws/install/ur_description/share/ur_description/meshes/ur20/visual
[0.342s] -- Up-to-date: /home/kasinath/colcon_ws/install/ur_description/share/ur_description/meshes/ur20/visual/shoulder.dae
[0.342s] -- Up-to-date: /home/kasinath/colcon_ws/install/ur_description/share/ur_description/meshes/ur20/visual/base.dae
[0.342s] -- Up-to-date: /home/kasinath/colcon_ws/install/ur_description/share/ur_description/meshes/ur20/visual/forearm.dae
[0.342s] -- Up-to-date: /home/kasinath/colcon_ws/install/ur_description/share/ur_description/meshes/ur20/visual/wrist1.dae
[0.342s] -- Up-to-date: /home/kasinath/colcon_ws/install/ur_description/share/ur_description/meshes/ur20/visual/wrist3.dae
[0.342s] -- Up-to-date: /home/kasinath/colcon_ws/install/ur_description/share/ur_description/meshes/ur20/visual/wrist2.dae
[0.342s] -- Up-to-date: /home/kasinath/colcon_ws/install/ur_description/share/ur_description/meshes/ur20/visual/UR20_DIFF_8bit_2K.png
[0.342s] -- Up-to-date: /home/kasinath/colcon_ws/install/ur_description/share/ur_description/meshes/ur20/visual/upperarm.dae
[0.342s] -- Up-to-date: /home/kasinath/colcon_ws/install/ur_description/share/ur_description/rviz
[0.344s] -- Up-to-date: /home/kasinath/colcon_ws/install/ur_description/share/ur_description/rviz/view_robot.rviz
[0.344s] -- Up-to-date: /home/kasinath/colcon_ws/install/ur_description/share/ur_description/urdf
[0.347s] -- Up-to-date: /home/kasinath/colcon_ws/install/ur_description/share/ur_description/urdf/ur.urdf.xacro
[0.348s] -- Up-to-date: /home/kasinath/colcon_ws/install/ur_description/share/ur_description/urdf/inc
[0.350s] -- Up-to-date: /home/kasinath/colcon_ws/install/ur_description/share/ur_description/urdf/inc/ur_transmissions.xacro
[0.350s] -- Up-to-date: /home/kasinath/colcon_ws/install/ur_description/share/ur_description/urdf/inc/ur_common.xacro
[0.350s] -- Up-to-date: /home/kasinath/colcon_ws/install/ur_description/share/ur_description/urdf/ur5.urdf.xacro
[0.350s] -- Up-to-date: /home/kasinath/colcon_ws/install/ur_description/share/ur_description/urdf/.vscode
[0.352s] -- Up-to-date: /home/kasinath/colcon_ws/install/ur_description/share/ur_description/urdf/.vscode/c_cpp_properties.json
[0.352s] -- Up-to-date: /home/kasinath/colcon_ws/install/ur_description/share/ur_description/urdf/.vscode/settings.json
[0.352s] -- Up-to-date: /home/kasinath/colcon_ws/install/ur_description/share/ur_description/urdf/ur_macro.xacro
[0.352s] -- Up-to-date: /home/kasinath/colcon_ws/install/ur_description/share/ur_description/urdf/realsense2.urdf.xacro
[0.352s] -- Up-to-date: /home/kasinath/colcon_ws/install/ur_description/share/ur_description/urdf/ur5_arm.urdf.xacro
[0.352s] -- Up-to-date: /home/kasinath/colcon_ws/install/ur_description/share/ur_description/urdf/ur.gazebo.xacro
[0.353s] -- Up-to-date: /home/kasinath/colcon_ws/install/ur_description/share/ur_description/urdf/ur.ros2_control.xacro
[0.353s] -- Up-to-date: /home/kasinath/colcon_ws/install/ur_description/share/ur_description/test
[0.356s] -- Up-to-date: /home/kasinath/colcon_ws/install/ur_description/share/ur_description/test/test_ur_urdf_xacro.py
[0.356s] -- Up-to-date: /home/kasinath/colcon_ws/install/ur_description/share/ur_description/test/test_view_ur_launch.py
[0.357s] -- Up-to-date: /home/kasinath/colcon_ws/install/ur_description/share/ur_description/scripts
[0.358s] -- Up-to-date: /home/kasinath/colcon_ws/install/ur_description/share/ur_description/scripts/armed
[0.360s] -- Up-to-date: /home/kasinath/colcon_ws/install/ur_description/share/ur_description/scripts/armed/pyarmor_runtime_000000
[0.360s] -- Installing: /home/kasinath/colcon_ws/install/ur_description/share/ur_description/scripts/armed/pyarmor_runtime_000000/__init__.py
[0.361s] -- Installing: /home/kasinath/colcon_ws/install/ur_description/share/ur_description/scripts/armed/pyarmor_runtime_000000/pyarmor_runtime.so
[0.362s] -- Installing: /home/kasinath/colcon_ws/install/ur_description/share/ur_description/scripts/armed/random_fruits_spawner.py
[0.369s] -- Installing: /home/kasinath/colcon_ws/install/ur_description/lib/ur_description/random_fruits_spawner.py
[0.369s] -- Up-to-date: /home/kasinath/colcon_ws/install/ur_description/lib/ur_description/pyarmor_runtime_000000
[0.379s] -- Installing: /home/kasinath/colcon_ws/install/ur_description/lib/ur_description/pyarmor_runtime_000000/__init__.py
[0.379s] -- Installing: /home/kasinath/colcon_ws/install/ur_description/lib/ur_description/pyarmor_runtime_000000/pyarmor_runtime.so
[0.380s] -- Up-to-date: /home/kasinath/colcon_ws/install/ur_description/share/ament_index/resource_index/package_run_dependencies/ur_description
[0.382s] -- Up-to-date: /home/kasinath/colcon_ws/install/ur_description/share/ament_index/resource_index/parent_prefix_path/ur_description
[0.384s] -- Up-to-date: /home/kasinath/colcon_ws/install/ur_description/share/ur_description/environment/ament_prefix_path.sh
[0.384s] -- Up-to-date: /home/kasinath/colcon_ws/install/ur_description/share/ur_description/environment/ament_prefix_path.dsv
[0.384s] -- Up-to-date: /home/kasinath/colcon_ws/install/ur_description/share/ur_description/environment/path.sh
[0.384s] -- Up-to-date: /home/kasinath/colcon_ws/install/ur_description/share/ur_description/environment/path.dsv
[0.385s] -- Up-to-date: /home/kasinath/colcon_ws/install/ur_description/share/ur_description/local_setup.bash
[0.385s] -- Up-to-date: /home/kasinath/colcon_ws/install/ur_description/share/ur_description/local_setup.sh
[0.385s] -- Up-to-date: /home/kasinath/colcon_ws/install/ur_description/share/ur_description/local_setup.zsh
[0.385s] -- Up-to-date: /home/kasinath/colcon_ws/install/ur_description/share/ur_description/local_setup.dsv
[0.385s] -- Installing: /home/kasinath/colcon_ws/install/ur_description/share/ur_description/package.dsv
[0.389s] -- Up-to-date: /home/kasinath/colcon_ws/install/ur_description/share/ament_index/resource_index/packages/ur_description
[0.391s] -- Up-to-date: /home/kasinath/colcon_ws/install/ur_description/share/ur_description/cmake/ur_descriptionConfig.cmake
[0.392s] -- Up-to-date: /home/kasinath/colcon_ws/install/ur_description/share/ur_description/cmake/ur_descriptionConfig-version.cmake
[0.393s] -- Up-to-date: /home/kasinath/colcon_ws/install/ur_description/share/ur_description/package.xml
[0.511s] Invoked command in '/home/kasinath/colcon_ws/build/ur_description' returned '0': CMAKE_PREFIX_PATH=${CMAKE_PREFIX_PATH}:/opt/ros/humble ROS_DOMAIN_ID=231 /usr/bin/cmake --install /home/kasinath/colcon_ws/build/ur_description
