[0.085s] Invoking command in '/home/kasinath/colcon_ws/build/ur5_control': CMAKE_PREFIX_PATH=${CMAKE_PREFIX_PATH}:/opt/ros/humble /usr/bin/cmake --build /home/kasinath/colcon_ws/build/ur5_control -- -j4 -l4
[0.632s] Invoked command in '/home/kasinath/colcon_ws/build/ur5_control' returned '0': CMAKE_PREFIX_PATH=${CMAKE_PREFIX_PATH}:/opt/ros/humble /usr/bin/cmake --build /home/kasinath/colcon_ws/build/ur5_control -- -j4 -l4
[0.674s] Invoking command in '/home/kasinath/colcon_ws/build/ur5_control': CMAKE_PREFIX_PATH=${CMAKE_PREFIX_PATH}:/opt/ros/humble /usr/bin/cmake --install /home/kasinath/colcon_ws/build/ur5_control
[0.708s] -- Install configuration: ""
[0.710s] -- Up-to-date: /home/kasinath/colcon_ws/install/ur5_control/lib/ur5_control/task1b_boiler_plate.py
[0.711s] -- Up-to-date: /home/kasinath/colcon_ws/install/ur5_control/lib/ur5_control/bonus_task2_boiler_plate.py
[0.714s] -- Installing: /home/kasinath/colcon_ws/install/ur5_control/lib/ur5_control/task2b_detection.py
[0.715s] -- Up-to-date: /home/kasinath/colcon_ws/install/ur5_control/lib/ur5_control/task2b_manipulation.py
[0.717s] -- Up-to-date: /home/kasinath/colcon_ws/install/ur5_control/share/ament_index/resource_index/package_run_dependencies/ur5_control
[0.718s] -- Up-to-date: /home/kasinath/colcon_ws/install/ur5_control/share/ament_index/resource_index/parent_prefix_path/ur5_control
[0.720s] -- Up-to-date: /home/kasinath/colcon_ws/install/ur5_control/share/ur5_control/environment/ament_prefix_path.sh
[0.721s] -- Up-to-date: /home/kasinath/colcon_ws/install/ur5_control/share/ur5_control/environment/ament_prefix_path.dsv
[0.722s] -- Up-to-date: /home/kasinath/colcon_ws/install/ur5_control/share/ur5_control/environment/path.sh
[0.723s] -- Up-to-date: /home/kasinath/colcon_ws/install/ur5_control/share/ur5_control/environment/path.dsv
[0.724s] -- Up-to-date: /home/kasinath/colcon_ws/install/ur5_control/share/ur5_control/local_setup.bash
[0.725s] -- Up-to-date: /home/kasinath/colcon_ws/install/ur5_control/share/ur5_control/local_setup.sh
[0.726s] -- Up-to-date: /home/kasinath/colcon_ws/install/ur5_control/share/ur5_control/local_setup.zsh
[0.727s] -- Up-to-date: /home/kasinath/colcon_ws/install/ur5_control/share/ur5_control/local_setup.dsv
[0.729s] -- Installing: /home/kasinath/colcon_ws/install/ur5_control/share/ur5_control/package.dsv
[0.732s] -- Up-to-date: /home/kasinath/colcon_ws/install/ur5_control/share/ament_index/resource_index/packages/ur5_control
[0.733s] -- Up-to-date: /home/kasinath/colcon_ws/install/ur5_control/share/ur5_control/cmake/ur5_controlConfig.cmake
[0.736s] -- Up-to-date: /home/kasinath/colcon_ws/install/ur5_control/share/ur5_control/cmake/ur5_controlConfig-version.cmake
[0.737s] -- Up-to-date: /home/kasinath/colcon_ws/install/ur5_control/share/ur5_control/package.xml
[0.746s] Invoked command in '/home/kasinath/colcon_ws/build/ur5_control' returned '0': CMAKE_PREFIX_PATH=${CMAKE_PREFIX_PATH}:/opt/ros/humble /usr/bin/cmake --install /home/kasinath/colcon_ws/build/ur5_control
