[3.301s] DEBUG:colcon:Command line arguments: ['/usr/bin/colcon', 'build', '--packages-select', 'ur5_control']
[3.301s] DEBUG:colcon:Parsed command line arguments: Namespace(log_base=None, log_level=None, verb_name='build', build_base='build', install_base='install', merge_install=False, symlink_install=False, test_result_base=None, continue_on_error=False, executor='parallel', parallel_workers=4, event_handlers=None, ignore_user_meta=False, metas=['./colcon.meta'], base_paths=['.'], packages_ignore=None, packages_ignore_regex=None, paths=None, packages_up_to=None, packages_up_to_regex=None, packages_above=None, packages_above_and_dependencies=None, packages_above_depth=None, packages_select_by_dep=None, packages_skip_by_dep=None, packages_skip_up_to=None, packages_select_build_failed=False, packages_skip_build_finished=False, packages_select_test_failures=False, packages_skip_test_passed=False, packages_select=['ur5_control'], packages_skip=None, packages_select_regex=None, packages_skip_regex=None, packages_start=None, packages_end=None, allow_overriding=[], bazel_args=None, bazel_task=None, cmake_args=None, cmake_target=None, cmake_target_skip_unavailable=False, cmake_clean_cache=False, cmake_clean_first=False, cmake_force_configure=False, meson_args=[], ament_cmake_args=None, catkin_cmake_args=None, catkin_skip_building_tests=False, mixin_files=None, mixin=None, verb_parser=<colcon_alias.argument_parser.alias.AliasArgumentDecorator object at 0x7f00817367a0>, verb_extension=<colcon_core.verb.build.BuildVerb object at 0x7f00817356f0>, main=<bound method BuildVerb.main of <colcon_core.verb.build.BuildVerb object at 0x7f00817356f0>>, mixin_verb=('build',))
[3.669s] Level 1:colcon.colcon_core.package_discovery:discover_packages(colcon_meta) check parameters
[3.669s] Level 1:colcon.colcon_core.package_discovery:discover_packages(recursive) check parameters
[3.670s] Level 1:colcon.colcon_core.package_discovery:discover_packages(ignore) check parameters
[3.670s] Level 1:colcon.colcon_core.package_discovery:discover_packages(path) check parameters
[3.670s] Level 1:colcon.colcon_core.package_discovery:discover_packages(colcon_meta) discover
[3.670s] Level 1:colcon.colcon_core.package_discovery:discover_packages(recursive) discover
[3.672s] INFO:colcon.colcon_core.package_discovery:Crawling recursively for packages in '/home/kasinath/colcon_ws'
[3.672s] Level 1:colcon.colcon_core.package_identification:_identify(.) by extensions ['ignore', 'ignore_ament_install']
[3.673s] Level 1:colcon.colcon_core.package_identification:_identify(.) by extension 'ignore'
[3.673s] Level 1:colcon.colcon_core.package_identification:_identify(.) by extension 'ignore_ament_install'
[3.673s] Level 1:colcon.colcon_core.package_identification:_identify(.) by extensions ['colcon_pkg']
[3.674s] Level 1:colcon.colcon_core.package_identification:_identify(.) by extension 'colcon_pkg'
[3.674s] Level 1:colcon.colcon_core.package_identification:_identify(.) by extensions ['colcon_meta']
[3.674s] Level 1:colcon.colcon_core.package_identification:_identify(.) by extension 'colcon_meta'
[3.674s] Level 1:colcon.colcon_core.package_identification:_identify(.) by extensions ['ros']
[3.677s] Level 1:colcon.colcon_core.package_identification:_identify(.) by extension 'ros'
[3.720s] Level 1:colcon.colcon_core.package_identification:_identify(.) by extensions ['bazel', 'cmake', 'meson', 'python']
[3.720s] Level 1:colcon.colcon_core.package_identification:_identify(.) by extension 'bazel'
[3.720s] Level 1:colcon.colcon_core.package_identification:_identify(.) by extension 'cmake'
[3.720s] Level 1:colcon.colcon_core.package_identification:_identify(.) by extension 'meson'
[3.720s] Level 1:colcon.colcon_core.package_identification:_identify(.) by extension 'python'
[3.720s] Level 1:colcon.colcon_core.package_identification:_identify(.) by extensions ['python_setup_py']
[3.720s] Level 1:colcon.colcon_core.package_identification:_identify(.) by extension 'python_setup_py'
[3.721s] Level 1:colcon.colcon_core.package_identification:_identify(build) by extensions ['ignore', 'ignore_ament_install']
[3.721s] Level 1:colcon.colcon_core.package_identification:_identify(build) by extension 'ignore'
[3.721s] Level 1:colcon.colcon_core.package_identification:_identify(build) ignored
[3.721s] Level 1:colcon.colcon_core.package_identification:_identify(install) by extensions ['ignore', 'ignore_ament_install']
[3.721s] Level 1:colcon.colcon_core.package_identification:_identify(install) by extension 'ignore'
[3.721s] Level 1:colcon.colcon_core.package_identification:_identify(install) ignored
[3.725s] Level 1:colcon.colcon_core.package_identification:_identify(log) by extensions ['ignore', 'ignore_ament_install']
[3.726s] Level 1:colcon.colcon_core.package_identification:_identify(log) by extension 'ignore'
[3.726s] Level 1:colcon.colcon_core.package_identification:_identify(log) ignored
[3.726s] Level 1:colcon.colcon_core.package_identification:_identify(src) by extensions ['ignore', 'ignore_ament_install']
[3.726s] Level 1:colcon.colcon_core.package_identification:_identify(src) by extension 'ignore'
[3.726s] Level 1:colcon.colcon_core.package_identification:_identify(src) by extension 'ignore_ament_install'
[3.726s] Level 1:colcon.colcon_core.package_identification:_identify(src) by extensions ['colcon_pkg']
[3.726s] Level 1:colcon.colcon_core.package_identification:_identify(src) by extension 'colcon_pkg'
[3.726s] Level 1:colcon.colcon_core.package_identification:_identify(src) by extensions ['colcon_meta']
[3.727s] Level 1:colcon.colcon_core.package_identification:_identify(src) by extension 'colcon_meta'
[3.727s] Level 1:colcon.colcon_core.package_identification:_identify(src) by extensions ['ros']
[3.727s] Level 1:colcon.colcon_core.package_identification:_identify(src) by extension 'ros'
[3.727s] Level 1:colcon.colcon_core.package_identification:_identify(src) by extensions ['bazel', 'cmake', 'meson', 'python']
[3.727s] Level 1:colcon.colcon_core.package_identification:_identify(src) by extension 'bazel'
[3.727s] Level 1:colcon.colcon_core.package_identification:_identify(src) by extension 'cmake'
[3.727s] Level 1:colcon.colcon_core.package_identification:_identify(src) by extension 'meson'
[3.727s] Level 1:colcon.colcon_core.package_identification:_identify(src) by extension 'python'
[3.730s] Level 1:colcon.colcon_core.package_identification:_identify(src) by extensions ['python_setup_py']
[3.730s] Level 1:colcon.colcon_core.package_identification:_identify(src) by extension 'python_setup_py'
[3.730s] Level 1:colcon.colcon_core.package_identification:_identify(src/ebot_description) by extensions ['ignore', 'ignore_ament_install']
[3.731s] Level 1:colcon.colcon_core.package_identification:_identify(src/ebot_description) by extension 'ignore'
[3.731s] Level 1:colcon.colcon_core.package_identification:_identify(src/ebot_description) by extension 'ignore_ament_install'
[3.731s] Level 1:colcon.colcon_core.package_identification:_identify(src/ebot_description) by extensions ['colcon_pkg']
[3.731s] Level 1:colcon.colcon_core.package_identification:_identify(src/ebot_description) by extension 'colcon_pkg'
[3.731s] Level 1:colcon.colcon_core.package_identification:_identify(src/ebot_description) by extensions ['colcon_meta']
[3.731s] Level 1:colcon.colcon_core.package_identification:_identify(src/ebot_description) by extension 'colcon_meta'
[3.731s] Level 1:colcon.colcon_core.package_identification:_identify(src/ebot_description) by extensions ['ros']
[3.731s] Level 1:colcon.colcon_core.package_identification:_identify(src/ebot_description) by extension 'ros'
[3.751s] DEBUG:colcon.colcon_core.package_identification:Package 'src/ebot_description' with type 'ros.ament_cmake' and name 'ebot_description'
[3.752s] Level 1:colcon.colcon_core.package_identification:_identify(src/eyantra_warehouse) by extensions ['ignore', 'ignore_ament_install']
[3.752s] Level 1:colcon.colcon_core.package_identification:_identify(src/eyantra_warehouse) by extension 'ignore'
[3.752s] Level 1:colcon.colcon_core.package_identification:_identify(src/eyantra_warehouse) by extension 'ignore_ament_install'
[3.752s] Level 1:colcon.colcon_core.package_identification:_identify(src/eyantra_warehouse) by extensions ['colcon_pkg']
[3.752s] Level 1:colcon.colcon_core.package_identification:_identify(src/eyantra_warehouse) by extension 'colcon_pkg'
[3.752s] Level 1:colcon.colcon_core.package_identification:_identify(src/eyantra_warehouse) by extensions ['colcon_meta']
[3.752s] Level 1:colcon.colcon_core.package_identification:_identify(src/eyantra_warehouse) by extension 'colcon_meta'
[3.753s] Level 1:colcon.colcon_core.package_identification:_identify(src/eyantra_warehouse) by extensions ['ros']
[3.753s] Level 1:colcon.colcon_core.package_identification:_identify(src/eyantra_warehouse) by extension 'ros'
[3.757s] DEBUG:colcon.colcon_core.package_identification:Package 'src/eyantra_warehouse' with type 'ros.ament_cmake' and name 'eyantra_warehouse'
[3.758s] Level 1:colcon.colcon_core.package_identification:_identify(src/linkattacher_msgs) by extensions ['ignore', 'ignore_ament_install']
[3.758s] Level 1:colcon.colcon_core.package_identification:_identify(src/linkattacher_msgs) by extension 'ignore'
[3.759s] Level 1:colcon.colcon_core.package_identification:_identify(src/linkattacher_msgs) by extension 'ignore_ament_install'
[3.759s] Level 1:colcon.colcon_core.package_identification:_identify(src/linkattacher_msgs) by extensions ['colcon_pkg']
[3.759s] Level 1:colcon.colcon_core.package_identification:_identify(src/linkattacher_msgs) by extension 'colcon_pkg'
[3.759s] Level 1:colcon.colcon_core.package_identification:_identify(src/linkattacher_msgs) by extensions ['colcon_meta']
[3.759s] Level 1:colcon.colcon_core.package_identification:_identify(src/linkattacher_msgs) by extension 'colcon_meta'
[3.760s] Level 1:colcon.colcon_core.package_identification:_identify(src/linkattacher_msgs) by extensions ['ros']
[3.760s] Level 1:colcon.colcon_core.package_identification:_identify(src/linkattacher_msgs) by extension 'ros'
[3.763s] DEBUG:colcon.colcon_core.package_identification:Package 'src/linkattacher_msgs' with type 'ros.ament_cmake' and name 'linkattacher_msgs'
[3.764s] Level 1:colcon.colcon_core.package_identification:_identify(src/ur5_control) by extensions ['ignore', 'ignore_ament_install']
[3.764s] Level 1:colcon.colcon_core.package_identification:_identify(src/ur5_control) by extension 'ignore'
[3.765s] Level 1:colcon.colcon_core.package_identification:_identify(src/ur5_control) by extension 'ignore_ament_install'
[3.766s] Level 1:colcon.colcon_core.package_identification:_identify(src/ur5_control) by extensions ['colcon_pkg']
[3.766s] Level 1:colcon.colcon_core.package_identification:_identify(src/ur5_control) by extension 'colcon_pkg'
[3.766s] Level 1:colcon.colcon_core.package_identification:_identify(src/ur5_control) by extensions ['colcon_meta']
[3.767s] Level 1:colcon.colcon_core.package_identification:_identify(src/ur5_control) by extension 'colcon_meta'
[3.769s] Level 1:colcon.colcon_core.package_identification:_identify(src/ur5_control) by extensions ['ros']
[3.769s] Level 1:colcon.colcon_core.package_identification:_identify(src/ur5_control) by extension 'ros'
[3.772s] DEBUG:colcon.colcon_core.package_identification:Package 'src/ur5_control' with type 'ros.ament_cmake' and name 'ur5_control'
[3.773s] Level 1:colcon.colcon_core.package_identification:_identify(src/ur_description) by extensions ['ignore', 'ignore_ament_install']
[3.776s] Level 1:colcon.colcon_core.package_identification:_identify(src/ur_description) by extension 'ignore'
[3.777s] Level 1:colcon.colcon_core.package_identification:_identify(src/ur_description) by extension 'ignore_ament_install'
[3.777s] Level 1:colcon.colcon_core.package_identification:_identify(src/ur_description) by extensions ['colcon_pkg']
[3.778s] Level 1:colcon.colcon_core.package_identification:_identify(src/ur_description) by extension 'colcon_pkg'
[3.778s] Level 1:colcon.colcon_core.package_identification:_identify(src/ur_description) by extensions ['colcon_meta']
[3.778s] Level 1:colcon.colcon_core.package_identification:_identify(src/ur_description) by extension 'colcon_meta'
[3.782s] Level 1:colcon.colcon_core.package_identification:_identify(src/ur_description) by extensions ['ros']
[3.782s] Level 1:colcon.colcon_core.package_identification:_identify(src/ur_description) by extension 'ros'
[3.786s] DEBUG:colcon.colcon_core.package_identification:Package 'src/ur_description' with type 'ros.ament_cmake' and name 'ur_description'
[3.788s] Level 1:colcon.colcon_core.package_identification:_identify(src/ur_simulation_gz) by extensions ['ignore', 'ignore_ament_install']
[3.788s] Level 1:colcon.colcon_core.package_identification:_identify(src/ur_simulation_gz) by extension 'ignore'
[3.790s] Level 1:colcon.colcon_core.package_identification:_identify(src/ur_simulation_gz) by extension 'ignore_ament_install'
[3.790s] Level 1:colcon.colcon_core.package_identification:_identify(src/ur_simulation_gz) by extensions ['colcon_pkg']
[3.790s] Level 1:colcon.colcon_core.package_identification:_identify(src/ur_simulation_gz) by extension 'colcon_pkg'
[3.790s] Level 1:colcon.colcon_core.package_identification:_identify(src/ur_simulation_gz) by extensions ['colcon_meta']
[3.790s] Level 1:colcon.colcon_core.package_identification:_identify(src/ur_simulation_gz) by extension 'colcon_meta'
[3.790s] Level 1:colcon.colcon_core.package_identification:_identify(src/ur_simulation_gz) by extensions ['ros']
[3.790s] Level 1:colcon.colcon_core.package_identification:_identify(src/ur_simulation_gz) by extension 'ros'
[3.794s] DEBUG:colcon.colcon_core.package_identification:Package 'src/ur_simulation_gz' with type 'ros.ament_cmake' and name 'ur_simulation_gz'
[3.794s] Level 1:colcon.colcon_core.package_discovery:discover_packages(recursive) using defaults
[3.794s] Level 1:colcon.colcon_core.package_discovery:discover_packages(ignore) discover
[3.794s] Level 1:colcon.colcon_core.package_discovery:discover_packages(ignore) using defaults
[3.794s] Level 1:colcon.colcon_core.package_discovery:discover_packages(path) discover
[3.794s] Level 1:colcon.colcon_core.package_discovery:discover_packages(path) using defaults
[3.932s] INFO:colcon.colcon_core.package_selection:Skipping not selected package 'ebot_description' in 'src/ebot_description'
[3.933s] INFO:colcon.colcon_core.package_selection:Skipping not selected package 'eyantra_warehouse' in 'src/eyantra_warehouse'
[3.933s] INFO:colcon.colcon_core.package_selection:Skipping not selected package 'linkattacher_msgs' in 'src/linkattacher_msgs'
[3.933s] INFO:colcon.colcon_core.package_selection:Skipping not selected package 'ur_description' in 'src/ur_description'
[3.933s] INFO:colcon.colcon_core.package_selection:Skipping not selected package 'ur_simulation_gz' in 'src/ur_simulation_gz'
[3.936s] Level 1:colcon.colcon_core.package_discovery:discover_packages(prefix_path) check parameters
[3.936s] Level 1:colcon.colcon_core.package_discovery:discover_packages(prefix_path) discover
[3.949s] DEBUG:colcon.colcon_installed_package_information.package_discovery:Found 6 installed packages in /home/kasinath/colcon_ws/install
[3.963s] DEBUG:colcon.colcon_installed_package_information.package_discovery:Found 515 installed packages in /opt/ros/humble
[3.970s] Level 1:colcon.colcon_core.package_discovery:discover_packages(prefix_path) using defaults
[5.372s] Level 5:colcon.colcon_core.verb:set package 'ur5_control' build argument 'bazel_args' from command line to 'None'
[5.373s] Level 5:colcon.colcon_core.verb:set package 'ur5_control' build argument 'bazel_task' from command line to 'None'
[5.373s] Level 5:colcon.colcon_core.verb:set package 'ur5_control' build argument 'cmake_args' from command line to 'None'
[5.373s] Level 5:colcon.colcon_core.verb:set package 'ur5_control' build argument 'cmake_target' from command line to 'None'
[5.373s] Level 5:colcon.colcon_core.verb:set package 'ur5_control' build argument 'cmake_target_skip_unavailable' from command line to 'False'
[5.373s] Level 5:colcon.colcon_core.verb:set package 'ur5_control' build argument 'cmake_clean_cache' from command line to 'False'
[5.373s] Level 5:colcon.colcon_core.verb:set package 'ur5_control' build argument 'cmake_clean_first' from command line to 'False'
[5.373s] Level 5:colcon.colcon_core.verb:set package 'ur5_control' build argument 'cmake_force_configure' from command line to 'False'
[5.373s] Level 5:colcon.colcon_core.verb:set package 'ur5_control' build argument 'meson_args' from command line to '[]'
[5.373s] Level 5:colcon.colcon_core.verb:set package 'ur5_control' build argument 'ament_cmake_args' from command line to 'None'
[5.373s] Level 5:colcon.colcon_core.verb:set package 'ur5_control' build argument 'catkin_cmake_args' from command line to 'None'
[5.373s] Level 5:colcon.colcon_core.verb:set package 'ur5_control' build argument 'catkin_skip_building_tests' from command line to 'False'
[5.373s] DEBUG:colcon.colcon_core.verb:Building package 'ur5_control' with the following arguments: {'ament_cmake_args': None, 'bazel_args': None, 'bazel_task': None, 'build_base': '/home/kasinath/colcon_ws/build/ur5_control', 'catkin_cmake_args': None, 'catkin_skip_building_tests': False, 'cmake_args': None, 'cmake_clean_cache': False, 'cmake_clean_first': False, 'cmake_force_configure': False, 'cmake_target': None, 'cmake_target_skip_unavailable': False, 'install_base': '/home/kasinath/colcon_ws/install/ur5_control', 'merge_install': False, 'meson_args': [], 'path': '/home/kasinath/colcon_ws/src/ur5_control', 'symlink_install': False, 'test_result_base': None}
[5.374s] INFO:colcon.colcon_core.executor:Executing jobs using 'parallel' executor
[5.376s] DEBUG:colcon.colcon_parallel_executor.executor.parallel:run_until_complete
[5.376s] INFO:colcon.colcon_ros.task.ament_cmake.build:Building ROS package in '/home/kasinath/colcon_ws/src/ur5_control' with build type 'ament_cmake'
[5.376s] INFO:colcon.colcon_cmake.task.cmake.build:Building CMake package in '/home/kasinath/colcon_ws/src/ur5_control'
[5.404s] INFO:colcon.colcon_core.plugin_system:Skipping extension 'colcon_core.shell.bat': Not used on non-Windows systems
[5.405s] DEBUG:colcon.colcon_ros_domain_id_coordinator.shell.ros_domain_id:Allocated ROS_DOMAIN_ID=11 for '/home/kasinath/colcon_ws/build/ur5_control'
[5.405s] INFO:colcon.colcon_core.shell:Skip shell extension 'ros_domain_id' for command environment: 
[5.405s] INFO:colcon.colcon_core.shell:Skip shell extension 'powershell' for command environment: Not usable outside of PowerShell
[5.405s] DEBUG:colcon.colcon_core.shell:Skip shell extension 'dsv' for command environment
[5.445s] DEBUG:colcon.colcon_core.event_handler.log_command:Invoking command in '/home/kasinath/colcon_ws/build/ur5_control': CMAKE_PREFIX_PATH=${CMAKE_PREFIX_PATH}:/opt/ros/humble /usr/bin/cmake --build /home/kasinath/colcon_ws/build/ur5_control -- -j4 -l4
[5.712s] DEBUG:colcon.colcon_core.event_handler.log_command:Invoked command in '/home/kasinath/colcon_ws/build/ur5_control' returned '0': CMAKE_PREFIX_PATH=${CMAKE_PREFIX_PATH}:/opt/ros/humble /usr/bin/cmake --build /home/kasinath/colcon_ws/build/ur5_control -- -j4 -l4
[5.748s] DEBUG:colcon.colcon_core.event_handler.log_command:Invoking command in '/home/kasinath/colcon_ws/build/ur5_control': CMAKE_PREFIX_PATH=${CMAKE_PREFIX_PATH}:/opt/ros/humble /usr/bin/cmake --install /home/kasinath/colcon_ws/build/ur5_control
[5.797s] Level 1:colcon.colcon_core.environment:create_environment_scripts_only(ur5_control)
[5.799s] DEBUG:colcon.colcon_core.event_handler.log_command:Invoked command in '/home/kasinath/colcon_ws/build/ur5_control' returned '0': CMAKE_PREFIX_PATH=${CMAKE_PREFIX_PATH}:/opt/ros/humble /usr/bin/cmake --install /home/kasinath/colcon_ws/build/ur5_control
[5.833s] Level 1:colcon.colcon_core.environment:checking '/home/kasinath/colcon_ws/install/ur5_control' for CMake module files
[5.840s] Level 1:colcon.colcon_core.environment:checking '/home/kasinath/colcon_ws/install/ur5_control' for CMake config files
[5.848s] Level 1:colcon.colcon_core.shell:create_environment_hook('ur5_control', 'cmake_prefix_path')
[5.849s] INFO:colcon.colcon_core.shell:Creating environment hook '/home/kasinath/colcon_ws/install/ur5_control/share/ur5_control/hook/cmake_prefix_path.ps1'
[5.852s] INFO:colcon.colcon_core.shell:Creating environment descriptor '/home/kasinath/colcon_ws/install/ur5_control/share/ur5_control/hook/cmake_prefix_path.dsv'
[5.855s] INFO:colcon.colcon_core.shell:Creating environment hook '/home/kasinath/colcon_ws/install/ur5_control/share/ur5_control/hook/cmake_prefix_path.sh'
[5.858s] Level 1:colcon.colcon_core.environment:checking '/home/kasinath/colcon_ws/install/ur5_control/lib'
[5.859s] Level 1:colcon.colcon_core.environment:checking '/home/kasinath/colcon_ws/install/ur5_control/bin'
[5.859s] Level 1:colcon.colcon_core.environment:checking '/home/kasinath/colcon_ws/install/ur5_control/lib/pkgconfig/ur5_control.pc'
[5.860s] Level 1:colcon.colcon_core.environment:checking '/home/kasinath/colcon_ws/install/ur5_control/lib/python3.10/site-packages'
[5.860s] Level 1:colcon.colcon_core.environment:checking '/home/kasinath/colcon_ws/install/ur5_control/bin'
[5.861s] INFO:colcon.colcon_core.shell:Creating package script '/home/kasinath/colcon_ws/install/ur5_control/share/ur5_control/package.ps1'
[5.864s] INFO:colcon.colcon_core.shell:Creating package descriptor '/home/kasinath/colcon_ws/install/ur5_control/share/ur5_control/package.dsv'
[5.869s] INFO:colcon.colcon_core.shell:Creating package script '/home/kasinath/colcon_ws/install/ur5_control/share/ur5_control/package.sh'
[5.871s] INFO:colcon.colcon_core.shell:Creating package script '/home/kasinath/colcon_ws/install/ur5_control/share/ur5_control/package.bash'
[5.876s] INFO:colcon.colcon_core.shell:Creating package script '/home/kasinath/colcon_ws/install/ur5_control/share/ur5_control/package.zsh'
[5.881s] Level 1:colcon.colcon_core.environment:create_file_with_runtime_dependencies(/home/kasinath/colcon_ws/install/ur5_control/share/colcon-core/packages/ur5_control)
[5.883s] Level 1:colcon.colcon_core.environment:create_environment_scripts_only(ur5_control)
[5.884s] Level 1:colcon.colcon_core.environment:checking '/home/kasinath/colcon_ws/install/ur5_control' for CMake module files
[5.885s] Level 1:colcon.colcon_core.environment:checking '/home/kasinath/colcon_ws/install/ur5_control' for CMake config files
[5.887s] Level 1:colcon.colcon_core.shell:create_environment_hook('ur5_control', 'cmake_prefix_path')
[5.887s] INFO:colcon.colcon_core.shell:Creating environment hook '/home/kasinath/colcon_ws/install/ur5_control/share/ur5_control/hook/cmake_prefix_path.ps1'
[5.889s] INFO:colcon.colcon_core.shell:Creating environment descriptor '/home/kasinath/colcon_ws/install/ur5_control/share/ur5_control/hook/cmake_prefix_path.dsv'
[5.890s] INFO:colcon.colcon_core.shell:Creating environment hook '/home/kasinath/colcon_ws/install/ur5_control/share/ur5_control/hook/cmake_prefix_path.sh'
[5.896s] Level 1:colcon.colcon_core.environment:checking '/home/kasinath/colcon_ws/install/ur5_control/lib'
[5.896s] Level 1:colcon.colcon_core.environment:checking '/home/kasinath/colcon_ws/install/ur5_control/bin'
[5.896s] Level 1:colcon.colcon_core.environment:checking '/home/kasinath/colcon_ws/install/ur5_control/lib/pkgconfig/ur5_control.pc'
[5.897s] Level 1:colcon.colcon_core.environment:checking '/home/kasinath/colcon_ws/install/ur5_control/lib/python3.10/site-packages'
[5.897s] Level 1:colcon.colcon_core.environment:checking '/home/kasinath/colcon_ws/install/ur5_control/bin'
[5.898s] INFO:colcon.colcon_core.shell:Creating package script '/home/kasinath/colcon_ws/install/ur5_control/share/ur5_control/package.ps1'
[5.899s] INFO:colcon.colcon_core.shell:Creating package descriptor '/home/kasinath/colcon_ws/install/ur5_control/share/ur5_control/package.dsv'
[5.900s] INFO:colcon.colcon_core.shell:Creating package script '/home/kasinath/colcon_ws/install/ur5_control/share/ur5_control/package.sh'
[5.902s] INFO:colcon.colcon_core.shell:Creating package script '/home/kasinath/colcon_ws/install/ur5_control/share/ur5_control/package.bash'
[5.906s] INFO:colcon.colcon_core.shell:Creating package script '/home/kasinath/colcon_ws/install/ur5_control/share/ur5_control/package.zsh'
[5.907s] Level 1:colcon.colcon_core.environment:create_file_with_runtime_dependencies(/home/kasinath/colcon_ws/install/ur5_control/share/colcon-core/packages/ur5_control)
[5.907s] DEBUG:colcon.colcon_parallel_executor.executor.parallel:closing loop
[5.907s] DEBUG:colcon.colcon_ros_domain_id_coordinator.shell.ros_domain_id:Released ROS_DOMAIN_ID=11 for '/home/kasinath/colcon_ws/build/ur5_control'
[5.908s] DEBUG:colcon.colcon_parallel_executor.executor.parallel:loop closed
[5.909s] DEBUG:colcon.colcon_parallel_executor.executor.parallel:run_until_complete finished with '0'
[5.909s] DEBUG:colcon.colcon_core.event_reactor:joining thread
[5.953s] INFO:colcon.colcon_core.plugin_system:Skipping extension 'colcon_notification.desktop_notification.terminal_notifier': Not used on non-Darwin systems
[5.953s] INFO:colcon.colcon_core.plugin_system:Skipping extension 'colcon_notification.desktop_notification.win32': Not used on non-Windows systems
[5.953s] INFO:colcon.colcon_notification.desktop_notification:Sending desktop notification using 'notify2'
[6.028s] DEBUG:colcon.colcon_core.event_reactor:joined thread
[6.028s] INFO:colcon.colcon_core.shell:Creating prefix script '/home/kasinath/colcon_ws/install/local_setup.ps1'
[6.031s] INFO:colcon.colcon_core.shell:Creating prefix util module '/home/kasinath/colcon_ws/install/_local_setup_util_ps1.py'
[6.039s] INFO:colcon.colcon_core.shell:Creating prefix chain script '/home/kasinath/colcon_ws/install/setup.ps1'
[6.045s] INFO:colcon.colcon_core.shell:Creating prefix script '/home/kasinath/colcon_ws/install/local_setup.sh'
[6.048s] INFO:colcon.colcon_core.shell:Creating prefix util module '/home/kasinath/colcon_ws/install/_local_setup_util_sh.py'
[6.053s] INFO:colcon.colcon_core.shell:Creating prefix chain script '/home/kasinath/colcon_ws/install/setup.sh'
[6.062s] INFO:colcon.colcon_core.shell:Creating prefix script '/home/kasinath/colcon_ws/install/local_setup.bash'
[6.064s] INFO:colcon.colcon_core.shell:Creating prefix chain script '/home/kasinath/colcon_ws/install/setup.bash'
[6.067s] INFO:colcon.colcon_core.shell:Creating prefix script '/home/kasinath/colcon_ws/install/local_setup.zsh'
[6.076s] INFO:colcon.colcon_core.shell:Creating prefix chain script '/home/kasinath/colcon_ws/install/setup.zsh'
[6.081s] INFO:colcon.colcon_core.shell:Creating '/home/kasinath/colcon_ws/install/spawn_shell.bash'
