[0.310s] DEBUG:colcon:Command line arguments: ['/usr/bin/colcon', 'build', '--packages-select', 'ur5_control']
[0.310s] DEBUG:colcon:Parsed command line arguments: Namespace(log_base=None, log_level=None, verb_name='build', build_base='build', install_base='install', merge_install=False, symlink_install=False, test_result_base=None, continue_on_error=False, executor='parallel', parallel_workers=4, event_handlers=None, ignore_user_meta=False, metas=['./colcon.meta'], base_paths=['.'], packages_ignore=None, packages_ignore_regex=None, paths=None, packages_up_to=None, packages_up_to_regex=None, packages_above=None, packages_above_and_dependencies=None, packages_above_depth=None, packages_select_by_dep=None, packages_skip_by_dep=None, packages_skip_up_to=None, packages_select_build_failed=False, packages_skip_build_finished=False, packages_select_test_failures=False, packages_skip_test_passed=False, packages_select=['ur5_control'], packages_skip=None, packages_select_regex=None, packages_skip_regex=None, packages_start=None, packages_end=None, allow_overriding=[], bazel_args=None, bazel_task=None, cmake_args=None, cmake_target=None, cmake_target_skip_unavailable=False, cmake_clean_cache=False, cmake_clean_first=False, cmake_force_configure=False, meson_args=[], ament_cmake_args=None, catkin_cmake_args=None, catkin_skip_building_tests=False, mixin_files=None, mixin=None, verb_parser=<colcon_alias.argument_parser.alias.AliasArgumentDecorator object at 0x754efabfe710>, verb_extension=<colcon_core.verb.build.BuildVerb object at 0x754efabfd660>, main=<bound method BuildVerb.main of <colcon_core.verb.build.BuildVerb object at 0x754efabfd660>>, mixin_verb=('build',))
[0.356s] Level 1:colcon.colcon_core.package_discovery:discover_packages(colcon_meta) check parameters
[0.356s] Level 1:colcon.colcon_core.package_discovery:discover_packages(recursive) check parameters
[0.356s] Level 1:colcon.colcon_core.package_discovery:discover_packages(ignore) check parameters
[0.356s] Level 1:colcon.colcon_core.package_discovery:discover_packages(path) check parameters
[0.356s] Level 1:colcon.colcon_core.package_discovery:discover_packages(colcon_meta) discover
[0.357s] Level 1:colcon.colcon_core.package_discovery:discover_packages(recursive) discover
[0.357s] INFO:colcon.colcon_core.package_discovery:Crawling recursively for packages in '/home/kasinath/colcon_ws'
[0.357s] Level 1:colcon.colcon_core.package_identification:_identify(.) by extensions ['ignore', 'ignore_ament_install']
[0.357s] Level 1:colcon.colcon_core.package_identification:_identify(.) by extension 'ignore'
[0.357s] Level 1:colcon.colcon_core.package_identification:_identify(.) by extension 'ignore_ament_install'
[0.357s] Level 1:colcon.colcon_core.package_identification:_identify(.) by extensions ['colcon_pkg']
[0.357s] Level 1:colcon.colcon_core.package_identification:_identify(.) by extension 'colcon_pkg'
[0.357s] Level 1:colcon.colcon_core.package_identification:_identify(.) by extensions ['colcon_meta']
[0.357s] Level 1:colcon.colcon_core.package_identification:_identify(.) by extension 'colcon_meta'
[0.357s] Level 1:colcon.colcon_core.package_identification:_identify(.) by extensions ['ros']
[0.357s] Level 1:colcon.colcon_core.package_identification:_identify(.) by extension 'ros'
[0.360s] Level 1:colcon.colcon_core.package_identification:_identify(.) by extensions ['bazel', 'cmake', 'meson', 'python']
[0.360s] Level 1:colcon.colcon_core.package_identification:_identify(.) by extension 'bazel'
[0.360s] Level 1:colcon.colcon_core.package_identification:_identify(.) by extension 'cmake'
[0.360s] Level 1:colcon.colcon_core.package_identification:_identify(.) by extension 'meson'
[0.360s] Level 1:colcon.colcon_core.package_identification:_identify(.) by extension 'python'
[0.360s] Level 1:colcon.colcon_core.package_identification:_identify(.) by extensions ['python_setup_py']
[0.360s] Level 1:colcon.colcon_core.package_identification:_identify(.) by extension 'python_setup_py'
[0.360s] Level 1:colcon.colcon_core.package_identification:_identify(build) by extensions ['ignore', 'ignore_ament_install']
[0.360s] Level 1:colcon.colcon_core.package_identification:_identify(build) by extension 'ignore'
[0.360s] Level 1:colcon.colcon_core.package_identification:_identify(build) ignored
[0.360s] Level 1:colcon.colcon_core.package_identification:_identify(install) by extensions ['ignore', 'ignore_ament_install']
[0.360s] Level 1:colcon.colcon_core.package_identification:_identify(install) by extension 'ignore'
[0.360s] Level 1:colcon.colcon_core.package_identification:_identify(install) ignored
[0.361s] Level 1:colcon.colcon_core.package_identification:_identify(log) by extensions ['ignore', 'ignore_ament_install']
[0.361s] Level 1:colcon.colcon_core.package_identification:_identify(log) by extension 'ignore'
[0.361s] Level 1:colcon.colcon_core.package_identification:_identify(log) ignored
[0.361s] Level 1:colcon.colcon_core.package_identification:_identify(src) by extensions ['ignore', 'ignore_ament_install']
[0.361s] Level 1:colcon.colcon_core.package_identification:_identify(src) by extension 'ignore'
[0.361s] Level 1:colcon.colcon_core.package_identification:_identify(src) by extension 'ignore_ament_install'
[0.361s] Level 1:colcon.colcon_core.package_identification:_identify(src) by extensions ['colcon_pkg']
[0.361s] Level 1:colcon.colcon_core.package_identification:_identify(src) by extension 'colcon_pkg'
[0.361s] Level 1:colcon.colcon_core.package_identification:_identify(src) by extensions ['colcon_meta']
[0.361s] Level 1:colcon.colcon_core.package_identification:_identify(src) by extension 'colcon_meta'
[0.361s] Level 1:colcon.colcon_core.package_identification:_identify(src) by extensions ['ros']
[0.361s] Level 1:colcon.colcon_core.package_identification:_identify(src) by extension 'ros'
[0.361s] Level 1:colcon.colcon_core.package_identification:_identify(src) by extensions ['bazel', 'cmake', 'meson', 'python']
[0.361s] Level 1:colcon.colcon_core.package_identification:_identify(src) by extension 'bazel'
[0.361s] Level 1:colcon.colcon_core.package_identification:_identify(src) by extension 'cmake'
[0.361s] Level 1:colcon.colcon_core.package_identification:_identify(src) by extension 'meson'
[0.361s] Level 1:colcon.colcon_core.package_identification:_identify(src) by extension 'python'
[0.361s] Level 1:colcon.colcon_core.package_identification:_identify(src) by extensions ['python_setup_py']
[0.361s] Level 1:colcon.colcon_core.package_identification:_identify(src) by extension 'python_setup_py'
[0.362s] Level 1:colcon.colcon_core.package_identification:_identify(src/ebot_description) by extensions ['ignore', 'ignore_ament_install']
[0.362s] Level 1:colcon.colcon_core.package_identification:_identify(src/ebot_description) by extension 'ignore'
[0.362s] Level 1:colcon.colcon_core.package_identification:_identify(src/ebot_description) by extension 'ignore_ament_install'
[0.362s] Level 1:colcon.colcon_core.package_identification:_identify(src/ebot_description) by extensions ['colcon_pkg']
[0.362s] Level 1:colcon.colcon_core.package_identification:_identify(src/ebot_description) by extension 'colcon_pkg'
[0.362s] Level 1:colcon.colcon_core.package_identification:_identify(src/ebot_description) by extensions ['colcon_meta']
[0.362s] Level 1:colcon.colcon_core.package_identification:_identify(src/ebot_description) by extension 'colcon_meta'
[0.362s] Level 1:colcon.colcon_core.package_identification:_identify(src/ebot_description) by extensions ['ros']
[0.362s] Level 1:colcon.colcon_core.package_identification:_identify(src/ebot_description) by extension 'ros'
[0.365s] DEBUG:colcon.colcon_core.package_identification:Package 'src/ebot_description' with type 'ros.ament_cmake' and name 'ebot_description'
[0.365s] Level 1:colcon.colcon_core.package_identification:_identify(src/eyantra_warehouse) by extensions ['ignore', 'ignore_ament_install']
[0.365s] Level 1:colcon.colcon_core.package_identification:_identify(src/eyantra_warehouse) by extension 'ignore'
[0.365s] Level 1:colcon.colcon_core.package_identification:_identify(src/eyantra_warehouse) by extension 'ignore_ament_install'
[0.365s] Level 1:colcon.colcon_core.package_identification:_identify(src/eyantra_warehouse) by extensions ['colcon_pkg']
[0.365s] Level 1:colcon.colcon_core.package_identification:_identify(src/eyantra_warehouse) by extension 'colcon_pkg'
[0.365s] Level 1:colcon.colcon_core.package_identification:_identify(src/eyantra_warehouse) by extensions ['colcon_meta']
[0.365s] Level 1:colcon.colcon_core.package_identification:_identify(src/eyantra_warehouse) by extension 'colcon_meta'
[0.365s] Level 1:colcon.colcon_core.package_identification:_identify(src/eyantra_warehouse) by extensions ['ros']
[0.365s] Level 1:colcon.colcon_core.package_identification:_identify(src/eyantra_warehouse) by extension 'ros'
[0.366s] DEBUG:colcon.colcon_core.package_identification:Package 'src/eyantra_warehouse' with type 'ros.ament_cmake' and name 'eyantra_warehouse'
[0.366s] Level 1:colcon.colcon_core.package_identification:_identify(src/linkattacher_msgs) by extensions ['ignore', 'ignore_ament_install']
[0.366s] Level 1:colcon.colcon_core.package_identification:_identify(src/linkattacher_msgs) by extension 'ignore'
[0.366s] Level 1:colcon.colcon_core.package_identification:_identify(src/linkattacher_msgs) by extension 'ignore_ament_install'
[0.366s] Level 1:colcon.colcon_core.package_identification:_identify(src/linkattacher_msgs) by extensions ['colcon_pkg']
[0.366s] Level 1:colcon.colcon_core.package_identification:_identify(src/linkattacher_msgs) by extension 'colcon_pkg'
[0.366s] Level 1:colcon.colcon_core.package_identification:_identify(src/linkattacher_msgs) by extensions ['colcon_meta']
[0.366s] Level 1:colcon.colcon_core.package_identification:_identify(src/linkattacher_msgs) by extension 'colcon_meta'
[0.366s] Level 1:colcon.colcon_core.package_identification:_identify(src/linkattacher_msgs) by extensions ['ros']
[0.366s] Level 1:colcon.colcon_core.package_identification:_identify(src/linkattacher_msgs) by extension 'ros'
[0.367s] DEBUG:colcon.colcon_core.package_identification:Package 'src/linkattacher_msgs' with type 'ros.ament_cmake' and name 'linkattacher_msgs'
[0.367s] Level 1:colcon.colcon_core.package_identification:_identify(src/ur5_control) by extensions ['ignore', 'ignore_ament_install']
[0.367s] Level 1:colcon.colcon_core.package_identification:_identify(src/ur5_control) by extension 'ignore'
[0.367s] Level 1:colcon.colcon_core.package_identification:_identify(src/ur5_control) by extension 'ignore_ament_install'
[0.367s] Level 1:colcon.colcon_core.package_identification:_identify(src/ur5_control) by extensions ['colcon_pkg']
[0.367s] Level 1:colcon.colcon_core.package_identification:_identify(src/ur5_control) by extension 'colcon_pkg'
[0.367s] Level 1:colcon.colcon_core.package_identification:_identify(src/ur5_control) by extensions ['colcon_meta']
[0.367s] Level 1:colcon.colcon_core.package_identification:_identify(src/ur5_control) by extension 'colcon_meta'
[0.367s] Level 1:colcon.colcon_core.package_identification:_identify(src/ur5_control) by extensions ['ros']
[0.367s] Level 1:colcon.colcon_core.package_identification:_identify(src/ur5_control) by extension 'ros'
[0.367s] DEBUG:colcon.colcon_core.package_identification:Package 'src/ur5_control' with type 'ros.ament_cmake' and name 'ur5_control'
[0.368s] Level 1:colcon.colcon_core.package_identification:_identify(src/ur_description) by extensions ['ignore', 'ignore_ament_install']
[0.368s] Level 1:colcon.colcon_core.package_identification:_identify(src/ur_description) by extension 'ignore'
[0.368s] Level 1:colcon.colcon_core.package_identification:_identify(src/ur_description) by extension 'ignore_ament_install'
[0.368s] Level 1:colcon.colcon_core.package_identification:_identify(src/ur_description) by extensions ['colcon_pkg']
[0.368s] Level 1:colcon.colcon_core.package_identification:_identify(src/ur_description) by extension 'colcon_pkg'
[0.368s] Level 1:colcon.colcon_core.package_identification:_identify(src/ur_description) by extensions ['colcon_meta']
[0.368s] Level 1:colcon.colcon_core.package_identification:_identify(src/ur_description) by extension 'colcon_meta'
[0.368s] Level 1:colcon.colcon_core.package_identification:_identify(src/ur_description) by extensions ['ros']
[0.368s] Level 1:colcon.colcon_core.package_identification:_identify(src/ur_description) by extension 'ros'
[0.369s] DEBUG:colcon.colcon_core.package_identification:Package 'src/ur_description' with type 'ros.ament_cmake' and name 'ur_description'
[0.369s] Level 1:colcon.colcon_core.package_identification:_identify(src/ur_simulation_gz) by extensions ['ignore', 'ignore_ament_install']
[0.369s] Level 1:colcon.colcon_core.package_identification:_identify(src/ur_simulation_gz) by extension 'ignore'
[0.369s] Level 1:colcon.colcon_core.package_identification:_identify(src/ur_simulation_gz) by extension 'ignore_ament_install'
[0.369s] Level 1:colcon.colcon_core.package_identification:_identify(src/ur_simulation_gz) by extensions ['colcon_pkg']
[0.369s] Level 1:colcon.colcon_core.package_identification:_identify(src/ur_simulation_gz) by extension 'colcon_pkg'
[0.369s] Level 1:colcon.colcon_core.package_identification:_identify(src/ur_simulation_gz) by extensions ['colcon_meta']
[0.369s] Level 1:colcon.colcon_core.package_identification:_identify(src/ur_simulation_gz) by extension 'colcon_meta'
[0.369s] Level 1:colcon.colcon_core.package_identification:_identify(src/ur_simulation_gz) by extensions ['ros']
[0.369s] Level 1:colcon.colcon_core.package_identification:_identify(src/ur_simulation_gz) by extension 'ros'
[0.370s] DEBUG:colcon.colcon_core.package_identification:Package 'src/ur_simulation_gz' with type 'ros.ament_cmake' and name 'ur_simulation_gz'
[0.370s] Level 1:colcon.colcon_core.package_discovery:discover_packages(recursive) using defaults
[0.370s] Level 1:colcon.colcon_core.package_discovery:discover_packages(ignore) discover
[0.370s] Level 1:colcon.colcon_core.package_discovery:discover_packages(ignore) using defaults
[0.370s] Level 1:colcon.colcon_core.package_discovery:discover_packages(path) discover
[0.370s] Level 1:colcon.colcon_core.package_discovery:discover_packages(path) using defaults
[0.387s] INFO:colcon.colcon_core.package_selection:Skipping not selected package 'ebot_description' in 'src/ebot_description'
[0.387s] INFO:colcon.colcon_core.package_selection:Skipping not selected package 'eyantra_warehouse' in 'src/eyantra_warehouse'
[0.387s] INFO:colcon.colcon_core.package_selection:Skipping not selected package 'linkattacher_msgs' in 'src/linkattacher_msgs'
[0.387s] INFO:colcon.colcon_core.package_selection:Skipping not selected package 'ur_description' in 'src/ur_description'
[0.387s] INFO:colcon.colcon_core.package_selection:Skipping not selected package 'ur_simulation_gz' in 'src/ur_simulation_gz'
[0.388s] Level 1:colcon.colcon_core.package_discovery:discover_packages(prefix_path) check parameters
[0.388s] Level 1:colcon.colcon_core.package_discovery:discover_packages(prefix_path) discover
[0.390s] DEBUG:colcon.colcon_installed_package_information.package_discovery:Found 6 installed packages in /home/kasinath/colcon_ws/install
[0.392s] DEBUG:colcon.colcon_installed_package_information.package_discovery:Found 515 installed packages in /opt/ros/humble
[0.394s] Level 1:colcon.colcon_core.package_discovery:discover_packages(prefix_path) using defaults
[0.458s] Level 5:colcon.colcon_core.verb:set package 'ur5_control' build argument 'bazel_args' from command line to 'None'
[0.458s] Level 5:colcon.colcon_core.verb:set package 'ur5_control' build argument 'bazel_task' from command line to 'None'
[0.458s] Level 5:colcon.colcon_core.verb:set package 'ur5_control' build argument 'cmake_args' from command line to 'None'
[0.458s] Level 5:colcon.colcon_core.verb:set package 'ur5_control' build argument 'cmake_target' from command line to 'None'
[0.458s] Level 5:colcon.colcon_core.verb:set package 'ur5_control' build argument 'cmake_target_skip_unavailable' from command line to 'False'
[0.458s] Level 5:colcon.colcon_core.verb:set package 'ur5_control' build argument 'cmake_clean_cache' from command line to 'False'
[0.458s] Level 5:colcon.colcon_core.verb:set package 'ur5_control' build argument 'cmake_clean_first' from command line to 'False'
[0.458s] Level 5:colcon.colcon_core.verb:set package 'ur5_control' build argument 'cmake_force_configure' from command line to 'False'
[0.458s] Level 5:colcon.colcon_core.verb:set package 'ur5_control' build argument 'meson_args' from command line to '[]'
[0.459s] Level 5:colcon.colcon_core.verb:set package 'ur5_control' build argument 'ament_cmake_args' from command line to 'None'
[0.459s] Level 5:colcon.colcon_core.verb:set package 'ur5_control' build argument 'catkin_cmake_args' from command line to 'None'
[0.459s] Level 5:colcon.colcon_core.verb:set package 'ur5_control' build argument 'catkin_skip_building_tests' from command line to 'False'
[0.459s] DEBUG:colcon.colcon_core.verb:Building package 'ur5_control' with the following arguments: {'ament_cmake_args': None, 'bazel_args': None, 'bazel_task': None, 'build_base': '/home/kasinath/colcon_ws/build/ur5_control', 'catkin_cmake_args': None, 'catkin_skip_building_tests': False, 'cmake_args': None, 'cmake_clean_cache': False, 'cmake_clean_first': False, 'cmake_force_configure': False, 'cmake_target': None, 'cmake_target_skip_unavailable': False, 'install_base': '/home/kasinath/colcon_ws/install/ur5_control', 'merge_install': False, 'meson_args': [], 'path': '/home/kasinath/colcon_ws/src/ur5_control', 'symlink_install': False, 'test_result_base': None}
[0.459s] INFO:colcon.colcon_core.executor:Executing jobs using 'parallel' executor
[0.460s] DEBUG:colcon.colcon_parallel_executor.executor.parallel:run_until_complete
[0.460s] INFO:colcon.colcon_ros.task.ament_cmake.build:Building ROS package in '/home/kasinath/colcon_ws/src/ur5_control' with build type 'ament_cmake'
[0.460s] INFO:colcon.colcon_cmake.task.cmake.build:Building CMake package in '/home/kasinath/colcon_ws/src/ur5_control'
[0.463s] INFO:colcon.colcon_core.plugin_system:Skipping extension 'colcon_core.shell.bat': Not used on non-Windows systems
[0.463s] DEBUG:colcon.colcon_ros_domain_id_coordinator.shell.ros_domain_id:Allocated ROS_DOMAIN_ID=8 for '/home/kasinath/colcon_ws/build/ur5_control'
[0.463s] INFO:colcon.colcon_core.shell:Skip shell extension 'ros_domain_id' for command environment: 
[0.463s] INFO:colcon.colcon_core.shell:Skip shell extension 'powershell' for command environment: Not usable outside of PowerShell
[0.463s] DEBUG:colcon.colcon_core.shell:Skip shell extension 'dsv' for command environment
[0.475s] DEBUG:colcon.colcon_core.event_handler.log_command:Invoking command in '/home/kasinath/colcon_ws/build/ur5_control': CMAKE_PREFIX_PATH=${CMAKE_PREFIX_PATH}:/opt/ros/humble /usr/bin/cmake --build /home/kasinath/colcon_ws/build/ur5_control -- -j4 -l4
[0.520s] DEBUG:colcon.colcon_core.event_handler.log_command:Invoked command in '/home/kasinath/colcon_ws/build/ur5_control' returned '0': CMAKE_PREFIX_PATH=${CMAKE_PREFIX_PATH}:/opt/ros/humble /usr/bin/cmake --build /home/kasinath/colcon_ws/build/ur5_control -- -j4 -l4
[0.531s] DEBUG:colcon.colcon_core.event_handler.log_command:Invoking command in '/home/kasinath/colcon_ws/build/ur5_control': CMAKE_PREFIX_PATH=${CMAKE_PREFIX_PATH}:/opt/ros/humble /usr/bin/cmake --install /home/kasinath/colcon_ws/build/ur5_control
[0.541s] Level 1:colcon.colcon_core.environment:create_environment_scripts_only(ur5_control)
[0.542s] DEBUG:colcon.colcon_core.event_handler.log_command:Invoked command in '/home/kasinath/colcon_ws/build/ur5_control' returned '0': CMAKE_PREFIX_PATH=${CMAKE_PREFIX_PATH}:/opt/ros/humble /usr/bin/cmake --install /home/kasinath/colcon_ws/build/ur5_control
[0.544s] Level 1:colcon.colcon_core.environment:checking '/home/kasinath/colcon_ws/install/ur5_control' for CMake module files
[0.544s] Level 1:colcon.colcon_core.environment:checking '/home/kasinath/colcon_ws/install/ur5_control' for CMake config files
[0.544s] Level 1:colcon.colcon_core.shell:create_environment_hook('ur5_control', 'cmake_prefix_path')
[0.545s] INFO:colcon.colcon_core.shell:Creating environment hook '/home/kasinath/colcon_ws/install/ur5_control/share/ur5_control/hook/cmake_prefix_path.ps1'
[0.545s] INFO:colcon.colcon_core.shell:Creating environment descriptor '/home/kasinath/colcon_ws/install/ur5_control/share/ur5_control/hook/cmake_prefix_path.dsv'
[0.546s] INFO:colcon.colcon_core.shell:Creating environment hook '/home/kasinath/colcon_ws/install/ur5_control/share/ur5_control/hook/cmake_prefix_path.sh'
[0.546s] Level 1:colcon.colcon_core.environment:checking '/home/kasinath/colcon_ws/install/ur5_control/lib'
[0.547s] Level 1:colcon.colcon_core.environment:checking '/home/kasinath/colcon_ws/install/ur5_control/bin'
[0.547s] Level 1:colcon.colcon_core.environment:checking '/home/kasinath/colcon_ws/install/ur5_control/lib/pkgconfig/ur5_control.pc'
[0.547s] Level 1:colcon.colcon_core.environment:checking '/home/kasinath/colcon_ws/install/ur5_control/lib/python3.10/site-packages'
[0.547s] Level 1:colcon.colcon_core.environment:checking '/home/kasinath/colcon_ws/install/ur5_control/bin'
[0.547s] INFO:colcon.colcon_core.shell:Creating package script '/home/kasinath/colcon_ws/install/ur5_control/share/ur5_control/package.ps1'
[0.548s] INFO:colcon.colcon_core.shell:Creating package descriptor '/home/kasinath/colcon_ws/install/ur5_control/share/ur5_control/package.dsv'
[0.549s] INFO:colcon.colcon_core.shell:Creating package script '/home/kasinath/colcon_ws/install/ur5_control/share/ur5_control/package.sh'
[0.549s] INFO:colcon.colcon_core.shell:Creating package script '/home/kasinath/colcon_ws/install/ur5_control/share/ur5_control/package.bash'
[0.550s] INFO:colcon.colcon_core.shell:Creating package script '/home/kasinath/colcon_ws/install/ur5_control/share/ur5_control/package.zsh'
[0.551s] Level 1:colcon.colcon_core.environment:create_file_with_runtime_dependencies(/home/kasinath/colcon_ws/install/ur5_control/share/colcon-core/packages/ur5_control)
[0.551s] Level 1:colcon.colcon_core.environment:create_environment_scripts_only(ur5_control)
[0.551s] Level 1:colcon.colcon_core.environment:checking '/home/kasinath/colcon_ws/install/ur5_control' for CMake module files
[0.552s] Level 1:colcon.colcon_core.environment:checking '/home/kasinath/colcon_ws/install/ur5_control' for CMake config files
[0.552s] Level 1:colcon.colcon_core.shell:create_environment_hook('ur5_control', 'cmake_prefix_path')
[0.552s] INFO:colcon.colcon_core.shell:Creating environment hook '/home/kasinath/colcon_ws/install/ur5_control/share/ur5_control/hook/cmake_prefix_path.ps1'
[0.553s] INFO:colcon.colcon_core.shell:Creating environment descriptor '/home/kasinath/colcon_ws/install/ur5_control/share/ur5_control/hook/cmake_prefix_path.dsv'
[0.553s] INFO:colcon.colcon_core.shell:Creating environment hook '/home/kasinath/colcon_ws/install/ur5_control/share/ur5_control/hook/cmake_prefix_path.sh'
[0.553s] Level 1:colcon.colcon_core.environment:checking '/home/kasinath/colcon_ws/install/ur5_control/lib'
[0.553s] Level 1:colcon.colcon_core.environment:checking '/home/kasinath/colcon_ws/install/ur5_control/bin'
[0.553s] Level 1:colcon.colcon_core.environment:checking '/home/kasinath/colcon_ws/install/ur5_control/lib/pkgconfig/ur5_control.pc'
[0.554s] Level 1:colcon.colcon_core.environment:checking '/home/kasinath/colcon_ws/install/ur5_control/lib/python3.10/site-packages'
[0.554s] Level 1:colcon.colcon_core.environment:checking '/home/kasinath/colcon_ws/install/ur5_control/bin'
[0.554s] INFO:colcon.colcon_core.shell:Creating package script '/home/kasinath/colcon_ws/install/ur5_control/share/ur5_control/package.ps1'
[0.555s] INFO:colcon.colcon_core.shell:Creating package descriptor '/home/kasinath/colcon_ws/install/ur5_control/share/ur5_control/package.dsv'
[0.555s] INFO:colcon.colcon_core.shell:Creating package script '/home/kasinath/colcon_ws/install/ur5_control/share/ur5_control/package.sh'
[0.555s] INFO:colcon.colcon_core.shell:Creating package script '/home/kasinath/colcon_ws/install/ur5_control/share/ur5_control/package.bash'
[0.556s] INFO:colcon.colcon_core.shell:Creating package script '/home/kasinath/colcon_ws/install/ur5_control/share/ur5_control/package.zsh'
[0.556s] Level 1:colcon.colcon_core.environment:create_file_with_runtime_dependencies(/home/kasinath/colcon_ws/install/ur5_control/share/colcon-core/packages/ur5_control)
[0.556s] DEBUG:colcon.colcon_parallel_executor.executor.parallel:closing loop
[0.556s] DEBUG:colcon.colcon_ros_domain_id_coordinator.shell.ros_domain_id:Released ROS_DOMAIN_ID=8 for '/home/kasinath/colcon_ws/build/ur5_control'
[0.557s] DEBUG:colcon.colcon_parallel_executor.executor.parallel:loop closed
[0.557s] DEBUG:colcon.colcon_parallel_executor.executor.parallel:run_until_complete finished with '0'
[0.557s] DEBUG:colcon.colcon_core.event_reactor:joining thread
[0.562s] INFO:colcon.colcon_core.plugin_system:Skipping extension 'colcon_notification.desktop_notification.terminal_notifier': Not used on non-Darwin systems
[0.562s] INFO:colcon.colcon_core.plugin_system:Skipping extension 'colcon_notification.desktop_notification.win32': Not used on non-Windows systems
[0.562s] INFO:colcon.colcon_notification.desktop_notification:Sending desktop notification using 'notify2'
[0.564s] ERROR:colcon.colcon_notification.desktop_notification:Exception in desktop notification extension 'notify2': Expected a string or unicode object
Traceback (most recent call last):
  File "/usr/lib/python3/dist-packages/colcon_notification/desktop_notification/__init__.py", line 106, in notify
    retval = extension.notify(
  File "/usr/lib/python3/dist-packages/colcon_notification/desktop_notification/notify2.py", line 51, in notify
    self._last_notification.show()
  File "/usr/lib/python3/dist-packages/notify2.py", line 181, in show
    nid = dbus_iface.Notify(appname,       # app_name       (spec names)
  File "/usr/lib/python3/dist-packages/dbus/proxies.py", line 72, in __call__
    return self._proxy_method(*args, **keywords)
  File "/usr/lib/python3/dist-packages/dbus/proxies.py", line 141, in __call__
    return self._connection.call_blocking(self._named_service,
  File "/usr/lib/python3/dist-packages/dbus/connection.py", line 643, in call_blocking
    message.append(signature=signature, *args)
TypeError: Expected a string or unicode object

[0.565s] INFO:colcon.colcon_notification.desktop_notification:Sending desktop notification using 'notify_send'
[0.572s] DEBUG:colcon.colcon_core.event_reactor:joined thread
[0.573s] INFO:colcon.colcon_core.shell:Creating prefix script '/home/kasinath/colcon_ws/install/local_setup.ps1'
[0.574s] INFO:colcon.colcon_core.shell:Creating prefix util module '/home/kasinath/colcon_ws/install/_local_setup_util_ps1.py'
[0.576s] INFO:colcon.colcon_core.shell:Creating prefix chain script '/home/kasinath/colcon_ws/install/setup.ps1'
[0.577s] INFO:colcon.colcon_core.shell:Creating prefix script '/home/kasinath/colcon_ws/install/local_setup.sh'
[0.578s] INFO:colcon.colcon_core.shell:Creating prefix util module '/home/kasinath/colcon_ws/install/_local_setup_util_sh.py'
[0.579s] INFO:colcon.colcon_core.shell:Creating prefix chain script '/home/kasinath/colcon_ws/install/setup.sh'
[0.581s] INFO:colcon.colcon_core.shell:Creating prefix script '/home/kasinath/colcon_ws/install/local_setup.bash'
[0.581s] INFO:colcon.colcon_core.shell:Creating prefix chain script '/home/kasinath/colcon_ws/install/setup.bash'
[0.583s] INFO:colcon.colcon_core.shell:Creating prefix script '/home/kasinath/colcon_ws/install/local_setup.zsh'
[0.583s] INFO:colcon.colcon_core.shell:Creating prefix chain script '/home/kasinath/colcon_ws/install/setup.zsh'
[0.585s] INFO:colcon.colcon_core.shell:Creating '/home/kasinath/colcon_ws/install/spawn_shell.bash'
