[0.023s] Invoking command in '/home/kasinath/colcon_ws/build/linkattacher_msgs': CMAKE_PREFIX_PATH=/opt/ros/humble /usr/bin/cmake --build /home/kasinath/colcon_ws/build/linkattacher_msgs -- -j4 -l4
[0.080s] [35m[1mConsolidate compiler generated dependencies of target linkattacher_msgs__rosidl_generator_c[0m
[0.134s] [  2%] Built target linkattacher_msgs__cpp
[0.164s] [ 12%] Built target linkattacher_msgs__rosidl_generator_c
[0.164s] [35m[1mConsolidate compiler generated dependencies of target linkattacher_msgs__rosidl_typesupport_cpp[0m
[0.183s] [35m[1mConsolidate compiler generated dependencies of target linkattacher_msgs__rosidl_typesupport_fastrtps_cpp[0m
[0.183s] [ 12%] Built target ament_cmake_python_copy_linkattacher_msgs
[0.190s] [35m[1mConsolidate compiler generated dependencies of target linkattacher_msgs__rosidl_typesupport_introspection_cpp[0m
[0.190s] [35m[1mConsolidate compiler generated dependencies of target linkattacher_msgs__rosidl_typesupport_fastrtps_c[0m
[0.190s] [ 23%] Built target linkattacher_msgs__rosidl_typesupport_cpp
[0.190s] [ 33%] Built target linkattacher_msgs__rosidl_typesupport_fastrtps_cpp
[0.190s] [35m[1mConsolidate compiler generated dependencies of target linkattacher_msgs__rosidl_typesupport_introspection_c[0m
[0.190s] [ 43%] Built target linkattacher_msgs__rosidl_typesupport_introspection_cpp
[0.191s] [ 53%] Built target linkattacher_msgs__rosidl_typesupport_fastrtps_c
[0.191s] [35m[1mConsolidate compiler generated dependencies of target linkattacher_msgs__rosidl_typesupport_c[0m
[0.191s] [ 64%] Built target linkattacher_msgs__rosidl_typesupport_introspection_c
[0.193s] [ 74%] Built target linkattacher_msgs__rosidl_typesupport_c
[0.213s] [ 74%] Built target linkattacher_msgs
[0.242s] [ 76%] Built target linkattacher_msgs__py
[0.258s] [35m[1mConsolidate compiler generated dependencies of target linkattacher_msgs__rosidl_generator_py[0m
[0.275s] [ 84%] Built target linkattacher_msgs__rosidl_generator_py
[0.293s] [35m[1mConsolidate compiler generated dependencies of target linkattacher_msgs__rosidl_typesupport_fastrtps_c__pyext[0m
[0.302s] [35m[1mConsolidate compiler generated dependencies of target linkattacher_msgs__rosidl_typesupport_c__pyext[0m
[0.316s] [35m[1mConsolidate compiler generated dependencies of target linkattacher_msgs__rosidl_typesupport_introspection_c__pyext[0m
[0.318s] [ 89%] Built target linkattacher_msgs__rosidl_typesupport_fastrtps_c__pyext
[0.326s] [ 94%] Built target linkattacher_msgs__rosidl_typesupport_c__pyext
[0.335s] [100%] Built target linkattacher_msgs__rosidl_typesupport_introspection_c__pyext
[0.461s] running egg_info
[0.479s] writing linkattacher_msgs.egg-info/PKG-INFO
[0.479s] writing dependency_links to linkattacher_msgs.egg-info/dependency_links.txt
[0.479s] writing top-level names to linkattacher_msgs.egg-info/top_level.txt
[0.532s] reading manifest file 'linkattacher_msgs.egg-info/SOURCES.txt'
[0.533s] writing manifest file 'linkattacher_msgs.egg-info/SOURCES.txt'
[0.564s] [100%] Built target ament_cmake_python_build_linkattacher_msgs_egg
[0.574s] Invoked command in '/home/kasinath/colcon_ws/build/linkattacher_msgs' returned '0': CMAKE_PREFIX_PATH=/opt/ros/humble ROS_DOMAIN_ID=94 /usr/bin/cmake --build /home/kasinath/colcon_ws/build/linkattacher_msgs -- -j4 -l4
[0.575s] Invoking command in '/home/kasinath/colcon_ws/build/linkattacher_msgs': CMAKE_PREFIX_PATH=/opt/ros/humble ROS_DOMAIN_ID=94 /usr/bin/cmake --install /home/kasinath/colcon_ws/build/linkattacher_msgs
[0.583s] -- Install configuration: ""
[0.583s] -- Up-to-date: /home/kasinath/colcon_ws/install/linkattacher_msgs/share/ament_index/resource_index/rosidl_interfaces/linkattacher_msgs
[0.583s] -- Up-to-date: /home/kasinath/colcon_ws/install/linkattacher_msgs/include/linkattacher_msgs/linkattacher_msgs
[0.583s] -- Up-to-date: /home/kasinath/colcon_ws/install/linkattacher_msgs/include/linkattacher_msgs/linkattacher_msgs/srv
[0.583s] -- Up-to-date: /home/kasinath/colcon_ws/install/linkattacher_msgs/include/linkattacher_msgs/linkattacher_msgs/srv/detail
[0.583s] -- Up-to-date: /home/kasinath/colcon_ws/install/linkattacher_msgs/include/linkattacher_msgs/linkattacher_msgs/srv/detail/detach_link__type_support.h
[0.583s] -- Up-to-date: /home/kasinath/colcon_ws/install/linkattacher_msgs/include/linkattacher_msgs/linkattacher_msgs/srv/detail/attach_link__functions.h
[0.583s] -- Up-to-date: /home/kasinath/colcon_ws/install/linkattacher_msgs/include/linkattacher_msgs/linkattacher_msgs/srv/detail/attach_link__functions.c
[0.583s] -- Up-to-date: /home/kasinath/colcon_ws/install/linkattacher_msgs/include/linkattacher_msgs/linkattacher_msgs/srv/detail/attach_link__struct.h
[0.583s] -- Up-to-date: /home/kasinath/colcon_ws/install/linkattacher_msgs/include/linkattacher_msgs/linkattacher_msgs/srv/detail/detach_link__functions.h
[0.583s] -- Up-to-date: /home/kasinath/colcon_ws/install/linkattacher_msgs/include/linkattacher_msgs/linkattacher_msgs/srv/detail/attach_link__type_support.h
[0.584s] -- Up-to-date: /home/kasinath/colcon_ws/install/linkattacher_msgs/include/linkattacher_msgs/linkattacher_msgs/srv/detail/detach_link__struct.h
[0.584s] -- Up-to-date: /home/kasinath/colcon_ws/install/linkattacher_msgs/include/linkattacher_msgs/linkattacher_msgs/srv/detail/detach_link__functions.c
[0.584s] -- Up-to-date: /home/kasinath/colcon_ws/install/linkattacher_msgs/include/linkattacher_msgs/linkattacher_msgs/srv/detach_link.h
[0.584s] -- Up-to-date: /home/kasinath/colcon_ws/install/linkattacher_msgs/include/linkattacher_msgs/linkattacher_msgs/srv/attach_link.h
[0.584s] -- Up-to-date: /home/kasinath/colcon_ws/install/linkattacher_msgs/include/linkattacher_msgs/linkattacher_msgs/msg
[0.584s] -- Up-to-date: /home/kasinath/colcon_ws/install/linkattacher_msgs/include/linkattacher_msgs/linkattacher_msgs/msg/rosidl_generator_c__visibility_control.h
[0.584s] -- Up-to-date: /home/kasinath/colcon_ws/install/linkattacher_msgs/share/linkattacher_msgs/environment/library_path.sh
[0.584s] -- Up-to-date: /home/kasinath/colcon_ws/install/linkattacher_msgs/share/linkattacher_msgs/environment/library_path.dsv
[0.584s] -- Up-to-date: /home/kasinath/colcon_ws/install/linkattacher_msgs/lib/liblinkattacher_msgs__rosidl_generator_c.so
[0.584s] -- Up-to-date: /home/kasinath/colcon_ws/install/linkattacher_msgs/include/linkattacher_msgs/linkattacher_msgs
[0.584s] -- Up-to-date: /home/kasinath/colcon_ws/install/linkattacher_msgs/include/linkattacher_msgs/linkattacher_msgs/srv
[0.584s] -- Up-to-date: /home/kasinath/colcon_ws/install/linkattacher_msgs/include/linkattacher_msgs/linkattacher_msgs/srv/detail
[0.584s] -- Up-to-date: /home/kasinath/colcon_ws/install/linkattacher_msgs/include/linkattacher_msgs/linkattacher_msgs/srv/detail/attach_link__rosidl_typesupport_fastrtps_c.h
[0.584s] -- Up-to-date: /home/kasinath/colcon_ws/install/linkattacher_msgs/include/linkattacher_msgs/linkattacher_msgs/srv/detail/detach_link__rosidl_typesupport_fastrtps_c.h
[0.584s] -- Up-to-date: /home/kasinath/colcon_ws/install/linkattacher_msgs/include/linkattacher_msgs/linkattacher_msgs/msg
[0.584s] -- Up-to-date: /home/kasinath/colcon_ws/install/linkattacher_msgs/include/linkattacher_msgs/linkattacher_msgs/msg/rosidl_typesupport_fastrtps_c__visibility_control.h
[0.584s] -- Up-to-date: /home/kasinath/colcon_ws/install/linkattacher_msgs/lib/liblinkattacher_msgs__rosidl_typesupport_fastrtps_c.so
[0.584s] -- Up-to-date: /home/kasinath/colcon_ws/install/linkattacher_msgs/include/linkattacher_msgs/linkattacher_msgs
[0.584s] -- Up-to-date: /home/kasinath/colcon_ws/install/linkattacher_msgs/include/linkattacher_msgs/linkattacher_msgs/srv
[0.585s] -- Up-to-date: /home/kasinath/colcon_ws/install/linkattacher_msgs/include/linkattacher_msgs/linkattacher_msgs/srv/detail
[0.585s] -- Up-to-date: /home/kasinath/colcon_ws/install/linkattacher_msgs/include/linkattacher_msgs/linkattacher_msgs/srv/detail/attach_link__rosidl_typesupport_introspection_c.h
[0.585s] -- Up-to-date: /home/kasinath/colcon_ws/install/linkattacher_msgs/include/linkattacher_msgs/linkattacher_msgs/srv/detail/detach_link__type_support.c
[0.585s] -- Up-to-date: /home/kasinath/colcon_ws/install/linkattacher_msgs/include/linkattacher_msgs/linkattacher_msgs/srv/detail/attach_link__type_support.c
[0.585s] -- Up-to-date: /home/kasinath/colcon_ws/install/linkattacher_msgs/include/linkattacher_msgs/linkattacher_msgs/srv/detail/detach_link__rosidl_typesupport_introspection_c.h
[0.585s] -- Up-to-date: /home/kasinath/colcon_ws/install/linkattacher_msgs/include/linkattacher_msgs/linkattacher_msgs/msg
[0.585s] -- Up-to-date: /home/kasinath/colcon_ws/install/linkattacher_msgs/include/linkattacher_msgs/linkattacher_msgs/msg/rosidl_typesupport_introspection_c__visibility_control.h
[0.585s] -- Up-to-date: /home/kasinath/colcon_ws/install/linkattacher_msgs/lib/liblinkattacher_msgs__rosidl_typesupport_introspection_c.so
[0.585s] -- Up-to-date: /home/kasinath/colcon_ws/install/linkattacher_msgs/lib/liblinkattacher_msgs__rosidl_typesupport_c.so
[0.585s] -- Up-to-date: /home/kasinath/colcon_ws/install/linkattacher_msgs/include/linkattacher_msgs/linkattacher_msgs
[0.585s] -- Up-to-date: /home/kasinath/colcon_ws/install/linkattacher_msgs/include/linkattacher_msgs/linkattacher_msgs/srv
[0.585s] -- Up-to-date: /home/kasinath/colcon_ws/install/linkattacher_msgs/include/linkattacher_msgs/linkattacher_msgs/srv/detail
[0.585s] -- Up-to-date: /home/kasinath/colcon_ws/install/linkattacher_msgs/include/linkattacher_msgs/linkattacher_msgs/srv/detail/attach_link__builder.hpp
[0.585s] -- Up-to-date: /home/kasinath/colcon_ws/install/linkattacher_msgs/include/linkattacher_msgs/linkattacher_msgs/srv/detail/detach_link__struct.hpp
[0.585s] -- Up-to-date: /home/kasinath/colcon_ws/install/linkattacher_msgs/include/linkattacher_msgs/linkattacher_msgs/srv/detail/detach_link__type_support.hpp
[0.585s] -- Up-to-date: /home/kasinath/colcon_ws/install/linkattacher_msgs/include/linkattacher_msgs/linkattacher_msgs/srv/detail/detach_link__builder.hpp
[0.586s] -- Up-to-date: /home/kasinath/colcon_ws/install/linkattacher_msgs/include/linkattacher_msgs/linkattacher_msgs/srv/detail/attach_link__type_support.hpp
[0.586s] -- Up-to-date: /home/kasinath/colcon_ws/install/linkattacher_msgs/include/linkattacher_msgs/linkattacher_msgs/srv/detail/detach_link__traits.hpp
[0.586s] -- Up-to-date: /home/kasinath/colcon_ws/install/linkattacher_msgs/include/linkattacher_msgs/linkattacher_msgs/srv/detail/attach_link__traits.hpp
[0.586s] -- Up-to-date: /home/kasinath/colcon_ws/install/linkattacher_msgs/include/linkattacher_msgs/linkattacher_msgs/srv/detail/attach_link__struct.hpp
[0.586s] -- Up-to-date: /home/kasinath/colcon_ws/install/linkattacher_msgs/include/linkattacher_msgs/linkattacher_msgs/srv/attach_link.hpp
[0.586s] -- Up-to-date: /home/kasinath/colcon_ws/install/linkattacher_msgs/include/linkattacher_msgs/linkattacher_msgs/srv/detach_link.hpp
[0.586s] -- Up-to-date: /home/kasinath/colcon_ws/install/linkattacher_msgs/include/linkattacher_msgs/linkattacher_msgs/msg
[0.586s] -- Up-to-date: /home/kasinath/colcon_ws/install/linkattacher_msgs/include/linkattacher_msgs/linkattacher_msgs/msg/rosidl_generator_cpp__visibility_control.hpp
[0.586s] -- Up-to-date: /home/kasinath/colcon_ws/install/linkattacher_msgs/include/linkattacher_msgs/linkattacher_msgs
[0.586s] -- Up-to-date: /home/kasinath/colcon_ws/install/linkattacher_msgs/include/linkattacher_msgs/linkattacher_msgs/srv
[0.586s] -- Up-to-date: /home/kasinath/colcon_ws/install/linkattacher_msgs/include/linkattacher_msgs/linkattacher_msgs/srv/detail
[0.586s] -- Up-to-date: /home/kasinath/colcon_ws/install/linkattacher_msgs/include/linkattacher_msgs/linkattacher_msgs/srv/detail/attach_link__rosidl_typesupport_fastrtps_cpp.hpp
[0.586s] -- Up-to-date: /home/kasinath/colcon_ws/install/linkattacher_msgs/include/linkattacher_msgs/linkattacher_msgs/srv/detail/dds_fastrtps
[0.586s] -- Up-to-date: /home/kasinath/colcon_ws/install/linkattacher_msgs/include/linkattacher_msgs/linkattacher_msgs/srv/detail/detach_link__rosidl_typesupport_fastrtps_cpp.hpp
[0.586s] -- Up-to-date: /home/kasinath/colcon_ws/install/linkattacher_msgs/include/linkattacher_msgs/linkattacher_msgs/msg
[0.586s] -- Up-to-date: /home/kasinath/colcon_ws/install/linkattacher_msgs/include/linkattacher_msgs/linkattacher_msgs/msg/rosidl_typesupport_fastrtps_cpp__visibility_control.h
[0.586s] -- Up-to-date: /home/kasinath/colcon_ws/install/linkattacher_msgs/lib/liblinkattacher_msgs__rosidl_typesupport_fastrtps_cpp.so
[0.586s] -- Up-to-date: /home/kasinath/colcon_ws/install/linkattacher_msgs/include/linkattacher_msgs/linkattacher_msgs
[0.586s] -- Up-to-date: /home/kasinath/colcon_ws/install/linkattacher_msgs/include/linkattacher_msgs/linkattacher_msgs/srv
[0.587s] -- Up-to-date: /home/kasinath/colcon_ws/install/linkattacher_msgs/include/linkattacher_msgs/linkattacher_msgs/srv/detail
[0.587s] -- Up-to-date: /home/kasinath/colcon_ws/install/linkattacher_msgs/include/linkattacher_msgs/linkattacher_msgs/srv/detail/attach_link__rosidl_typesupport_introspection_cpp.hpp
[0.587s] -- Up-to-date: /home/kasinath/colcon_ws/install/linkattacher_msgs/include/linkattacher_msgs/linkattacher_msgs/srv/detail/detach_link__type_support.cpp
[0.587s] -- Up-to-date: /home/kasinath/colcon_ws/install/linkattacher_msgs/include/linkattacher_msgs/linkattacher_msgs/srv/detail/detach_link__rosidl_typesupport_introspection_cpp.hpp
[0.587s] -- Up-to-date: /home/kasinath/colcon_ws/install/linkattacher_msgs/include/linkattacher_msgs/linkattacher_msgs/srv/detail/attach_link__type_support.cpp
[0.587s] -- Up-to-date: /home/kasinath/colcon_ws/install/linkattacher_msgs/lib/liblinkattacher_msgs__rosidl_typesupport_introspection_cpp.so
[0.587s] -- Up-to-date: /home/kasinath/colcon_ws/install/linkattacher_msgs/lib/liblinkattacher_msgs__rosidl_typesupport_cpp.so
[0.587s] -- Up-to-date: /home/kasinath/colcon_ws/install/linkattacher_msgs/share/linkattacher_msgs/environment/pythonpath.sh
[0.587s] -- Up-to-date: /home/kasinath/colcon_ws/install/linkattacher_msgs/share/linkattacher_msgs/environment/pythonpath.dsv
[0.587s] -- Up-to-date: /home/kasinath/colcon_ws/install/linkattacher_msgs/local/lib/python3.10/dist-packages/linkattacher_msgs-0.0.0-py3.10.egg-info
[0.587s] -- Installing: /home/kasinath/colcon_ws/install/linkattacher_msgs/local/lib/python3.10/dist-packages/linkattacher_msgs-0.0.0-py3.10.egg-info/dependency_links.txt
[0.587s] -- Installing: /home/kasinath/colcon_ws/install/linkattacher_msgs/local/lib/python3.10/dist-packages/linkattacher_msgs-0.0.0-py3.10.egg-info/SOURCES.txt
[0.587s] -- Installing: /home/kasinath/colcon_ws/install/linkattacher_msgs/local/lib/python3.10/dist-packages/linkattacher_msgs-0.0.0-py3.10.egg-info/PKG-INFO
[0.587s] -- Installing: /home/kasinath/colcon_ws/install/linkattacher_msgs/local/lib/python3.10/dist-packages/linkattacher_msgs-0.0.0-py3.10.egg-info/top_level.txt
[0.587s] -- Up-to-date: /home/kasinath/colcon_ws/install/linkattacher_msgs/local/lib/python3.10/dist-packages/linkattacher_msgs
[0.587s] -- Up-to-date: /home/kasinath/colcon_ws/install/linkattacher_msgs/local/lib/python3.10/dist-packages/linkattacher_msgs/linkattacher_msgs_s__rosidl_typesupport_introspection_c.cpython-310-x86_64-linux-gnu.so
[0.587s] -- Up-to-date: /home/kasinath/colcon_ws/install/linkattacher_msgs/local/lib/python3.10/dist-packages/linkattacher_msgs/__init__.py
[0.587s] -- Up-to-date: /home/kasinath/colcon_ws/install/linkattacher_msgs/local/lib/python3.10/dist-packages/linkattacher_msgs/linkattacher_msgs_s__rosidl_typesupport_fastrtps_c.cpython-310-x86_64-linux-gnu.so
[0.587s] -- Up-to-date: /home/kasinath/colcon_ws/install/linkattacher_msgs/local/lib/python3.10/dist-packages/linkattacher_msgs/_linkattacher_msgs_s.ep.rosidl_typesupport_introspection_c.c
[0.588s] -- Up-to-date: /home/kasinath/colcon_ws/install/linkattacher_msgs/local/lib/python3.10/dist-packages/linkattacher_msgs/srv
[0.588s] -- Up-to-date: /home/kasinath/colcon_ws/install/linkattacher_msgs/local/lib/python3.10/dist-packages/linkattacher_msgs/srv/_detach_link_s.c
[0.588s] -- Up-to-date: /home/kasinath/colcon_ws/install/linkattacher_msgs/local/lib/python3.10/dist-packages/linkattacher_msgs/srv/__init__.py
[0.588s] -- Up-to-date: /home/kasinath/colcon_ws/install/linkattacher_msgs/local/lib/python3.10/dist-packages/linkattacher_msgs/srv/_detach_link.py
[0.588s] -- Up-to-date: /home/kasinath/colcon_ws/install/linkattacher_msgs/local/lib/python3.10/dist-packages/linkattacher_msgs/srv/_attach_link_s.c
[0.588s] -- Up-to-date: /home/kasinath/colcon_ws/install/linkattacher_msgs/local/lib/python3.10/dist-packages/linkattacher_msgs/srv/_attach_link.py
[0.588s] -- Up-to-date: /home/kasinath/colcon_ws/install/linkattacher_msgs/local/lib/python3.10/dist-packages/linkattacher_msgs/linkattacher_msgs_s__rosidl_typesupport_c.cpython-310-x86_64-linux-gnu.so
[0.588s] -- Up-to-date: /home/kasinath/colcon_ws/install/linkattacher_msgs/local/lib/python3.10/dist-packages/linkattacher_msgs/_linkattacher_msgs_s.ep.rosidl_typesupport_fastrtps_c.c
[0.588s] -- Up-to-date: /home/kasinath/colcon_ws/install/linkattacher_msgs/local/lib/python3.10/dist-packages/linkattacher_msgs/_linkattacher_msgs_s.ep.rosidl_typesupport_c.c
[0.588s] -- Up-to-date: /home/kasinath/colcon_ws/install/linkattacher_msgs/local/lib/python3.10/dist-packages/linkattacher_msgs/liblinkattacher_msgs__rosidl_generator_py.so
[0.617s] Listing '/home/kasinath/colcon_ws/install/linkattacher_msgs/local/lib/python3.10/dist-packages/linkattacher_msgs'...
[0.617s] Listing '/home/kasinath/colcon_ws/install/linkattacher_msgs/local/lib/python3.10/dist-packages/linkattacher_msgs/srv'...
[0.622s] -- Up-to-date: /home/kasinath/colcon_ws/install/linkattacher_msgs/local/lib/python3.10/dist-packages/linkattacher_msgs/linkattacher_msgs_s__rosidl_typesupport_fastrtps_c.cpython-310-x86_64-linux-gnu.so
[0.622s] -- Up-to-date: /home/kasinath/colcon_ws/install/linkattacher_msgs/local/lib/python3.10/dist-packages/linkattacher_msgs/linkattacher_msgs_s__rosidl_typesupport_introspection_c.cpython-310-x86_64-linux-gnu.so
[0.622s] -- Up-to-date: /home/kasinath/colcon_ws/install/linkattacher_msgs/local/lib/python3.10/dist-packages/linkattacher_msgs/linkattacher_msgs_s__rosidl_typesupport_c.cpython-310-x86_64-linux-gnu.so
[0.622s] -- Up-to-date: /home/kasinath/colcon_ws/install/linkattacher_msgs/lib/liblinkattacher_msgs__rosidl_generator_py.so
[0.622s] -- Up-to-date: /home/kasinath/colcon_ws/install/linkattacher_msgs/share/linkattacher_msgs/srv/AttachLink.idl
[0.622s] -- Up-to-date: /home/kasinath/colcon_ws/install/linkattacher_msgs/share/linkattacher_msgs/srv/DetachLink.idl
[0.622s] -- Up-to-date: /home/kasinath/colcon_ws/install/linkattacher_msgs/share/linkattacher_msgs/srv/AttachLink.srv
[0.622s] -- Up-to-date: /home/kasinath/colcon_ws/install/linkattacher_msgs/share/linkattacher_msgs/srv/AttachLink_Request.msg
[0.623s] -- Up-to-date: /home/kasinath/colcon_ws/install/linkattacher_msgs/share/linkattacher_msgs/srv/AttachLink_Response.msg
[0.623s] -- Up-to-date: /home/kasinath/colcon_ws/install/linkattacher_msgs/share/linkattacher_msgs/srv/DetachLink.srv
[0.623s] -- Up-to-date: /home/kasinath/colcon_ws/install/linkattacher_msgs/share/linkattacher_msgs/srv/DetachLink_Request.msg
[0.623s] -- Up-to-date: /home/kasinath/colcon_ws/install/linkattacher_msgs/share/linkattacher_msgs/srv/DetachLink_Response.msg
[0.623s] -- Up-to-date: /home/kasinath/colcon_ws/install/linkattacher_msgs/share/linkattacher_msgs/srv
[0.623s] -- Up-to-date: /home/kasinath/colcon_ws/install/linkattacher_msgs/share/linkattacher_msgs/srv/AttachLink.srv
[0.623s] -- Up-to-date: /home/kasinath/colcon_ws/install/linkattacher_msgs/share/linkattacher_msgs/srv/DetachLink.srv
[0.623s] -- Up-to-date: /home/kasinath/colcon_ws/install/linkattacher_msgs/share/ament_index/resource_index/package_run_dependencies/linkattacher_msgs
[0.623s] -- Up-to-date: /home/kasinath/colcon_ws/install/linkattacher_msgs/share/ament_index/resource_index/parent_prefix_path/linkattacher_msgs
[0.623s] -- Up-to-date: /home/kasinath/colcon_ws/install/linkattacher_msgs/share/linkattacher_msgs/environment/ament_prefix_path.sh
[0.623s] -- Up-to-date: /home/kasinath/colcon_ws/install/linkattacher_msgs/share/linkattacher_msgs/environment/ament_prefix_path.dsv
[0.623s] -- Up-to-date: /home/kasinath/colcon_ws/install/linkattacher_msgs/share/linkattacher_msgs/environment/path.sh
[0.623s] -- Up-to-date: /home/kasinath/colcon_ws/install/linkattacher_msgs/share/linkattacher_msgs/environment/path.dsv
[0.623s] -- Up-to-date: /home/kasinath/colcon_ws/install/linkattacher_msgs/share/linkattacher_msgs/local_setup.bash
[0.623s] -- Up-to-date: /home/kasinath/colcon_ws/install/linkattacher_msgs/share/linkattacher_msgs/local_setup.sh
[0.623s] -- Up-to-date: /home/kasinath/colcon_ws/install/linkattacher_msgs/share/linkattacher_msgs/local_setup.zsh
[0.623s] -- Up-to-date: /home/kasinath/colcon_ws/install/linkattacher_msgs/share/linkattacher_msgs/local_setup.dsv
[0.623s] -- Installing: /home/kasinath/colcon_ws/install/linkattacher_msgs/share/linkattacher_msgs/package.dsv
[0.624s] -- Up-to-date: /home/kasinath/colcon_ws/install/linkattacher_msgs/share/ament_index/resource_index/packages/linkattacher_msgs
[0.624s] -- Up-to-date: /home/kasinath/colcon_ws/install/linkattacher_msgs/share/linkattacher_msgs/cmake/export_linkattacher_msgs__rosidl_generator_cExport.cmake
[0.624s] -- Up-to-date: /home/kasinath/colcon_ws/install/linkattacher_msgs/share/linkattacher_msgs/cmake/export_linkattacher_msgs__rosidl_generator_cExport-noconfig.cmake
[0.624s] -- Up-to-date: /home/kasinath/colcon_ws/install/linkattacher_msgs/share/linkattacher_msgs/cmake/export_linkattacher_msgs__rosidl_typesupport_fastrtps_cExport.cmake
[0.624s] -- Up-to-date: /home/kasinath/colcon_ws/install/linkattacher_msgs/share/linkattacher_msgs/cmake/export_linkattacher_msgs__rosidl_typesupport_fastrtps_cExport-noconfig.cmake
[0.624s] -- Up-to-date: /home/kasinath/colcon_ws/install/linkattacher_msgs/share/linkattacher_msgs/cmake/linkattacher_msgs__rosidl_typesupport_introspection_cExport.cmake
[0.624s] -- Up-to-date: /home/kasinath/colcon_ws/install/linkattacher_msgs/share/linkattacher_msgs/cmake/linkattacher_msgs__rosidl_typesupport_introspection_cExport-noconfig.cmake
[0.624s] -- Up-to-date: /home/kasinath/colcon_ws/install/linkattacher_msgs/share/linkattacher_msgs/cmake/linkattacher_msgs__rosidl_typesupport_cExport.cmake
[0.624s] -- Up-to-date: /home/kasinath/colcon_ws/install/linkattacher_msgs/share/linkattacher_msgs/cmake/linkattacher_msgs__rosidl_typesupport_cExport-noconfig.cmake
[0.624s] -- Up-to-date: /home/kasinath/colcon_ws/install/linkattacher_msgs/share/linkattacher_msgs/cmake/export_linkattacher_msgs__rosidl_generator_cppExport.cmake
[0.624s] -- Up-to-date: /home/kasinath/colcon_ws/install/linkattacher_msgs/share/linkattacher_msgs/cmake/export_linkattacher_msgs__rosidl_typesupport_fastrtps_cppExport.cmake
[0.624s] -- Up-to-date: /home/kasinath/colcon_ws/install/linkattacher_msgs/share/linkattacher_msgs/cmake/export_linkattacher_msgs__rosidl_typesupport_fastrtps_cppExport-noconfig.cmake
[0.624s] -- Up-to-date: /home/kasinath/colcon_ws/install/linkattacher_msgs/share/linkattacher_msgs/cmake/linkattacher_msgs__rosidl_typesupport_introspection_cppExport.cmake
[0.624s] -- Up-to-date: /home/kasinath/colcon_ws/install/linkattacher_msgs/share/linkattacher_msgs/cmake/linkattacher_msgs__rosidl_typesupport_introspection_cppExport-noconfig.cmake
[0.624s] -- Up-to-date: /home/kasinath/colcon_ws/install/linkattacher_msgs/share/linkattacher_msgs/cmake/linkattacher_msgs__rosidl_typesupport_cppExport.cmake
[0.624s] -- Up-to-date: /home/kasinath/colcon_ws/install/linkattacher_msgs/share/linkattacher_msgs/cmake/linkattacher_msgs__rosidl_typesupport_cppExport-noconfig.cmake
[0.625s] -- Up-to-date: /home/kasinath/colcon_ws/install/linkattacher_msgs/share/linkattacher_msgs/cmake/export_linkattacher_msgs__rosidl_generator_pyExport.cmake
[0.625s] -- Up-to-date: /home/kasinath/colcon_ws/install/linkattacher_msgs/share/linkattacher_msgs/cmake/export_linkattacher_msgs__rosidl_generator_pyExport-noconfig.cmake
[0.625s] -- Up-to-date: /home/kasinath/colcon_ws/install/linkattacher_msgs/share/linkattacher_msgs/cmake/rosidl_cmake-extras.cmake
[0.625s] -- Up-to-date: /home/kasinath/colcon_ws/install/linkattacher_msgs/share/linkattacher_msgs/cmake/ament_cmake_export_include_directories-extras.cmake
[0.625s] -- Up-to-date: /home/kasinath/colcon_ws/install/linkattacher_msgs/share/linkattacher_msgs/cmake/ament_cmake_export_libraries-extras.cmake
[0.625s] -- Up-to-date: /home/kasinath/colcon_ws/install/linkattacher_msgs/share/linkattacher_msgs/cmake/ament_cmake_export_targets-extras.cmake
[0.625s] -- Up-to-date: /home/kasinath/colcon_ws/install/linkattacher_msgs/share/linkattacher_msgs/cmake/rosidl_cmake_export_typesupport_targets-extras.cmake
[0.625s] -- Up-to-date: /home/kasinath/colcon_ws/install/linkattacher_msgs/share/linkattacher_msgs/cmake/ament_cmake_export_dependencies-extras.cmake
[0.625s] -- Up-to-date: /home/kasinath/colcon_ws/install/linkattacher_msgs/share/linkattacher_msgs/cmake/rosidl_cmake_export_typesupport_libraries-extras.cmake
[0.625s] -- Up-to-date: /home/kasinath/colcon_ws/install/linkattacher_msgs/share/linkattacher_msgs/cmake/linkattacher_msgsConfig.cmake
[0.625s] -- Up-to-date: /home/kasinath/colcon_ws/install/linkattacher_msgs/share/linkattacher_msgs/cmake/linkattacher_msgsConfig-version.cmake
[0.625s] -- Up-to-date: /home/kasinath/colcon_ws/install/linkattacher_msgs/share/linkattacher_msgs/package.xml
[0.627s] Invoked command in '/home/kasinath/colcon_ws/build/linkattacher_msgs' returned '0': CMAKE_PREFIX_PATH=/opt/ros/humble ROS_DOMAIN_ID=94 /usr/bin/cmake --install /home/kasinath/colcon_ws/build/linkattacher_msgs
