[2.509s] DEBUG:colcon:Command line arguments: ['/usr/bin/colcon', 'build', '--packages-select', 'ur5_control']
[2.509s] DEBUG:colcon:Parsed command line arguments: Namespace(log_base=None, log_level=None, verb_name='build', build_base='build', install_base='install', merge_install=False, symlink_install=False, test_result_base=None, continue_on_error=False, executor='parallel', parallel_workers=4, event_handlers=None, ignore_user_meta=False, metas=['./colcon.meta'], base_paths=['.'], packages_ignore=None, packages_ignore_regex=None, paths=None, packages_up_to=None, packages_up_to_regex=None, packages_above=None, packages_above_and_dependencies=None, packages_above_depth=None, packages_select_by_dep=None, packages_skip_by_dep=None, packages_skip_up_to=None, packages_select_build_failed=False, packages_skip_build_finished=False, packages_select_test_failures=False, packages_skip_test_passed=False, packages_select=['ur5_control'], packages_skip=None, packages_select_regex=None, packages_skip_regex=None, packages_start=None, packages_end=None, allow_overriding=[], bazel_args=None, bazel_task=None, cmake_args=None, cmake_target=None, cmake_target_skip_unavailable=False, cmake_clean_cache=False, cmake_clean_first=False, cmake_force_configure=False, meson_args=[], ament_cmake_args=None, catkin_cmake_args=None, catkin_skip_building_tests=False, mixin_files=None, mixin=None, verb_parser=<colcon_alias.argument_parser.alias.AliasArgumentDecorator object at 0x735e6f23a770>, verb_extension=<colcon_core.verb.build.BuildVerb object at 0x735e6f2396c0>, main=<bound method BuildVerb.main of <colcon_core.verb.build.BuildVerb object at 0x735e6f2396c0>>, mixin_verb=('build',))
[2.822s] Level 1:colcon.colcon_core.package_discovery:discover_packages(colcon_meta) check parameters
[2.822s] Level 1:colcon.colcon_core.package_discovery:discover_packages(recursive) check parameters
[2.824s] Level 1:colcon.colcon_core.package_discovery:discover_packages(ignore) check parameters
[2.824s] Level 1:colcon.colcon_core.package_discovery:discover_packages(path) check parameters
[2.825s] Level 1:colcon.colcon_core.package_discovery:discover_packages(colcon_meta) discover
[2.825s] Level 1:colcon.colcon_core.package_discovery:discover_packages(recursive) discover
[2.825s] INFO:colcon.colcon_core.package_discovery:Crawling recursively for packages in '/home/kasinath/colcon_ws'
[2.825s] Level 1:colcon.colcon_core.package_identification:_identify(.) by extensions ['ignore', 'ignore_ament_install']
[2.826s] Level 1:colcon.colcon_core.package_identification:_identify(.) by extension 'ignore'
[2.827s] Level 1:colcon.colcon_core.package_identification:_identify(.) by extension 'ignore_ament_install'
[2.829s] Level 1:colcon.colcon_core.package_identification:_identify(.) by extensions ['colcon_pkg']
[2.829s] Level 1:colcon.colcon_core.package_identification:_identify(.) by extension 'colcon_pkg'
[2.830s] Level 1:colcon.colcon_core.package_identification:_identify(.) by extensions ['colcon_meta']
[2.831s] Level 1:colcon.colcon_core.package_identification:_identify(.) by extension 'colcon_meta'
[2.831s] Level 1:colcon.colcon_core.package_identification:_identify(.) by extensions ['ros']
[2.832s] Level 1:colcon.colcon_core.package_identification:_identify(.) by extension 'ros'
[2.859s] Level 1:colcon.colcon_core.package_identification:_identify(.) by extensions ['bazel', 'cmake', 'meson', 'python']
[2.859s] Level 1:colcon.colcon_core.package_identification:_identify(.) by extension 'bazel'
[2.859s] Level 1:colcon.colcon_core.package_identification:_identify(.) by extension 'cmake'
[2.859s] Level 1:colcon.colcon_core.package_identification:_identify(.) by extension 'meson'
[2.859s] Level 1:colcon.colcon_core.package_identification:_identify(.) by extension 'python'
[2.859s] Level 1:colcon.colcon_core.package_identification:_identify(.) by extensions ['python_setup_py']
[2.859s] Level 1:colcon.colcon_core.package_identification:_identify(.) by extension 'python_setup_py'
[2.859s] Level 1:colcon.colcon_core.package_identification:_identify(build) by extensions ['ignore', 'ignore_ament_install']
[2.860s] Level 1:colcon.colcon_core.package_identification:_identify(build) by extension 'ignore'
[2.860s] Level 1:colcon.colcon_core.package_identification:_identify(build) ignored
[2.860s] Level 1:colcon.colcon_core.package_identification:_identify(install) by extensions ['ignore', 'ignore_ament_install']
[2.860s] Level 1:colcon.colcon_core.package_identification:_identify(install) by extension 'ignore'
[2.860s] Level 1:colcon.colcon_core.package_identification:_identify(install) ignored
[2.863s] Level 1:colcon.colcon_core.package_identification:_identify(log) by extensions ['ignore', 'ignore_ament_install']
[2.863s] Level 1:colcon.colcon_core.package_identification:_identify(log) by extension 'ignore'
[2.863s] Level 1:colcon.colcon_core.package_identification:_identify(log) ignored
[2.864s] Level 1:colcon.colcon_core.package_identification:_identify(src) by extensions ['ignore', 'ignore_ament_install']
[2.864s] Level 1:colcon.colcon_core.package_identification:_identify(src) by extension 'ignore'
[2.865s] Level 1:colcon.colcon_core.package_identification:_identify(src) by extension 'ignore_ament_install'
[2.865s] Level 1:colcon.colcon_core.package_identification:_identify(src) by extensions ['colcon_pkg']
[2.865s] Level 1:colcon.colcon_core.package_identification:_identify(src) by extension 'colcon_pkg'
[2.865s] Level 1:colcon.colcon_core.package_identification:_identify(src) by extensions ['colcon_meta']
[2.865s] Level 1:colcon.colcon_core.package_identification:_identify(src) by extension 'colcon_meta'
[2.865s] Level 1:colcon.colcon_core.package_identification:_identify(src) by extensions ['ros']
[2.865s] Level 1:colcon.colcon_core.package_identification:_identify(src) by extension 'ros'
[2.865s] Level 1:colcon.colcon_core.package_identification:_identify(src) by extensions ['bazel', 'cmake', 'meson', 'python']
[2.865s] Level 1:colcon.colcon_core.package_identification:_identify(src) by extension 'bazel'
[2.865s] Level 1:colcon.colcon_core.package_identification:_identify(src) by extension 'cmake'
[2.865s] Level 1:colcon.colcon_core.package_identification:_identify(src) by extension 'meson'
[2.866s] Level 1:colcon.colcon_core.package_identification:_identify(src) by extension 'python'
[2.866s] Level 1:colcon.colcon_core.package_identification:_identify(src) by extensions ['python_setup_py']
[2.866s] Level 1:colcon.colcon_core.package_identification:_identify(src) by extension 'python_setup_py'
[2.866s] Level 1:colcon.colcon_core.package_identification:_identify(src/ebot_description) by extensions ['ignore', 'ignore_ament_install']
[2.866s] Level 1:colcon.colcon_core.package_identification:_identify(src/ebot_description) by extension 'ignore'
[2.866s] Level 1:colcon.colcon_core.package_identification:_identify(src/ebot_description) by extension 'ignore_ament_install'
[2.866s] Level 1:colcon.colcon_core.package_identification:_identify(src/ebot_description) by extensions ['colcon_pkg']
[2.866s] Level 1:colcon.colcon_core.package_identification:_identify(src/ebot_description) by extension 'colcon_pkg'
[2.867s] Level 1:colcon.colcon_core.package_identification:_identify(src/ebot_description) by extensions ['colcon_meta']
[2.867s] Level 1:colcon.colcon_core.package_identification:_identify(src/ebot_description) by extension 'colcon_meta'
[2.867s] Level 1:colcon.colcon_core.package_identification:_identify(src/ebot_description) by extensions ['ros']
[2.867s] Level 1:colcon.colcon_core.package_identification:_identify(src/ebot_description) by extension 'ros'
[2.883s] DEBUG:colcon.colcon_core.package_identification:Package 'src/ebot_description' with type 'ros.ament_cmake' and name 'ebot_description'
[2.883s] Level 1:colcon.colcon_core.package_identification:_identify(src/eyantra_warehouse) by extensions ['ignore', 'ignore_ament_install']
[2.883s] Level 1:colcon.colcon_core.package_identification:_identify(src/eyantra_warehouse) by extension 'ignore'
[2.883s] Level 1:colcon.colcon_core.package_identification:_identify(src/eyantra_warehouse) by extension 'ignore_ament_install'
[2.884s] Level 1:colcon.colcon_core.package_identification:_identify(src/eyantra_warehouse) by extensions ['colcon_pkg']
[2.884s] Level 1:colcon.colcon_core.package_identification:_identify(src/eyantra_warehouse) by extension 'colcon_pkg'
[2.884s] Level 1:colcon.colcon_core.package_identification:_identify(src/eyantra_warehouse) by extensions ['colcon_meta']
[2.884s] Level 1:colcon.colcon_core.package_identification:_identify(src/eyantra_warehouse) by extension 'colcon_meta'
[2.884s] Level 1:colcon.colcon_core.package_identification:_identify(src/eyantra_warehouse) by extensions ['ros']
[2.884s] Level 1:colcon.colcon_core.package_identification:_identify(src/eyantra_warehouse) by extension 'ros'
[2.886s] DEBUG:colcon.colcon_core.package_identification:Package 'src/eyantra_warehouse' with type 'ros.ament_cmake' and name 'eyantra_warehouse'
[2.887s] Level 1:colcon.colcon_core.package_identification:_identify(src/linkattacher_msgs) by extensions ['ignore', 'ignore_ament_install']
[2.887s] Level 1:colcon.colcon_core.package_identification:_identify(src/linkattacher_msgs) by extension 'ignore'
[2.887s] Level 1:colcon.colcon_core.package_identification:_identify(src/linkattacher_msgs) by extension 'ignore_ament_install'
[2.887s] Level 1:colcon.colcon_core.package_identification:_identify(src/linkattacher_msgs) by extensions ['colcon_pkg']
[2.887s] Level 1:colcon.colcon_core.package_identification:_identify(src/linkattacher_msgs) by extension 'colcon_pkg'
[2.887s] Level 1:colcon.colcon_core.package_identification:_identify(src/linkattacher_msgs) by extensions ['colcon_meta']
[2.887s] Level 1:colcon.colcon_core.package_identification:_identify(src/linkattacher_msgs) by extension 'colcon_meta'
[2.887s] Level 1:colcon.colcon_core.package_identification:_identify(src/linkattacher_msgs) by extensions ['ros']
[2.887s] Level 1:colcon.colcon_core.package_identification:_identify(src/linkattacher_msgs) by extension 'ros'
[2.892s] DEBUG:colcon.colcon_core.package_identification:Package 'src/linkattacher_msgs' with type 'ros.ament_cmake' and name 'linkattacher_msgs'
[2.893s] Level 1:colcon.colcon_core.package_identification:_identify(src/ur5_control) by extensions ['ignore', 'ignore_ament_install']
[2.893s] Level 1:colcon.colcon_core.package_identification:_identify(src/ur5_control) by extension 'ignore'
[2.894s] Level 1:colcon.colcon_core.package_identification:_identify(src/ur5_control) by extension 'ignore_ament_install'
[2.894s] Level 1:colcon.colcon_core.package_identification:_identify(src/ur5_control) by extensions ['colcon_pkg']
[2.895s] Level 1:colcon.colcon_core.package_identification:_identify(src/ur5_control) by extension 'colcon_pkg'
[2.895s] Level 1:colcon.colcon_core.package_identification:_identify(src/ur5_control) by extensions ['colcon_meta']
[2.895s] Level 1:colcon.colcon_core.package_identification:_identify(src/ur5_control) by extension 'colcon_meta'
[2.895s] Level 1:colcon.colcon_core.package_identification:_identify(src/ur5_control) by extensions ['ros']
[2.895s] Level 1:colcon.colcon_core.package_identification:_identify(src/ur5_control) by extension 'ros'
[2.899s] DEBUG:colcon.colcon_core.package_identification:Package 'src/ur5_control' with type 'ros.ament_cmake' and name 'ur5_control'
[2.899s] Level 1:colcon.colcon_core.package_identification:_identify(src/ur_description) by extensions ['ignore', 'ignore_ament_install']
[2.900s] Level 1:colcon.colcon_core.package_identification:_identify(src/ur_description) by extension 'ignore'
[2.900s] Level 1:colcon.colcon_core.package_identification:_identify(src/ur_description) by extension 'ignore_ament_install'
[2.901s] Level 1:colcon.colcon_core.package_identification:_identify(src/ur_description) by extensions ['colcon_pkg']
[2.901s] Level 1:colcon.colcon_core.package_identification:_identify(src/ur_description) by extension 'colcon_pkg'
[2.902s] Level 1:colcon.colcon_core.package_identification:_identify(src/ur_description) by extensions ['colcon_meta']
[2.902s] Level 1:colcon.colcon_core.package_identification:_identify(src/ur_description) by extension 'colcon_meta'
[2.902s] Level 1:colcon.colcon_core.package_identification:_identify(src/ur_description) by extensions ['ros']
[2.902s] Level 1:colcon.colcon_core.package_identification:_identify(src/ur_description) by extension 'ros'
[2.905s] DEBUG:colcon.colcon_core.package_identification:Package 'src/ur_description' with type 'ros.ament_cmake' and name 'ur_description'
[2.906s] Level 1:colcon.colcon_core.package_identification:_identify(src/ur_simulation_gz) by extensions ['ignore', 'ignore_ament_install']
[2.906s] Level 1:colcon.colcon_core.package_identification:_identify(src/ur_simulation_gz) by extension 'ignore'
[2.906s] Level 1:colcon.colcon_core.package_identification:_identify(src/ur_simulation_gz) by extension 'ignore_ament_install'
[2.906s] Level 1:colcon.colcon_core.package_identification:_identify(src/ur_simulation_gz) by extensions ['colcon_pkg']
[2.906s] Level 1:colcon.colcon_core.package_identification:_identify(src/ur_simulation_gz) by extension 'colcon_pkg'
[2.906s] Level 1:colcon.colcon_core.package_identification:_identify(src/ur_simulation_gz) by extensions ['colcon_meta']
[2.906s] Level 1:colcon.colcon_core.package_identification:_identify(src/ur_simulation_gz) by extension 'colcon_meta'
[2.906s] Level 1:colcon.colcon_core.package_identification:_identify(src/ur_simulation_gz) by extensions ['ros']
[2.907s] Level 1:colcon.colcon_core.package_identification:_identify(src/ur_simulation_gz) by extension 'ros'
[2.909s] DEBUG:colcon.colcon_core.package_identification:Package 'src/ur_simulation_gz' with type 'ros.ament_cmake' and name 'ur_simulation_gz'
[2.909s] Level 1:colcon.colcon_core.package_discovery:discover_packages(recursive) using defaults
[2.909s] Level 1:colcon.colcon_core.package_discovery:discover_packages(ignore) discover
[2.909s] Level 1:colcon.colcon_core.package_discovery:discover_packages(ignore) using defaults
[2.909s] Level 1:colcon.colcon_core.package_discovery:discover_packages(path) discover
[2.909s] Level 1:colcon.colcon_core.package_discovery:discover_packages(path) using defaults
[3.000s] INFO:colcon.colcon_core.package_selection:Skipping not selected package 'ebot_description' in 'src/ebot_description'
[3.001s] INFO:colcon.colcon_core.package_selection:Skipping not selected package 'eyantra_warehouse' in 'src/eyantra_warehouse'
[3.001s] INFO:colcon.colcon_core.package_selection:Skipping not selected package 'linkattacher_msgs' in 'src/linkattacher_msgs'
[3.001s] INFO:colcon.colcon_core.package_selection:Skipping not selected package 'ur_description' in 'src/ur_description'
[3.001s] INFO:colcon.colcon_core.package_selection:Skipping not selected package 'ur_simulation_gz' in 'src/ur_simulation_gz'
[3.004s] Level 1:colcon.colcon_core.package_discovery:discover_packages(prefix_path) check parameters
[3.004s] Level 1:colcon.colcon_core.package_discovery:discover_packages(prefix_path) discover
[3.027s] DEBUG:colcon.colcon_installed_package_information.package_discovery:Found 6 installed packages in /home/kasinath/colcon_ws/install
[3.045s] DEBUG:colcon.colcon_installed_package_information.package_discovery:Found 515 installed packages in /opt/ros/humble
[3.059s] Level 1:colcon.colcon_core.package_discovery:discover_packages(prefix_path) using defaults
[4.724s] Level 5:colcon.colcon_core.verb:set package 'ur5_control' build argument 'bazel_args' from command line to 'None'
[4.724s] Level 5:colcon.colcon_core.verb:set package 'ur5_control' build argument 'bazel_task' from command line to 'None'
[4.724s] Level 5:colcon.colcon_core.verb:set package 'ur5_control' build argument 'cmake_args' from command line to 'None'
[4.724s] Level 5:colcon.colcon_core.verb:set package 'ur5_control' build argument 'cmake_target' from command line to 'None'
[4.724s] Level 5:colcon.colcon_core.verb:set package 'ur5_control' build argument 'cmake_target_skip_unavailable' from command line to 'False'
[4.724s] Level 5:colcon.colcon_core.verb:set package 'ur5_control' build argument 'cmake_clean_cache' from command line to 'False'
[4.724s] Level 5:colcon.colcon_core.verb:set package 'ur5_control' build argument 'cmake_clean_first' from command line to 'False'
[4.724s] Level 5:colcon.colcon_core.verb:set package 'ur5_control' build argument 'cmake_force_configure' from command line to 'False'
[4.724s] Level 5:colcon.colcon_core.verb:set package 'ur5_control' build argument 'meson_args' from command line to '[]'
[4.724s] Level 5:colcon.colcon_core.verb:set package 'ur5_control' build argument 'ament_cmake_args' from command line to 'None'
[4.724s] Level 5:colcon.colcon_core.verb:set package 'ur5_control' build argument 'catkin_cmake_args' from command line to 'None'
[4.724s] Level 5:colcon.colcon_core.verb:set package 'ur5_control' build argument 'catkin_skip_building_tests' from command line to 'False'
[4.724s] DEBUG:colcon.colcon_core.verb:Building package 'ur5_control' with the following arguments: {'ament_cmake_args': None, 'bazel_args': None, 'bazel_task': None, 'build_base': '/home/kasinath/colcon_ws/build/ur5_control', 'catkin_cmake_args': None, 'catkin_skip_building_tests': False, 'cmake_args': None, 'cmake_clean_cache': False, 'cmake_clean_first': False, 'cmake_force_configure': False, 'cmake_target': None, 'cmake_target_skip_unavailable': False, 'install_base': '/home/kasinath/colcon_ws/install/ur5_control', 'merge_install': False, 'meson_args': [], 'path': '/home/kasinath/colcon_ws/src/ur5_control', 'symlink_install': False, 'test_result_base': None}
[4.725s] INFO:colcon.colcon_core.executor:Executing jobs using 'parallel' executor
[4.727s] DEBUG:colcon.colcon_parallel_executor.executor.parallel:run_until_complete
[4.727s] INFO:colcon.colcon_ros.task.ament_cmake.build:Building ROS package in '/home/kasinath/colcon_ws/src/ur5_control' with build type 'ament_cmake'
[4.727s] INFO:colcon.colcon_cmake.task.cmake.build:Building CMake package in '/home/kasinath/colcon_ws/src/ur5_control'
[4.750s] INFO:colcon.colcon_core.plugin_system:Skipping extension 'colcon_core.shell.bat': Not used on non-Windows systems
[4.751s] DEBUG:colcon.colcon_ros_domain_id_coordinator.shell.ros_domain_id:Allocated ROS_DOMAIN_ID=70 for '/home/kasinath/colcon_ws/build/ur5_control'
[4.751s] INFO:colcon.colcon_core.shell:Skip shell extension 'ros_domain_id' for command environment: 
[4.751s] INFO:colcon.colcon_core.shell:Skip shell extension 'powershell' for command environment: Not usable outside of PowerShell
[4.751s] DEBUG:colcon.colcon_core.shell:Skip shell extension 'dsv' for command environment
[4.796s] DEBUG:colcon.colcon_core.event_handler.log_command:Invoking command in '/home/kasinath/colcon_ws/build/ur5_control': CMAKE_PREFIX_PATH=${CMAKE_PREFIX_PATH}:/opt/ros/humble /usr/bin/cmake --build /home/kasinath/colcon_ws/build/ur5_control -- -j4 -l4
[5.181s] DEBUG:colcon.colcon_core.event_handler.log_command:Invoked command in '/home/kasinath/colcon_ws/build/ur5_control' returned '0': CMAKE_PREFIX_PATH=${CMAKE_PREFIX_PATH}:/opt/ros/humble /usr/bin/cmake --build /home/kasinath/colcon_ws/build/ur5_control -- -j4 -l4
[5.210s] DEBUG:colcon.colcon_core.event_handler.log_command:Invoking command in '/home/kasinath/colcon_ws/build/ur5_control': CMAKE_PREFIX_PATH=${CMAKE_PREFIX_PATH}:/opt/ros/humble /usr/bin/cmake --install /home/kasinath/colcon_ws/build/ur5_control
[5.259s] Level 1:colcon.colcon_core.environment:create_environment_scripts_only(ur5_control)
[5.261s] DEBUG:colcon.colcon_core.event_handler.log_command:Invoked command in '/home/kasinath/colcon_ws/build/ur5_control' returned '0': CMAKE_PREFIX_PATH=${CMAKE_PREFIX_PATH}:/opt/ros/humble /usr/bin/cmake --install /home/kasinath/colcon_ws/build/ur5_control
[5.282s] Level 1:colcon.colcon_core.environment:checking '/home/kasinath/colcon_ws/install/ur5_control' for CMake module files
[5.289s] Level 1:colcon.colcon_core.environment:checking '/home/kasinath/colcon_ws/install/ur5_control' for CMake config files
[5.293s] Level 1:colcon.colcon_core.shell:create_environment_hook('ur5_control', 'cmake_prefix_path')
[5.294s] INFO:colcon.colcon_core.shell:Creating environment hook '/home/kasinath/colcon_ws/install/ur5_control/share/ur5_control/hook/cmake_prefix_path.ps1'
[5.298s] INFO:colcon.colcon_core.shell:Creating environment descriptor '/home/kasinath/colcon_ws/install/ur5_control/share/ur5_control/hook/cmake_prefix_path.dsv'
[5.300s] INFO:colcon.colcon_core.shell:Creating environment hook '/home/kasinath/colcon_ws/install/ur5_control/share/ur5_control/hook/cmake_prefix_path.sh'
[5.304s] Level 1:colcon.colcon_core.environment:checking '/home/kasinath/colcon_ws/install/ur5_control/lib'
[5.305s] Level 1:colcon.colcon_core.environment:checking '/home/kasinath/colcon_ws/install/ur5_control/bin'
[5.305s] Level 1:colcon.colcon_core.environment:checking '/home/kasinath/colcon_ws/install/ur5_control/lib/pkgconfig/ur5_control.pc'
[5.305s] Level 1:colcon.colcon_core.environment:checking '/home/kasinath/colcon_ws/install/ur5_control/lib/python3.10/site-packages'
[5.306s] Level 1:colcon.colcon_core.environment:checking '/home/kasinath/colcon_ws/install/ur5_control/bin'
[5.306s] INFO:colcon.colcon_core.shell:Creating package script '/home/kasinath/colcon_ws/install/ur5_control/share/ur5_control/package.ps1'
[5.308s] INFO:colcon.colcon_core.shell:Creating package descriptor '/home/kasinath/colcon_ws/install/ur5_control/share/ur5_control/package.dsv'
[5.314s] INFO:colcon.colcon_core.shell:Creating package script '/home/kasinath/colcon_ws/install/ur5_control/share/ur5_control/package.sh'
[5.317s] INFO:colcon.colcon_core.shell:Creating package script '/home/kasinath/colcon_ws/install/ur5_control/share/ur5_control/package.bash'
[5.323s] INFO:colcon.colcon_core.shell:Creating package script '/home/kasinath/colcon_ws/install/ur5_control/share/ur5_control/package.zsh'
[5.325s] Level 1:colcon.colcon_core.environment:create_file_with_runtime_dependencies(/home/kasinath/colcon_ws/install/ur5_control/share/colcon-core/packages/ur5_control)
[5.327s] Level 1:colcon.colcon_core.environment:create_environment_scripts_only(ur5_control)
[5.329s] Level 1:colcon.colcon_core.environment:checking '/home/kasinath/colcon_ws/install/ur5_control' for CMake module files
[5.330s] Level 1:colcon.colcon_core.environment:checking '/home/kasinath/colcon_ws/install/ur5_control' for CMake config files
[5.331s] Level 1:colcon.colcon_core.shell:create_environment_hook('ur5_control', 'cmake_prefix_path')
[5.331s] INFO:colcon.colcon_core.shell:Creating environment hook '/home/kasinath/colcon_ws/install/ur5_control/share/ur5_control/hook/cmake_prefix_path.ps1'
[5.334s] INFO:colcon.colcon_core.shell:Creating environment descriptor '/home/kasinath/colcon_ws/install/ur5_control/share/ur5_control/hook/cmake_prefix_path.dsv'
[5.334s] INFO:colcon.colcon_core.shell:Creating environment hook '/home/kasinath/colcon_ws/install/ur5_control/share/ur5_control/hook/cmake_prefix_path.sh'
[5.335s] Level 1:colcon.colcon_core.environment:checking '/home/kasinath/colcon_ws/install/ur5_control/lib'
[5.336s] Level 1:colcon.colcon_core.environment:checking '/home/kasinath/colcon_ws/install/ur5_control/bin'
[5.338s] Level 1:colcon.colcon_core.environment:checking '/home/kasinath/colcon_ws/install/ur5_control/lib/pkgconfig/ur5_control.pc'
[5.338s] Level 1:colcon.colcon_core.environment:checking '/home/kasinath/colcon_ws/install/ur5_control/lib/python3.10/site-packages'
[5.339s] Level 1:colcon.colcon_core.environment:checking '/home/kasinath/colcon_ws/install/ur5_control/bin'
[5.339s] INFO:colcon.colcon_core.shell:Creating package script '/home/kasinath/colcon_ws/install/ur5_control/share/ur5_control/package.ps1'
[5.341s] INFO:colcon.colcon_core.shell:Creating package descriptor '/home/kasinath/colcon_ws/install/ur5_control/share/ur5_control/package.dsv'
[5.343s] INFO:colcon.colcon_core.shell:Creating package script '/home/kasinath/colcon_ws/install/ur5_control/share/ur5_control/package.sh'
[5.347s] INFO:colcon.colcon_core.shell:Creating package script '/home/kasinath/colcon_ws/install/ur5_control/share/ur5_control/package.bash'
[5.350s] INFO:colcon.colcon_core.shell:Creating package script '/home/kasinath/colcon_ws/install/ur5_control/share/ur5_control/package.zsh'
[5.352s] Level 1:colcon.colcon_core.environment:create_file_with_runtime_dependencies(/home/kasinath/colcon_ws/install/ur5_control/share/colcon-core/packages/ur5_control)
[5.353s] DEBUG:colcon.colcon_parallel_executor.executor.parallel:closing loop
[5.353s] DEBUG:colcon.colcon_parallel_executor.executor.parallel:loop closed
[5.353s] DEBUG:colcon.colcon_parallel_executor.executor.parallel:run_until_complete finished with '0'
[5.353s] DEBUG:colcon.colcon_core.event_reactor:joining thread
[5.355s] DEBUG:colcon.colcon_ros_domain_id_coordinator.shell.ros_domain_id:Released ROS_DOMAIN_ID=70 for '/home/kasinath/colcon_ws/build/ur5_control'
[5.404s] INFO:colcon.colcon_core.plugin_system:Skipping extension 'colcon_notification.desktop_notification.terminal_notifier': Not used on non-Darwin systems
[5.405s] INFO:colcon.colcon_core.plugin_system:Skipping extension 'colcon_notification.desktop_notification.win32': Not used on non-Windows systems
[5.405s] INFO:colcon.colcon_notification.desktop_notification:Sending desktop notification using 'notify2'
[5.508s] DEBUG:colcon.colcon_core.event_reactor:joined thread
[5.509s] INFO:colcon.colcon_core.shell:Creating prefix script '/home/kasinath/colcon_ws/install/local_setup.ps1'
[5.519s] INFO:colcon.colcon_core.shell:Creating prefix util module '/home/kasinath/colcon_ws/install/_local_setup_util_ps1.py'
[5.530s] INFO:colcon.colcon_core.shell:Creating prefix chain script '/home/kasinath/colcon_ws/install/setup.ps1'
[5.540s] INFO:colcon.colcon_core.shell:Creating prefix script '/home/kasinath/colcon_ws/install/local_setup.sh'
[5.546s] INFO:colcon.colcon_core.shell:Creating prefix util module '/home/kasinath/colcon_ws/install/_local_setup_util_sh.py'
[5.554s] INFO:colcon.colcon_core.shell:Creating prefix chain script '/home/kasinath/colcon_ws/install/setup.sh'
[5.563s] INFO:colcon.colcon_core.shell:Creating prefix script '/home/kasinath/colcon_ws/install/local_setup.bash'
[5.568s] INFO:colcon.colcon_core.shell:Creating prefix chain script '/home/kasinath/colcon_ws/install/setup.bash'
[5.577s] INFO:colcon.colcon_core.shell:Creating prefix script '/home/kasinath/colcon_ws/install/local_setup.zsh'
[5.582s] INFO:colcon.colcon_core.shell:Creating prefix chain script '/home/kasinath/colcon_ws/install/setup.zsh'
[5.586s] INFO:colcon.colcon_core.shell:Creating '/home/kasinath/colcon_ws/install/spawn_shell.bash'
